{"/Users/martintang/Desktop/Github/TempestMap/backend/app.js": {"path":"/Users/martintang/Desktop/Github/TempestMap/backend/app.js","statementMap":{"0":{"start":{"line":1,"column":16},"end":{"line":1,"column":34}},"1":{"start":{"line":2,"column":12},"end":{"line":2,"column":21}},"2":{"start":{"line":4,"column":0},"end":{"line":4,"column":24}},"3":{"start":{"line":7,"column":20},"end":{"line":7,"column":45}},"4":{"start":{"line":8,"column":20},"end":{"line":8,"column":46}},"5":{"start":{"line":9,"column":22},"end":{"line":9,"column":49}},"6":{"start":{"line":10,"column":23},"end":{"line":10,"column":51}},"7":{"start":{"line":11,"column":20},"end":{"line":11,"column":45}},"8":{"start":{"line":13,"column":0},"end":{"line":13,"column":26}},"9":{"start":{"line":14,"column":0},"end":{"line":14,"column":31}},"10":{"start":{"line":15,"column":0},"end":{"line":15,"column":39}},"11":{"start":{"line":16,"column":0},"end":{"line":16,"column":40}},"12":{"start":{"line":17,"column":0},"end":{"line":17,"column":36}},"13":{"start":{"line":18,"column":0},"end":{"line":18,"column":30}},"14":{"start":{"line":20,"column":0},"end":{"line":20,"column":21}}},"fnMap":{},"branchMap":{},"s":{"0":1,"1":1,"2":1,"3":1,"4":1,"5":1,"6":1,"7":1,"8":1,"9":1,"10":1,"11":1,"12":1,"13":1,"14":1},"f":{},"b":{},"_coverageSchema":"1a1c01bbd47fc00a2c39e90264f33305004495a9","hash":"b6b0a54341cf676868b949b18256c0c9a6888f04"}
,"/Users/martintang/Desktop/Github/TempestMap/backend/config/aws.js": {"path":"/Users/martintang/Desktop/Github/TempestMap/backend/config/aws.js","statementMap":{"0":{"start":{"line":1,"column":12},"end":{"line":1,"column":30}},"1":{"start":{"line":2,"column":0},"end":{"line":2,"column":64}},"2":{"start":{"line":4,"column":0},"end":{"line":4,"column":54}},"3":{"start":{"line":5,"column":17},"end":{"line":5,"column":50}},"4":{"start":{"line":7,"column":0},"end":{"line":7,"column":26}}},"fnMap":{},"branchMap":{},"s":{"0":1,"1":1,"2":1,"3":1,"4":1},"f":{},"b":{},"_coverageSchema":"1a1c01bbd47fc00a2c39e90264f33305004495a9","hash":"56901a244453ebffa830b959815094c35e8f9e44"}
,"/Users/martintang/Desktop/Github/TempestMap/backend/config/firebase.js": {"path":"/Users/martintang/Desktop/Github/TempestMap/backend/config/firebase.js","statementMap":{"0":{"start":{"line":1,"column":46},"end":{"line":1,"column":75}},"1":{"start":{"line":2,"column":25},"end":{"line":2,"column":60}},"2":{"start":{"line":4,"column":20},"end":{"line":6,"column":2}},"3":{"start":{"line":8,"column":0},"end":{"line":8,"column":47}}},"fnMap":{},"branchMap":{},"s":{"0":1,"1":1,"2":1,"3":1},"f":{},"b":{},"_coverageSchema":"1a1c01bbd47fc00a2c39e90264f33305004495a9","hash":"72a02212e867c9a1016da46665ce9540352f892f"}
,"/Users/martintang/Desktop/Github/TempestMap/backend/controllers/commentsController.js": {"path":"/Users/martintang/Desktop/Github/TempestMap/backend/controllers/commentsController.js","statementMap":{"0":{"start":{"line":1,"column":17},"end":{"line":1,"column":41}},"1":{"start":{"line":2,"column":23},"end":{"line":2,"column":38}},"2":{"start":{"line":4,"column":0},"end":{"line":59,"column":2}},"3":{"start":{"line":5,"column":15},"end":{"line":5,"column":46}},"4":{"start":{"line":6,"column":13},"end":{"line":6,"column":26}},"5":{"start":{"line":7,"column":18},"end":{"line":7,"column":55}},"6":{"start":{"line":8,"column":15},"end":{"line":8,"column":46}},"7":{"start":{"line":10,"column":2},"end":{"line":15,"column":3}},"8":{"start":{"line":11,"column":4},"end":{"line":14,"column":7}},"9":{"start":{"line":18,"column":2},"end":{"line":24,"column":3}},"10":{"start":{"line":19,"column":4},"end":{"line":19,"column":25}},"11":{"start":{"line":20,"column":9},"end":{"line":24,"column":3}},"12":{"start":{"line":21,"column":4},"end":{"line":21,"column":26}},"13":{"start":{"line":23,"column":4},"end":{"line":23,"column":65}},"14":{"start":{"line":26,"column":21},"end":{"line":31,"column":3}},"15":{"start":{"line":33,"column":17},"end":{"line":44,"column":3}},"16":{"start":{"line":46,"column":2},"end":{"line":58,"column":3}},"17":{"start":{"line":47,"column":19},"end":{"line":47,"column":58}},"18":{"start":{"line":48,"column":4},"end":{"line":52,"column":7}},"19":{"start":{"line":54,"column":4},"end":{"line":54,"column":50}},"20":{"start":{"line":55,"column":4},"end":{"line":57,"column":72}},"21":{"start":{"line":61,"column":0},"end":{"line":87,"column":2}},"22":{"start":{"line":62,"column":23},"end":{"line":62,"column":33}},"23":{"start":{"line":63,"column":2},"end":{"line":67,"column":3}},"24":{"start":{"line":64,"column":4},"end":{"line":66,"column":65}},"25":{"start":{"line":69,"column":2},"end":{"line":86,"column":3}},"26":{"start":{"line":70,"column":19},"end":{"line":74,"column":5}},"27":{"start":{"line":75,"column":19},"end":{"line":75,"column":55}},"28":{"start":{"line":76,"column":4},"end":{"line":78,"column":5}},"29":{"start":{"line":77,"column":6},"end":{"line":77,"column":65}},"30":{"start":{"line":79,"column":4},"end":{"line":82,"column":7}},"31":{"start":{"line":84,"column":4},"end":{"line":84,"column":55}},"32":{"start":{"line":85,"column":4},"end":{"line":85,"column":66}},"33":{"start":{"line":89,"column":0},"end":{"line":128,"column":2}},"34":{"start":{"line":90,"column":23},"end":{"line":90,"column":33}},"35":{"start":{"line":91,"column":21},"end":{"line":91,"column":64}},"36":{"start":{"line":92,"column":2},"end":{"line":96,"column":3}},"37":{"start":{"line":93,"column":4},"end":{"line":95,"column":74}},"38":{"start":{"line":98,"column":2},"end":{"line":127,"column":3}},"39":{"start":{"line":99,"column":22},"end":{"line":103,"column":5}},"40":{"start":{"line":104,"column":17},"end":{"line":104,"column":56}},"41":{"start":{"line":105,"column":4},"end":{"line":107,"column":5}},"42":{"start":{"line":106,"column":6},"end":{"line":106,"column":65}},"43":{"start":{"line":108,"column":21},"end":{"line":108,"column":45}},"44":{"start":{"line":109,"column":25},"end":{"line":109,"column":79}},"45":{"start":{"line":109,"column":51},"end":{"line":109,"column":78}},"46":{"start":{"line":110,"column":4},"end":{"line":112,"column":5}},"47":{"start":{"line":111,"column":6},"end":{"line":111,"column":67}},"48":{"start":{"line":113,"column":25},"end":{"line":118,"column":5}},"49":{"start":{"line":119,"column":25},"end":{"line":119,"column":70}},"50":{"start":{"line":120,"column":4},"end":{"line":123,"column":7}},"51":{"start":{"line":125,"column":4},"end":{"line":125,"column":52}},"52":{"start":{"line":126,"column":4},"end":{"line":126,"column":63}}},"fnMap":{"0":{"name":"(anonymous_0)","decl":{"start":{"line":4,"column":21},"end":{"line":4,"column":22}},"loc":{"start":{"line":4,"column":41},"end":{"line":59,"column":1}},"line":4},"1":{"name":"(anonymous_1)","decl":{"start":{"line":61,"column":22},"end":{"line":61,"column":23}},"loc":{"start":{"line":61,"column":42},"end":{"line":87,"column":1}},"line":61},"2":{"name":"(anonymous_2)","decl":{"start":{"line":89,"column":24},"end":{"line":89,"column":25}},"loc":{"start":{"line":89,"column":44},"end":{"line":128,"column":1}},"line":89},"3":{"name":"(anonymous_3)","decl":{"start":{"line":109,"column":44},"end":{"line":109,"column":45}},"loc":{"start":{"line":109,"column":51},"end":{"line":109,"column":78}},"line":109}},"branchMap":{"0":{"loc":{"start":{"line":5,"column":15},"end":{"line":5,"column":46}},"type":"binary-expr","locations":[{"start":{"line":5,"column":15},"end":{"line":5,"column":28}},{"start":{"line":5,"column":32},"end":{"line":5,"column":46}}],"line":5},"1":{"loc":{"start":{"line":7,"column":18},"end":{"line":7,"column":55}},"type":"binary-expr","locations":[{"start":{"line":7,"column":18},"end":{"line":7,"column":34}},{"start":{"line":7,"column":38},"end":{"line":7,"column":55}}],"line":7},"2":{"loc":{"start":{"line":8,"column":15},"end":{"line":8,"column":46}},"type":"binary-expr","locations":[{"start":{"line":8,"column":15},"end":{"line":8,"column":28}},{"start":{"line":8,"column":32},"end":{"line":8,"column":46}}],"line":8},"3":{"loc":{"start":{"line":10,"column":2},"end":{"line":15,"column":3}},"type":"if","locations":[{"start":{"line":10,"column":2},"end":{"line":15,"column":3}},{"start":{},"end":{}}],"line":10},"4":{"loc":{"start":{"line":10,"column":6},"end":{"line":10,"column":30}},"type":"binary-expr","locations":[{"start":{"line":10,"column":6},"end":{"line":10,"column":9}},{"start":{"line":10,"column":13},"end":{"line":10,"column":21}},{"start":{"line":10,"column":25},"end":{"line":10,"column":30}}],"line":10},"5":{"loc":{"start":{"line":18,"column":2},"end":{"line":24,"column":3}},"type":"if","locations":[{"start":{"line":18,"column":2},"end":{"line":24,"column":3}},{"start":{"line":20,"column":9},"end":{"line":24,"column":3}}],"line":18},"6":{"loc":{"start":{"line":20,"column":9},"end":{"line":24,"column":3}},"type":"if","locations":[{"start":{"line":20,"column":9},"end":{"line":24,"column":3}},{"start":{"line":22,"column":9},"end":{"line":24,"column":3}}],"line":20},"7":{"loc":{"start":{"line":29,"column":10},"end":{"line":29,"column":29}},"type":"binary-expr","locations":[{"start":{"line":29,"column":10},"end":{"line":29,"column":14}},{"start":{"line":29,"column":18},"end":{"line":29,"column":29}}],"line":29},"8":{"loc":{"start":{"line":63,"column":2},"end":{"line":67,"column":3}},"type":"if","locations":[{"start":{"line":63,"column":2},"end":{"line":67,"column":3}},{"start":{},"end":{}}],"line":63},"9":{"loc":{"start":{"line":76,"column":4},"end":{"line":78,"column":5}},"type":"if","locations":[{"start":{"line":76,"column":4},"end":{"line":78,"column":5}},{"start":{},"end":{}}],"line":76},"10":{"loc":{"start":{"line":81,"column":16},"end":{"line":81,"column":42}},"type":"binary-expr","locations":[{"start":{"line":81,"column":16},"end":{"line":81,"column":36}},{"start":{"line":81,"column":40},"end":{"line":81,"column":42}}],"line":81},"11":{"loc":{"start":{"line":91,"column":21},"end":{"line":91,"column":64}},"type":"binary-expr","locations":[{"start":{"line":91,"column":21},"end":{"line":91,"column":40}},{"start":{"line":91,"column":44},"end":{"line":91,"column":64}}],"line":91},"12":{"loc":{"start":{"line":92,"column":2},"end":{"line":96,"column":3}},"type":"if","locations":[{"start":{"line":92,"column":2},"end":{"line":96,"column":3}},{"start":{},"end":{}}],"line":92},"13":{"loc":{"start":{"line":92,"column":6},"end":{"line":92,"column":30}},"type":"binary-expr","locations":[{"start":{"line":92,"column":6},"end":{"line":92,"column":15}},{"start":{"line":92,"column":19},"end":{"line":92,"column":30}}],"line":92},"14":{"loc":{"start":{"line":105,"column":4},"end":{"line":107,"column":5}},"type":"if","locations":[{"start":{"line":105,"column":4},"end":{"line":107,"column":5}},{"start":{},"end":{}}],"line":105},"15":{"loc":{"start":{"line":108,"column":21},"end":{"line":108,"column":45}},"type":"binary-expr","locations":[{"start":{"line":108,"column":21},"end":{"line":108,"column":39}},{"start":{"line":108,"column":43},"end":{"line":108,"column":45}}],"line":108},"16":{"loc":{"start":{"line":110,"column":4},"end":{"line":112,"column":5}},"type":"if","locations":[{"start":{"line":110,"column":4},"end":{"line":112,"column":5}},{"start":{},"end":{}}],"line":110}},"s":{"0":1,"1":1,"2":1,"3":2,"4":2,"5":2,"6":2,"7":2,"8":1,"9":1,"10":1,"11":0,"12":0,"13":0,"14":1,"15":1,"16":1,"17":1,"18":0,"19":1,"20":1,"21":1,"22":2,"23":2,"24":0,"25":2,"26":2,"27":2,"28":1,"29":1,"30":0,"31":1,"32":1,"33":1,"34":4,"35":4,"36":4,"37":1,"38":3,"39":3,"40":3,"41":3,"42":1,"43":2,"44":2,"45":2,"46":2,"47":1,"48":1,"49":1,"50":0,"51":1,"52":1},"f":{"0":2,"1":2,"2":4,"3":2},"b":{"0":[2,1],"1":[2,1],"2":[2,2],"3":[1,1],"4":[2,2,1],"5":[1,0],"6":[0,0],"7":[1,1],"8":[0,2],"9":[1,0],"10":[0,0],"11":[4,1],"12":[1,3],"13":[4,4],"14":[1,2],"15":[2,0],"16":[1,1]},"_coverageSchema":"1a1c01bbd47fc00a2c39e90264f33305004495a9","hash":"5335d99e5ac0097d4f9573604d65c946bd8edfa5"}
,"/Users/martintang/Desktop/Github/TempestMap/backend/controllers/eventsController.js": {"path":"/Users/martintang/Desktop/Github/TempestMap/backend/controllers/eventsController.js","statementMap":{"0":{"start":{"line":1,"column":17},"end":{"line":1,"column":41}},"1":{"start":{"line":2,"column":14},"end":{"line":2,"column":30}},"2":{"start":{"line":3,"column":12},"end":{"line":3,"column":33}},"3":{"start":{"line":5,"column":0},"end":{"line":20,"column":2}},"4":{"start":{"line":6,"column":2},"end":{"line":19,"column":3}},"5":{"start":{"line":7,"column":19},"end":{"line":7,"column":41}},"6":{"start":{"line":8,"column":16},"end":{"line":8,"column":18}},"7":{"start":{"line":10,"column":4},"end":{"line":14,"column":43}},"8":{"start":{"line":11,"column":6},"end":{"line":11,"column":58}},"9":{"start":{"line":12,"column":6},"end":{"line":12,"column":46}},"10":{"start":{"line":13,"column":6},"end":{"line":13,"column":62}},"11":{"start":{"line":15,"column":4},"end":{"line":15,"column":44}},"12":{"start":{"line":17,"column":4},"end":{"line":17,"column":51}},"13":{"start":{"line":18,"column":4},"end":{"line":18,"column":61}},"14":{"start":{"line":22,"column":0},"end":{"line":47,"column":2}},"15":{"start":{"line":23,"column":2},"end":{"line":23,"column":50}},"16":{"start":{"line":24,"column":2},"end":{"line":46,"column":3}},"17":{"start":{"line":25,"column":24},"end":{"line":25,"column":62}},"18":{"start":{"line":26,"column":16},"end":{"line":26,"column":141}},"19":{"start":{"line":27,"column":4},"end":{"line":27,"column":50}},"20":{"start":{"line":29,"column":21},"end":{"line":29,"column":69}},"21":{"start":{"line":30,"column":20},"end":{"line":30,"column":22}},"22":{"start":{"line":32,"column":4},"end":{"line":42,"column":9}},"23":{"start":{"line":34,"column":28},"end":{"line":34,"column":46}},"24":{"start":{"line":36,"column":8},"end":{"line":36,"column":76}},"25":{"start":{"line":37,"column":8},"end":{"line":37,"column":26}},"26":{"start":{"line":40,"column":8},"end":{"line":40,"column":51}},"27":{"start":{"line":41,"column":8},"end":{"line":41,"column":70}},"28":{"start":{"line":44,"column":4},"end":{"line":44,"column":55}},"29":{"start":{"line":45,"column":4},"end":{"line":45,"column":66}}},"fnMap":{"0":{"name":"(anonymous_0)","decl":{"start":{"line":5,"column":20},"end":{"line":5,"column":21}},"loc":{"start":{"line":5,"column":40},"end":{"line":20,"column":1}},"line":5},"1":{"name":"(anonymous_1)","decl":{"start":{"line":22,"column":23},"end":{"line":22,"column":24}},"loc":{"start":{"line":22,"column":43},"end":{"line":47,"column":1}},"line":22},"2":{"name":"(anonymous_2)","decl":{"start":{"line":34,"column":18},"end":{"line":34,"column":19}},"loc":{"start":{"line":34,"column":28},"end":{"line":34,"column":46}},"line":34},"3":{"name":"(anonymous_3)","decl":{"start":{"line":35,"column":17},"end":{"line":35,"column":18}},"loc":{"start":{"line":35,"column":23},"end":{"line":38,"column":7}},"line":35},"4":{"name":"(anonymous_4)","decl":{"start":{"line":39,"column":19},"end":{"line":39,"column":20}},"loc":{"start":{"line":39,"column":30},"end":{"line":42,"column":7}},"line":39}},"branchMap":{},"s":{"0":1,"1":1,"2":1,"3":1,"4":1,"5":1,"6":1,"7":1,"8":1,"9":0,"10":0,"11":0,"12":1,"13":1,"14":1,"15":1,"16":1,"17":1,"18":1,"19":1,"20":1,"21":0,"22":0,"23":0,"24":0,"25":0,"26":0,"27":0,"28":1,"29":1},"f":{"0":1,"1":1,"2":0,"3":0,"4":0},"b":{},"_coverageSchema":"1a1c01bbd47fc00a2c39e90264f33305004495a9","hash":"4355192b623c5624a5d410e4e21be7f90b811212"}
,"/Users/martintang/Desktop/Github/TempestMap/backend/controllers/indexController.js": {"path":"/Users/martintang/Desktop/Github/TempestMap/backend/controllers/indexController.js","statementMap":{"0":{"start":{"line":1,"column":30},"end":{"line":1,"column":68}},"1":{"start":{"line":3,"column":0},"end":{"line":5,"column":2}},"2":{"start":{"line":4,"column":2},"end":{"line":4,"column":47}},"3":{"start":{"line":7,"column":0},"end":{"line":16,"column":2}},"4":{"start":{"line":8,"column":2},"end":{"line":15,"column":3}},"5":{"start":{"line":9,"column":4},"end":{"line":9,"column":30}},"6":{"start":{"line":10,"column":4},"end":{"line":12,"column":64}},"7":{"start":{"line":14,"column":4},"end":{"line":14,"column":68}}},"fnMap":{"0":{"name":"(anonymous_0)","decl":{"start":{"line":3,"column":15},"end":{"line":3,"column":16}},"loc":{"start":{"line":3,"column":29},"end":{"line":5,"column":1}},"line":3},"1":{"name":"(anonymous_1)","decl":{"start":{"line":7,"column":19},"end":{"line":7,"column":20}},"loc":{"start":{"line":7,"column":39},"end":{"line":16,"column":1}},"line":7}},"branchMap":{},"s":{"0":1,"1":1,"2":0,"3":1,"4":1,"5":1,"6":0,"7":1},"f":{"0":0,"1":1},"b":{},"_coverageSchema":"1a1c01bbd47fc00a2c39e90264f33305004495a9","hash":"275c2de29d9c4c7e91af46441af978e7fa07f723"}
,"/Users/martintang/Desktop/Github/TempestMap/backend/controllers/markersController.js": {"path":"/Users/martintang/Desktop/Github/TempestMap/backend/controllers/markersController.js","statementMap":{"0":{"start":{"line":1,"column":17},"end":{"line":1,"column":41}},"1":{"start":{"line":2,"column":23},"end":{"line":2,"column":38}},"2":{"start":{"line":4,"column":0},"end":{"line":43,"column":2}},"3":{"start":{"line":5,"column":20},"end":{"line":5,"column":59}},"4":{"start":{"line":6,"column":15},"end":{"line":6,"column":46}},"5":{"start":{"line":7,"column":19},"end":{"line":7,"column":58}},"6":{"start":{"line":8,"column":20},"end":{"line":8,"column":61}},"7":{"start":{"line":9,"column":22},"end":{"line":9,"column":67}},"8":{"start":{"line":10,"column":19},"end":{"line":10,"column":64}},"9":{"start":{"line":12,"column":2},"end":{"line":16,"column":3}},"10":{"start":{"line":13,"column":4},"end":{"line":15,"column":76}},"11":{"start":{"line":18,"column":24},"end":{"line":26,"column":3}},"12":{"start":{"line":28,"column":17},"end":{"line":31,"column":3}},"13":{"start":{"line":33,"column":2},"end":{"line":42,"column":3}},"14":{"start":{"line":34,"column":4},"end":{"line":34,"column":41}},"15":{"start":{"line":35,"column":4},"end":{"line":38,"column":7}},"16":{"start":{"line":40,"column":4},"end":{"line":40,"column":56}},"17":{"start":{"line":41,"column":4},"end":{"line":41,"column":66}},"18":{"start":{"line":45,"column":0},"end":{"line":65,"column":2}},"19":{"start":{"line":46,"column":17},"end":{"line":46,"column":45}},"20":{"start":{"line":47,"column":2},"end":{"line":64,"column":3}},"21":{"start":{"line":48,"column":19},"end":{"line":48,"column":56}},"22":{"start":{"line":49,"column":20},"end":{"line":57,"column":7}},"23":{"start":{"line":49,"column":48},"end":{"line":57,"column":5}},"24":{"start":{"line":58,"column":4},"end":{"line":58,"column":38}},"25":{"start":{"line":60,"column":4},"end":{"line":60,"column":52}},"26":{"start":{"line":61,"column":4},"end":{"line":63,"column":74}}},"fnMap":{"0":{"name":"(anonymous_0)","decl":{"start":{"line":4,"column":27},"end":{"line":4,"column":28}},"loc":{"start":{"line":4,"column":47},"end":{"line":43,"column":1}},"line":4},"1":{"name":"(anonymous_1)","decl":{"start":{"line":45,"column":25},"end":{"line":45,"column":26}},"loc":{"start":{"line":45,"column":45},"end":{"line":65,"column":1}},"line":45},"2":{"name":"(anonymous_2)","decl":{"start":{"line":49,"column":37},"end":{"line":49,"column":38}},"loc":{"start":{"line":49,"column":48},"end":{"line":57,"column":5}},"line":49}},"branchMap":{"0":{"loc":{"start":{"line":5,"column":20},"end":{"line":5,"column":59}},"type":"binary-expr","locations":[{"start":{"line":5,"column":20},"end":{"line":5,"column":31}},{"start":{"line":5,"column":35},"end":{"line":5,"column":47}},{"start":{"line":5,"column":51},"end":{"line":5,"column":59}}],"line":5},"1":{"loc":{"start":{"line":6,"column":15},"end":{"line":6,"column":46}},"type":"binary-expr","locations":[{"start":{"line":6,"column":15},"end":{"line":6,"column":28}},{"start":{"line":6,"column":32},"end":{"line":6,"column":46}}],"line":6},"2":{"loc":{"start":{"line":7,"column":19},"end":{"line":7,"column":58}},"type":"binary-expr","locations":[{"start":{"line":7,"column":19},"end":{"line":7,"column":36}},{"start":{"line":7,"column":40},"end":{"line":7,"column":58}}],"line":7},"3":{"loc":{"start":{"line":8,"column":20},"end":{"line":8,"column":61}},"type":"binary-expr","locations":[{"start":{"line":8,"column":20},"end":{"line":8,"column":38}},{"start":{"line":8,"column":42},"end":{"line":8,"column":61}}],"line":8},"4":{"loc":{"start":{"line":9,"column":22},"end":{"line":9,"column":67}},"type":"binary-expr","locations":[{"start":{"line":9,"column":22},"end":{"line":9,"column":42}},{"start":{"line":9,"column":46},"end":{"line":9,"column":67}}],"line":9},"5":{"loc":{"start":{"line":10,"column":19},"end":{"line":10,"column":64}},"type":"binary-expr","locations":[{"start":{"line":10,"column":19},"end":{"line":10,"column":36}},{"start":{"line":10,"column":40},"end":{"line":10,"column":58}},{"start":{"line":10,"column":62},"end":{"line":10,"column":64}}],"line":10},"6":{"loc":{"start":{"line":12,"column":2},"end":{"line":16,"column":3}},"type":"if","locations":[{"start":{"line":12,"column":2},"end":{"line":16,"column":3}},{"start":{},"end":{}}],"line":12},"7":{"loc":{"start":{"line":12,"column":6},"end":{"line":12,"column":54}},"type":"binary-expr","locations":[{"start":{"line":12,"column":6},"end":{"line":12,"column":11}},{"start":{"line":12,"column":15},"end":{"line":12,"column":24}},{"start":{"line":12,"column":28},"end":{"line":12,"column":38}},{"start":{"line":12,"column":42},"end":{"line":12,"column":54}}],"line":12},"8":{"loc":{"start":{"line":24,"column":14},"end":{"line":24,"column":53}},"type":"cond-expr","locations":[{"start":{"line":24,"column":40},"end":{"line":24,"column":48}},{"start":{"line":24,"column":51},"end":{"line":24,"column":53}}],"line":24},"9":{"loc":{"start":{"line":55,"column":16},"end":{"line":55,"column":35}},"type":"binary-expr","locations":[{"start":{"line":55,"column":16},"end":{"line":55,"column":29}},{"start":{"line":55,"column":33},"end":{"line":55,"column":35}}],"line":55}},"s":{"0":1,"1":1,"2":1,"3":2,"4":2,"5":2,"6":2,"7":2,"8":2,"9":2,"10":1,"11":1,"12":1,"13":1,"14":1,"15":0,"16":1,"17":1,"18":1,"19":0,"20":0,"21":0,"22":0,"23":0,"24":0,"25":0,"26":0},"f":{"0":2,"1":0,"2":0},"b":{"0":[2,2,2],"1":[2,1],"2":[2,1],"3":[2,1],"4":[2,1],"5":[2,2,2],"6":[1,1],"7":[2,1,1,1],"8":[1,0],"9":[0,0]},"_coverageSchema":"1a1c01bbd47fc00a2c39e90264f33305004495a9","hash":"32b8f5adfbfafeddcc0b4f5dd9165674f4eb72d9"}
,"/Users/martintang/Desktop/Github/TempestMap/backend/controllers/usersController.js": {"path":"/Users/martintang/Desktop/Github/TempestMap/backend/controllers/usersController.js","statementMap":{"0":{"start":{"line":1,"column":17},"end":{"line":1,"column":41}},"1":{"start":{"line":2,"column":23},"end":{"line":2,"column":38}},"2":{"start":{"line":3,"column":20},"end":{"line":3,"column":62}},"3":{"start":{"line":5,"column":0},"end":{"line":51,"column":2}},"4":{"start":{"line":6,"column":16},"end":{"line":6,"column":53}},"5":{"start":{"line":7,"column":15},"end":{"line":7,"column":46}},"6":{"start":{"line":8,"column":19},"end":{"line":8,"column":58}},"7":{"start":{"line":9,"column":19},"end":{"line":9,"column":58}},"8":{"start":{"line":10,"column":20},"end":{"line":10,"column":61}},"9":{"start":{"line":11,"column":23},"end":{"line":11,"column":70}},"10":{"start":{"line":12,"column":16},"end":{"line":12,"column":49}},"11":{"start":{"line":13,"column":19},"end":{"line":13,"column":58}},"12":{"start":{"line":14,"column":24},"end":{"line":14,"column":46}},"13":{"start":{"line":16,"column":2},"end":{"line":18,"column":3}},"14":{"start":{"line":17,"column":4},"end":{"line":17,"column":86}},"15":{"start":{"line":20,"column":2},"end":{"line":22,"column":3}},"16":{"start":{"line":21,"column":4},"end":{"line":21,"column":23}},"17":{"start":{"line":24,"column":18},"end":{"line":35,"column":3}},"18":{"start":{"line":37,"column":17},"end":{"line":40,"column":3}},"19":{"start":{"line":42,"column":2},"end":{"line":50,"column":3}},"20":{"start":{"line":43,"column":4},"end":{"line":43,"column":41}},"21":{"start":{"line":45,"column":4},"end":{"line":45,"column":18}},"22":{"start":{"line":46,"column":4},"end":{"line":46,"column":82}},"23":{"start":{"line":48,"column":4},"end":{"line":48,"column":49}},"24":{"start":{"line":49,"column":4},"end":{"line":49,"column":59}},"25":{"start":{"line":53,"column":0},"end":{"line":74,"column":2}},"26":{"start":{"line":54,"column":22},"end":{"line":54,"column":32}},"27":{"start":{"line":55,"column":2},"end":{"line":57,"column":3}},"28":{"start":{"line":56,"column":4},"end":{"line":56,"column":80}},"29":{"start":{"line":59,"column":17},"end":{"line":62,"column":3}},"30":{"start":{"line":64,"column":2},"end":{"line":73,"column":3}},"31":{"start":{"line":65,"column":19},"end":{"line":65,"column":55}},"32":{"start":{"line":66,"column":4},"end":{"line":68,"column":5}},"33":{"start":{"line":67,"column":6},"end":{"line":67,"column":64}},"34":{"start":{"line":69,"column":4},"end":{"line":69,"column":48}},"35":{"start":{"line":71,"column":4},"end":{"line":71,"column":51}},"36":{"start":{"line":72,"column":4},"end":{"line":72,"column":61}},"37":{"start":{"line":76,"column":0},"end":{"line":103,"column":2}},"38":{"start":{"line":77,"column":43},"end":{"line":77,"column":51}},"39":{"start":{"line":78,"column":2},"end":{"line":80,"column":3}},"40":{"start":{"line":79,"column":4},"end":{"line":79,"column":103}},"41":{"start":{"line":82,"column":17},"end":{"line":91,"column":3}},"42":{"start":{"line":93,"column":2},"end":{"line":102,"column":3}},"43":{"start":{"line":94,"column":19},"end":{"line":94,"column":58}},"44":{"start":{"line":95,"column":4},"end":{"line":98,"column":7}},"45":{"start":{"line":100,"column":4},"end":{"line":100,"column":58}},"46":{"start":{"line":101,"column":4},"end":{"line":101,"column":68}}},"fnMap":{"0":{"name":"(anonymous_0)","decl":{"start":{"line":5,"column":21},"end":{"line":5,"column":22}},"loc":{"start":{"line":5,"column":41},"end":{"line":51,"column":1}},"line":5},"1":{"name":"(anonymous_1)","decl":{"start":{"line":53,"column":18},"end":{"line":53,"column":19}},"loc":{"start":{"line":53,"column":38},"end":{"line":74,"column":1}},"line":53},"2":{"name":"(anonymous_2)","decl":{"start":{"line":76,"column":29},"end":{"line":76,"column":30}},"loc":{"start":{"line":76,"column":49},"end":{"line":103,"column":1}},"line":76}},"branchMap":{"0":{"loc":{"start":{"line":6,"column":16},"end":{"line":6,"column":53}},"type":"binary-expr","locations":[{"start":{"line":6,"column":16},"end":{"line":6,"column":32}},{"start":{"line":6,"column":36},"end":{"line":6,"column":53}}],"line":6},"1":{"loc":{"start":{"line":7,"column":15},"end":{"line":7,"column":46}},"type":"binary-expr","locations":[{"start":{"line":7,"column":15},"end":{"line":7,"column":28}},{"start":{"line":7,"column":32},"end":{"line":7,"column":46}}],"line":7},"2":{"loc":{"start":{"line":8,"column":19},"end":{"line":8,"column":58}},"type":"binary-expr","locations":[{"start":{"line":8,"column":19},"end":{"line":8,"column":36}},{"start":{"line":8,"column":40},"end":{"line":8,"column":58}}],"line":8},"3":{"loc":{"start":{"line":9,"column":19},"end":{"line":9,"column":58}},"type":"binary-expr","locations":[{"start":{"line":9,"column":19},"end":{"line":9,"column":36}},{"start":{"line":9,"column":40},"end":{"line":9,"column":58}}],"line":9},"4":{"loc":{"start":{"line":10,"column":20},"end":{"line":10,"column":61}},"type":"binary-expr","locations":[{"start":{"line":10,"column":20},"end":{"line":10,"column":38}},{"start":{"line":10,"column":42},"end":{"line":10,"column":61}}],"line":10},"5":{"loc":{"start":{"line":11,"column":23},"end":{"line":11,"column":70}},"type":"binary-expr","locations":[{"start":{"line":11,"column":23},"end":{"line":11,"column":44}},{"start":{"line":11,"column":48},"end":{"line":11,"column":70}}],"line":11},"6":{"loc":{"start":{"line":12,"column":16},"end":{"line":12,"column":49}},"type":"binary-expr","locations":[{"start":{"line":12,"column":16},"end":{"line":12,"column":30}},{"start":{"line":12,"column":34},"end":{"line":12,"column":49}}],"line":12},"7":{"loc":{"start":{"line":13,"column":19},"end":{"line":13,"column":58}},"type":"binary-expr","locations":[{"start":{"line":13,"column":19},"end":{"line":13,"column":36}},{"start":{"line":13,"column":40},"end":{"line":13,"column":58}}],"line":13},"8":{"loc":{"start":{"line":16,"column":2},"end":{"line":18,"column":3}},"type":"if","locations":[{"start":{"line":16,"column":2},"end":{"line":18,"column":3}},{"start":{},"end":{}}],"line":16},"9":{"loc":{"start":{"line":16,"column":6},"end":{"line":16,"column":89}},"type":"binary-expr","locations":[{"start":{"line":16,"column":6},"end":{"line":16,"column":11}},{"start":{"line":16,"column":15},"end":{"line":16,"column":24}},{"start":{"line":16,"column":28},"end":{"line":16,"column":41}},{"start":{"line":16,"column":45},"end":{"line":16,"column":51}},{"start":{"line":16,"column":55},"end":{"line":16,"column":64}},{"start":{"line":16,"column":68},"end":{"line":16,"column":89}}],"line":16},"10":{"loc":{"start":{"line":20,"column":2},"end":{"line":22,"column":3}},"type":"if","locations":[{"start":{"line":20,"column":2},"end":{"line":22,"column":3}},{"start":{},"end":{}}],"line":20},"11":{"loc":{"start":{"line":55,"column":2},"end":{"line":57,"column":3}},"type":"if","locations":[{"start":{"line":55,"column":2},"end":{"line":57,"column":3}},{"start":{},"end":{}}],"line":55},"12":{"loc":{"start":{"line":66,"column":4},"end":{"line":68,"column":5}},"type":"if","locations":[{"start":{"line":66,"column":4},"end":{"line":68,"column":5}},{"start":{},"end":{}}],"line":66},"13":{"loc":{"start":{"line":78,"column":2},"end":{"line":80,"column":3}},"type":"if","locations":[{"start":{"line":78,"column":2},"end":{"line":80,"column":3}},{"start":{},"end":{}}],"line":78},"14":{"loc":{"start":{"line":78,"column":6},"end":{"line":78,"column":41}},"type":"binary-expr","locations":[{"start":{"line":78,"column":6},"end":{"line":78,"column":14}},{"start":{"line":78,"column":18},"end":{"line":78,"column":27}},{"start":{"line":78,"column":31},"end":{"line":78,"column":41}}],"line":78}},"s":{"0":1,"1":1,"2":1,"3":1,"4":2,"5":2,"6":2,"7":2,"8":2,"9":2,"10":2,"11":2,"12":2,"13":2,"14":1,"15":1,"16":0,"17":1,"18":1,"19":1,"20":1,"21":0,"22":0,"23":1,"24":1,"25":1,"26":2,"27":2,"28":0,"29":2,"30":2,"31":2,"32":1,"33":1,"34":0,"35":1,"36":1,"37":1,"38":2,"39":2,"40":1,"41":1,"42":1,"43":1,"44":0,"45":1,"46":1},"f":{"0":2,"1":2,"2":2},"b":{"0":[2,1],"1":[2,1],"2":[2,1],"3":[2,1],"4":[2,1],"5":[2,1],"6":[2,1],"7":[2,1],"8":[1,1],"9":[2,1,1,1,1,1],"10":[0,1],"11":[0,2],"12":[1,0],"13":[1,1],"14":[2,1,1]},"_coverageSchema":"1a1c01bbd47fc00a2c39e90264f33305004495a9","hash":"19933e3e19394eeaae835661799b8cfa1d9bdeb6"}
,"/Users/martintang/Desktop/Github/TempestMap/backend/routes/comments.js": {"path":"/Users/martintang/Desktop/Github/TempestMap/backend/routes/comments.js","statementMap":{"0":{"start":{"line":1,"column":16},"end":{"line":1,"column":34}},"1":{"start":{"line":2,"column":15},"end":{"line":2,"column":31}},"2":{"start":{"line":3,"column":27},"end":{"line":3,"column":71}},"3":{"start":{"line":5,"column":0},"end":{"line":5,"column":51}},"4":{"start":{"line":6,"column":0},"end":{"line":6,"column":57}},"5":{"start":{"line":7,"column":0},"end":{"line":7,"column":62}},"6":{"start":{"line":9,"column":0},"end":{"line":9,"column":24}}},"fnMap":{},"branchMap":{},"s":{"0":1,"1":1,"2":1,"3":1,"4":1,"5":1,"6":1},"f":{},"b":{},"_coverageSchema":"1a1c01bbd47fc00a2c39e90264f33305004495a9","hash":"521a0eb85ed69c162374865aa7980b473a6af985"}
,"/Users/martintang/Desktop/Github/TempestMap/backend/routes/events.js": {"path":"/Users/martintang/Desktop/Github/TempestMap/backend/routes/events.js","statementMap":{"0":{"start":{"line":1,"column":16},"end":{"line":1,"column":34}},"1":{"start":{"line":2,"column":15},"end":{"line":2,"column":31}},"2":{"start":{"line":3,"column":25},"end":{"line":3,"column":67}},"3":{"start":{"line":5,"column":0},"end":{"line":5,"column":44}},"4":{"start":{"line":6,"column":0},"end":{"line":6,"column":52}},"5":{"start":{"line":8,"column":0},"end":{"line":8,"column":24}}},"fnMap":{},"branchMap":{},"s":{"0":1,"1":1,"2":1,"3":1,"4":1,"5":1},"f":{},"b":{},"_coverageSchema":"1a1c01bbd47fc00a2c39e90264f33305004495a9","hash":"3ab55c2b82c8c04406768a0373c47b8eca494247"}
,"/Users/martintang/Desktop/Github/TempestMap/backend/routes/markers.js": {"path":"/Users/martintang/Desktop/Github/TempestMap/backend/routes/markers.js","statementMap":{"0":{"start":{"line":1,"column":16},"end":{"line":1,"column":34}},"1":{"start":{"line":2,"column":15},"end":{"line":2,"column":31}},"2":{"start":{"line":3,"column":26},"end":{"line":3,"column":69}},"3":{"start":{"line":5,"column":0},"end":{"line":5,"column":53}},"4":{"start":{"line":6,"column":0},"end":{"line":6,"column":50}},"5":{"start":{"line":8,"column":0},"end":{"line":8,"column":24}}},"fnMap":{},"branchMap":{},"s":{"0":1,"1":1,"2":1,"3":1,"4":1,"5":1},"f":{},"b":{},"_coverageSchema":"1a1c01bbd47fc00a2c39e90264f33305004495a9","hash":"c3b3194313946673d936c06b717c25f47fdad60f"}
,"/Users/martintang/Desktop/Github/TempestMap/backend/routes/users.js": {"path":"/Users/martintang/Desktop/Github/TempestMap/backend/routes/users.js","statementMap":{"0":{"start":{"line":1,"column":16},"end":{"line":1,"column":34}},"1":{"start":{"line":2,"column":15},"end":{"line":2,"column":31}},"2":{"start":{"line":3,"column":24},"end":{"line":3,"column":65}},"3":{"start":{"line":5,"column":0},"end":{"line":5,"column":45}},"4":{"start":{"line":6,"column":0},"end":{"line":6,"column":49}},"5":{"start":{"line":7,"column":0},"end":{"line":7,"column":62}},"6":{"start":{"line":9,"column":0},"end":{"line":9,"column":24}}},"fnMap":{},"branchMap":{},"s":{"0":1,"1":1,"2":1,"3":1,"4":1,"5":1,"6":1},"f":{},"b":{},"_coverageSchema":"1a1c01bbd47fc00a2c39e90264f33305004495a9","hash":"cbfa18545a3906ef26cc3f3cf5deb0fefa610945"}
,"/Users/martintang/Desktop/Github/TempestMap/backend/services/disasterService.js": {"path":"/Users/martintang/Desktop/Github/TempestMap/backend/services/disasterService.js","statementMap":{"0":{"start":{"line":1,"column":14},"end":{"line":1,"column":30}},"1":{"start":{"line":2,"column":12},"end":{"line":2,"column":33}},"2":{"start":{"line":3,"column":23},"end":{"line":3,"column":38}},"3":{"start":{"line":4,"column":17},"end":{"line":4,"column":41}},"4":{"start":{"line":6,"column":24},"end":{"line":30,"column":1}},"5":{"start":{"line":7,"column":2},"end":{"line":29,"column":3}},"6":{"start":{"line":8,"column":4},"end":{"line":8,"column":66}},"7":{"start":{"line":9,"column":23},"end":{"line":12,"column":5}},"8":{"start":{"line":13,"column":17},"end":{"line":13,"column":58}},"9":{"start":{"line":14,"column":4},"end":{"line":26,"column":5}},"10":{"start":{"line":15,"column":29},"end":{"line":21,"column":8}},"11":{"start":{"line":16,"column":29},"end":{"line":19,"column":9}},"12":{"start":{"line":20,"column":8},"end":{"line":20,"column":55}},"13":{"start":{"line":22,"column":6},"end":{"line":22,"column":40}},"14":{"start":{"line":23,"column":6},"end":{"line":23,"column":73}},"15":{"start":{"line":25,"column":6},"end":{"line":25,"column":48}},"16":{"start":{"line":28,"column":4},"end":{"line":28,"column":51}},"17":{"start":{"line":32,"column":21},"end":{"line":59,"column":1}},"18":{"start":{"line":33,"column":2},"end":{"line":58,"column":3}},"19":{"start":{"line":34,"column":19},"end":{"line":50,"column":5}},"20":{"start":{"line":52,"column":4},"end":{"line":57,"column":5}},"21":{"start":{"line":53,"column":6},"end":{"line":53,"column":43}},"22":{"start":{"line":54,"column":6},"end":{"line":54,"column":54}},"23":{"start":{"line":56,"column":6},"end":{"line":56,"column":71}},"24":{"start":{"line":61,"column":26},"end":{"line":109,"column":1}},"25":{"start":{"line":62,"column":2},"end":{"line":108,"column":3}},"26":{"start":{"line":63,"column":4},"end":{"line":63,"column":40}},"27":{"start":{"line":65,"column":42},"end":{"line":87,"column":6}},"28":{"start":{"line":89,"column":4},"end":{"line":89,"column":28}},"29":{"start":{"line":91,"column":26},"end":{"line":93,"column":10}},"30":{"start":{"line":94,"column":21},"end":{"line":96,"column":10}},"31":{"start":{"line":97,"column":27},"end":{"line":97,"column":58}},"32":{"start":{"line":99,"column":4},"end":{"line":99,"column":77}},"33":{"start":{"line":100,"column":4},"end":{"line":104,"column":5}},"34":{"start":{"line":101,"column":6},"end":{"line":101,"column":41}},"35":{"start":{"line":103,"column":6},"end":{"line":103,"column":54}},"36":{"start":{"line":106,"column":4},"end":{"line":106,"column":66}},"37":{"start":{"line":107,"column":4},"end":{"line":107,"column":16}},"38":{"start":{"line":111,"column":0},"end":{"line":111,"column":39}}},"fnMap":{"0":{"name":"(anonymous_0)","decl":{"start":{"line":6,"column":24},"end":{"line":6,"column":25}},"loc":{"start":{"line":6,"column":36},"end":{"line":30,"column":1}},"line":6},"1":{"name":"(anonymous_1)","decl":{"start":{"line":15,"column":44},"end":{"line":15,"column":45}},"loc":{"start":{"line":15,"column":54},"end":{"line":21,"column":7}},"line":15},"2":{"name":"(anonymous_2)","decl":{"start":{"line":32,"column":21},"end":{"line":32,"column":22}},"loc":{"start":{"line":32,"column":39},"end":{"line":59,"column":1}},"line":32},"3":{"name":"(anonymous_3)","decl":{"start":{"line":61,"column":26},"end":{"line":61,"column":27}},"loc":{"start":{"line":61,"column":38},"end":{"line":109,"column":1}},"line":61}},"branchMap":{"0":{"loc":{"start":{"line":14,"column":4},"end":{"line":26,"column":5}},"type":"if","locations":[{"start":{"line":14,"column":4},"end":{"line":26,"column":5}},{"start":{"line":24,"column":11},"end":{"line":26,"column":5}}],"line":14},"1":{"loc":{"start":{"line":14,"column":8},"end":{"line":14,"column":43}},"type":"binary-expr","locations":[{"start":{"line":14,"column":8},"end":{"line":14,"column":18}},{"start":{"line":14,"column":22},"end":{"line":14,"column":43}}],"line":14},"2":{"loc":{"start":{"line":91,"column":26},"end":{"line":93,"column":10}},"type":"cond-expr","locations":[{"start":{"line":92,"column":8},"end":{"line":92,"column":35}},{"start":{"line":93,"column":8},"end":{"line":93,"column":10}}],"line":91},"3":{"loc":{"start":{"line":94,"column":21},"end":{"line":96,"column":10}},"type":"cond-expr","locations":[{"start":{"line":95,"column":8},"end":{"line":95,"column":30}},{"start":{"line":96,"column":8},"end":{"line":96,"column":10}}],"line":94},"4":{"loc":{"start":{"line":100,"column":4},"end":{"line":104,"column":5}},"type":"if","locations":[{"start":{"line":100,"column":4},"end":{"line":104,"column":5}},{"start":{"line":102,"column":11},"end":{"line":104,"column":5}}],"line":100}},"s":{"0":1,"1":1,"2":1,"3":1,"4":1,"5":0,"6":0,"7":0,"8":0,"9":0,"10":0,"11":0,"12":0,"13":0,"14":0,"15":0,"16":0,"17":1,"18":0,"19":0,"20":0,"21":0,"22":0,"23":0,"24":1,"25":1,"26":1,"27":1,"28":0,"29":0,"30":0,"31":0,"32":0,"33":0,"34":0,"35":0,"36":1,"37":1,"38":1},"f":{"0":0,"1":0,"2":0,"3":1},"b":{"0":[0,0],"1":[0,0],"2":[0,0],"3":[0,0],"4":[0,0]},"_coverageSchema":"1a1c01bbd47fc00a2c39e90264f33305004495a9","hash":"a801a2b8cc42e4888ef22f80cbf1b8d7e8dcc393"}
,"/Users/martintang/Desktop/Github/TempestMap/backend/services/notificationService.js": {"path":"/Users/martintang/Desktop/Github/TempestMap/backend/services/notificationService.js","statementMap":{"0":{"start":{"line":1,"column":17},"end":{"line":1,"column":41}},"1":{"start":{"line":2,"column":25},"end":{"line":2,"column":54}},"2":{"start":{"line":3,"column":24},"end":{"line":3,"column":59}},"3":{"start":{"line":5,"column":20},"end":{"line":75,"column":1}},"4":{"start":{"line":6,"column":15},"end":{"line":6,"column":17}},"5":{"start":{"line":7,"column":2},"end":{"line":18,"column":3}},"6":{"start":{"line":8,"column":19},"end":{"line":8,"column":41}},"7":{"start":{"line":10,"column":4},"end":{"line":14,"column":43}},"8":{"start":{"line":11,"column":6},"end":{"line":11,"column":58}},"9":{"start":{"line":12,"column":6},"end":{"line":12,"column":48}},"10":{"start":{"line":13,"column":6},"end":{"line":13,"column":62}},"11":{"start":{"line":16,"column":4},"end":{"line":16,"column":51}},"12":{"start":{"line":17,"column":4},"end":{"line":17,"column":11}},"13":{"start":{"line":20,"column":14},"end":{"line":20,"column":16}},"14":{"start":{"line":21,"column":2},"end":{"line":32,"column":3}},"15":{"start":{"line":22,"column":19},"end":{"line":22,"column":40}},"16":{"start":{"line":24,"column":4},"end":{"line":28,"column":43}},"17":{"start":{"line":25,"column":6},"end":{"line":25,"column":58}},"18":{"start":{"line":26,"column":6},"end":{"line":26,"column":46}},"19":{"start":{"line":27,"column":6},"end":{"line":27,"column":62}},"20":{"start":{"line":30,"column":4},"end":{"line":30,"column":50}},"21":{"start":{"line":31,"column":4},"end":{"line":31,"column":11}},"22":{"start":{"line":34,"column":2},"end":{"line":74,"column":3}},"23":{"start":{"line":35,"column":4},"end":{"line":35,"column":38}},"24":{"start":{"line":35,"column":29},"end":{"line":35,"column":38}},"25":{"start":{"line":36,"column":4},"end":{"line":73,"column":5}},"26":{"start":{"line":37,"column":26},"end":{"line":43,"column":7}},"27":{"start":{"line":44,"column":6},"end":{"line":72,"column":7}},"28":{"start":{"line":45,"column":8},"end":{"line":47,"column":10}},"29":{"start":{"line":48,"column":8},"end":{"line":48,"column":51}},"30":{"start":{"line":49,"column":24},"end":{"line":62,"column":9}},"31":{"start":{"line":64,"column":8},"end":{"line":71,"column":13}},"32":{"start":{"line":67,"column":12},"end":{"line":67,"column":64}},"33":{"start":{"line":70,"column":12},"end":{"line":70,"column":59}},"34":{"start":{"line":77,"column":0},"end":{"line":77,"column":29}}},"fnMap":{"0":{"name":"(anonymous_0)","decl":{"start":{"line":5,"column":20},"end":{"line":5,"column":21}},"loc":{"start":{"line":5,"column":32},"end":{"line":75,"column":1}},"line":5},"1":{"name":"(anonymous_1)","decl":{"start":{"line":66,"column":16},"end":{"line":66,"column":17}},"loc":{"start":{"line":66,"column":30},"end":{"line":68,"column":11}},"line":66},"2":{"name":"(anonymous_2)","decl":{"start":{"line":69,"column":17},"end":{"line":69,"column":18}},"loc":{"start":{"line":69,"column":28},"end":{"line":71,"column":11}},"line":69}},"branchMap":{"0":{"loc":{"start":{"line":35,"column":4},"end":{"line":35,"column":38}},"type":"if","locations":[{"start":{"line":35,"column":4},"end":{"line":35,"column":38}},{"start":{},"end":{}}],"line":35},"1":{"loc":{"start":{"line":44,"column":6},"end":{"line":72,"column":7}},"type":"if","locations":[{"start":{"line":44,"column":6},"end":{"line":72,"column":7}},{"start":{},"end":{}}],"line":44}},"s":{"0":1,"1":1,"2":1,"3":1,"4":0,"5":0,"6":0,"7":0,"8":0,"9":0,"10":0,"11":0,"12":0,"13":0,"14":0,"15":0,"16":0,"17":0,"18":0,"19":0,"20":0,"21":0,"22":0,"23":0,"24":0,"25":0,"26":0,"27":0,"28":0,"29":0,"30":0,"31":0,"32":0,"33":0,"34":1},"f":{"0":0,"1":0,"2":0},"b":{"0":[0,0],"1":[0,0]},"_coverageSchema":"1a1c01bbd47fc00a2c39e90264f33305004495a9","hash":"fb11a736e6e15d999d9bd982a3b59e93141f6210"}
,"/Users/martintang/Desktop/Github/TempestMap/backend/utils/dangerLevelCalc.js": {"path":"/Users/martintang/Desktop/Github/TempestMap/backend/utils/dangerLevelCalc.js","statementMap":{"0":{"start":{"line":1,"column":24},"end":{"line":27,"column":3}},"1":{"start":{"line":2,"column":29},"end":{"line":12,"column":5}},"2":{"start":{"line":14,"column":14},"end":{"line":14,"column":21}},"3":{"start":{"line":15,"column":17},"end":{"line":15,"column":48}},"4":{"start":{"line":16,"column":17},"end":{"line":16,"column":48}},"5":{"start":{"line":18,"column":6},"end":{"line":21,"column":31}},"6":{"start":{"line":22,"column":14},"end":{"line":22,"column":60}},"7":{"start":{"line":23,"column":21},"end":{"line":23,"column":26}},"8":{"start":{"line":24,"column":19},"end":{"line":24,"column":49}},"9":{"start":{"line":25,"column":27},"end":{"line":25,"column":67}},"10":{"start":{"line":26,"column":4},"end":{"line":26,"column":47}},"11":{"start":{"line":29,"column":2},"end":{"line":29,"column":35}}},"fnMap":{"0":{"name":"(anonymous_0)","decl":{"start":{"line":1,"column":24},"end":{"line":1,"column":25}},"loc":{"start":{"line":1,"column":66},"end":{"line":27,"column":3}},"line":1}},"branchMap":{},"s":{"0":1,"1":0,"2":0,"3":0,"4":0,"5":0,"6":0,"7":0,"8":0,"9":0,"10":0,"11":1},"f":{"0":0},"b":{},"_coverageSchema":"1a1c01bbd47fc00a2c39e90264f33305004495a9","hash":"52110663b78a7670fd15d05dd191db813e144984"}
}
