{"/Users/martintang/Desktop/Github/TempestMap/backend/tempest.js": {"path":"/Users/martintang/Desktop/Github/TempestMap/backend/tempest.js","statementMap":{"0":{"start":{"line":1,"column":16},"end":{"line":1,"column":34}},"1":{"start":{"line":2,"column":12},"end":{"line":2,"column":30}},"2":{"start":{"line":3,"column":13},"end":{"line":3,"column":33}},"3":{"start":{"line":4,"column":14},"end":{"line":4,"column":30}},"4":{"start":{"line":5,"column":12},"end":{"line":5,"column":33}},"5":{"start":{"line":6,"column":23},"end":{"line":6,"column":38}},"6":{"start":{"line":7,"column":46},"end":{"line":7,"column":75}},"7":{"start":{"line":8,"column":25},"end":{"line":8,"column":60}},"8":{"start":{"line":11,"column":12},"end":{"line":11,"column":21}},"9":{"start":{"line":12,"column":17},"end":{"line":14,"column":2}},"10":{"start":{"line":15,"column":0},"end":{"line":15,"column":24}},"11":{"start":{"line":18,"column":0},"end":{"line":18,"column":64}},"12":{"start":{"line":19,"column":0},"end":{"line":19,"column":43}},"13":{"start":{"line":20,"column":17},"end":{"line":20,"column":50}},"14":{"start":{"line":25,"column":0},"end":{"line":32,"column":3}},"15":{"start":{"line":26,"column":2},"end":{"line":31,"column":3}},"16":{"start":{"line":27,"column":4},"end":{"line":27,"column":47}},"17":{"start":{"line":29,"column":4},"end":{"line":29,"column":34}},"18":{"start":{"line":30,"column":4},"end":{"line":30,"column":45}},"19":{"start":{"line":36,"column":0},"end":{"line":45,"column":3}},"20":{"start":{"line":37,"column":2},"end":{"line":44,"column":3}},"21":{"start":{"line":38,"column":4},"end":{"line":38,"column":30}},"22":{"start":{"line":39,"column":4},"end":{"line":39,"column":77}},"23":{"start":{"line":42,"column":4},"end":{"line":42,"column":49}},"24":{"start":{"line":43,"column":4},"end":{"line":43,"column":68}},"25":{"start":{"line":47,"column":0},"end":{"line":66,"column":3}},"26":{"start":{"line":48,"column":2},"end":{"line":65,"column":3}},"27":{"start":{"line":49,"column":19},"end":{"line":51,"column":5}},"28":{"start":{"line":53,"column":16},"end":{"line":53,"column":18}},"29":{"start":{"line":55,"column":4},"end":{"line":59,"column":43}},"30":{"start":{"line":56,"column":6},"end":{"line":56,"column":58}},"31":{"start":{"line":57,"column":6},"end":{"line":57,"column":46}},"32":{"start":{"line":58,"column":6},"end":{"line":58,"column":62}},"33":{"start":{"line":61,"column":4},"end":{"line":61,"column":44}},"34":{"start":{"line":63,"column":4},"end":{"line":63,"column":51}},"35":{"start":{"line":64,"column":4},"end":{"line":64,"column":61}},"36":{"start":{"line":69,"column":0},"end":{"line":107,"column":3}},"37":{"start":{"line":70,"column":46},"end":{"line":70,"column":54}},"38":{"start":{"line":73,"column":2},"end":{"line":75,"column":3}},"39":{"start":{"line":74,"column":4},"end":{"line":74,"column":106}},"40":{"start":{"line":78,"column":19},"end":{"line":91,"column":3}},"41":{"start":{"line":94,"column":17},"end":{"line":97,"column":3}},"42":{"start":{"line":99,"column":2},"end":{"line":106,"column":3}},"43":{"start":{"line":101,"column":4},"end":{"line":101,"column":41}},"44":{"start":{"line":102,"column":4},"end":{"line":102,"column":92}},"45":{"start":{"line":104,"column":4},"end":{"line":104,"column":57}},"46":{"start":{"line":105,"column":4},"end":{"line":105,"column":67}},"47":{"start":{"line":111,"column":0},"end":{"line":137,"column":3}},"48":{"start":{"line":112,"column":2},"end":{"line":112,"column":50}},"49":{"start":{"line":113,"column":2},"end":{"line":136,"column":3}},"50":{"start":{"line":114,"column":26},"end":{"line":114,"column":64}},"51":{"start":{"line":115,"column":18},"end":{"line":115,"column":143}},"52":{"start":{"line":116,"column":6},"end":{"line":116,"column":52}},"53":{"start":{"line":118,"column":23},"end":{"line":118,"column":71}},"54":{"start":{"line":119,"column":22},"end":{"line":119,"column":24}},"55":{"start":{"line":122,"column":6},"end":{"line":132,"column":13}},"56":{"start":{"line":124,"column":32},"end":{"line":124,"column":50}},"57":{"start":{"line":126,"column":14},"end":{"line":126,"column":82}},"58":{"start":{"line":127,"column":14},"end":{"line":127,"column":32}},"59":{"start":{"line":130,"column":14},"end":{"line":130,"column":57}},"60":{"start":{"line":131,"column":14},"end":{"line":131,"column":76}},"61":{"start":{"line":134,"column":6},"end":{"line":134,"column":57}},"62":{"start":{"line":135,"column":6},"end":{"line":135,"column":68}},"63":{"start":{"line":142,"column":0},"end":{"line":183,"column":3}},"64":{"start":{"line":144,"column":23},"end":{"line":144,"column":33}},"65":{"start":{"line":145,"column":18},"end":{"line":145,"column":55}},"66":{"start":{"line":146,"column":15},"end":{"line":146,"column":46}},"67":{"start":{"line":148,"column":2},"end":{"line":152,"column":3}},"68":{"start":{"line":149,"column":4},"end":{"line":149,"column":25}},"69":{"start":{"line":150,"column":4},"end":{"line":150,"column":24}},"70":{"start":{"line":151,"column":4},"end":{"line":151,"column":90}},"71":{"start":{"line":155,"column":21},"end":{"line":160,"column":3}},"72":{"start":{"line":162,"column":17},"end":{"line":171,"column":3}},"73":{"start":{"line":173,"column":2},"end":{"line":182,"column":3}},"74":{"start":{"line":174,"column":19},"end":{"line":174,"column":58}},"75":{"start":{"line":175,"column":4},"end":{"line":178,"column":7}},"76":{"start":{"line":180,"column":4},"end":{"line":180,"column":53}},"77":{"start":{"line":181,"column":4},"end":{"line":181,"column":63}},"78":{"start":{"line":185,"column":0},"end":{"line":213,"column":3}},"79":{"start":{"line":186,"column":23},"end":{"line":186,"column":33}},"80":{"start":{"line":188,"column":2},"end":{"line":190,"column":3}},"81":{"start":{"line":189,"column":4},"end":{"line":189,"column":85}},"82":{"start":{"line":192,"column":2},"end":{"line":212,"column":3}},"83":{"start":{"line":193,"column":19},"end":{"line":197,"column":5}},"84":{"start":{"line":199,"column":19},"end":{"line":199,"column":55}},"85":{"start":{"line":201,"column":4},"end":{"line":203,"column":5}},"86":{"start":{"line":202,"column":6},"end":{"line":202,"column":65}},"87":{"start":{"line":205,"column":4},"end":{"line":208,"column":7}},"88":{"start":{"line":210,"column":4},"end":{"line":210,"column":55}},"89":{"start":{"line":211,"column":4},"end":{"line":211,"column":66}},"90":{"start":{"line":215,"column":0},"end":{"line":261,"column":3}},"91":{"start":{"line":217,"column":23},"end":{"line":217,"column":33}},"92":{"start":{"line":218,"column":21},"end":{"line":218,"column":64}},"93":{"start":{"line":220,"column":2},"end":{"line":222,"column":3}},"94":{"start":{"line":221,"column":4},"end":{"line":221,"column":94}},"95":{"start":{"line":224,"column":2},"end":{"line":260,"column":3}},"96":{"start":{"line":226,"column":22},"end":{"line":230,"column":5}},"97":{"start":{"line":232,"column":17},"end":{"line":232,"column":56}},"98":{"start":{"line":233,"column":4},"end":{"line":235,"column":5}},"99":{"start":{"line":234,"column":6},"end":{"line":234,"column":65}},"100":{"start":{"line":237,"column":21},"end":{"line":237,"column":45}},"101":{"start":{"line":239,"column":25},"end":{"line":239,"column":77}},"102":{"start":{"line":239,"column":49},"end":{"line":239,"column":76}},"103":{"start":{"line":240,"column":4},"end":{"line":242,"column":5}},"104":{"start":{"line":241,"column":6},"end":{"line":241,"column":67}},"105":{"start":{"line":245,"column":25},"end":{"line":250,"column":5}},"106":{"start":{"line":252,"column":25},"end":{"line":252,"column":70}},"107":{"start":{"line":253,"column":4},"end":{"line":256,"column":7}},"108":{"start":{"line":258,"column":4},"end":{"line":258,"column":52}},"109":{"start":{"line":259,"column":4},"end":{"line":259,"column":63}},"110":{"start":{"line":263,"column":0},"end":{"line":336,"column":3}},"111":{"start":{"line":265,"column":16},"end":{"line":265,"column":53}},"112":{"start":{"line":266,"column":15},"end":{"line":266,"column":46}},"113":{"start":{"line":267,"column":19},"end":{"line":267,"column":58}},"114":{"start":{"line":268,"column":19},"end":{"line":268,"column":58}},"115":{"start":{"line":269,"column":20},"end":{"line":269,"column":61}},"116":{"start":{"line":270,"column":23},"end":{"line":270,"column":70}},"117":{"start":{"line":271,"column":16},"end":{"line":271,"column":49}},"118":{"start":{"line":272,"column":19},"end":{"line":272,"column":58}},"119":{"start":{"line":273,"column":24},"end":{"line":273,"column":73}},"120":{"start":{"line":275,"column":2},"end":{"line":278,"column":3}},"121":{"start":{"line":276,"column":4},"end":{"line":276,"column":40}},"122":{"start":{"line":277,"column":4},"end":{"line":277,"column":134}},"123":{"start":{"line":280,"column":2},"end":{"line":280,"column":63}},"124":{"start":{"line":282,"column":2},"end":{"line":284,"column":3}},"125":{"start":{"line":283,"column":4},"end":{"line":283,"column":23}},"126":{"start":{"line":286,"column":18},"end":{"line":297,"column":3}},"127":{"start":{"line":299,"column":17},"end":{"line":302,"column":3}},"128":{"start":{"line":304,"column":2},"end":{"line":335,"column":3}},"129":{"start":{"line":305,"column":4},"end":{"line":305,"column":41}},"130":{"start":{"line":329,"column":4},"end":{"line":329,"column":18}},"131":{"start":{"line":331,"column":4},"end":{"line":331,"column":82}},"132":{"start":{"line":333,"column":4},"end":{"line":333,"column":49}},"133":{"start":{"line":334,"column":4},"end":{"line":334,"column":59}},"134":{"start":{"line":338,"column":0},"end":{"line":360,"column":3}},"135":{"start":{"line":339,"column":22},"end":{"line":339,"column":32}},"136":{"start":{"line":341,"column":2},"end":{"line":343,"column":3}},"137":{"start":{"line":342,"column":4},"end":{"line":342,"column":80}},"138":{"start":{"line":345,"column":17},"end":{"line":348,"column":3}},"139":{"start":{"line":350,"column":2},"end":{"line":359,"column":3}},"140":{"start":{"line":351,"column":19},"end":{"line":351,"column":55}},"141":{"start":{"line":352,"column":4},"end":{"line":354,"column":5}},"142":{"start":{"line":353,"column":6},"end":{"line":353,"column":64}},"143":{"start":{"line":355,"column":4},"end":{"line":355,"column":48}},"144":{"start":{"line":357,"column":4},"end":{"line":357,"column":51}},"145":{"start":{"line":358,"column":4},"end":{"line":358,"column":61}},"146":{"start":{"line":362,"column":0},"end":{"line":393,"column":3}},"147":{"start":{"line":363,"column":43},"end":{"line":363,"column":51}},"148":{"start":{"line":366,"column":2},"end":{"line":368,"column":3}},"149":{"start":{"line":367,"column":4},"end":{"line":367,"column":103}},"150":{"start":{"line":371,"column":17},"end":{"line":380,"column":3}},"151":{"start":{"line":382,"column":2},"end":{"line":392,"column":3}},"152":{"start":{"line":384,"column":19},"end":{"line":384,"column":58}},"153":{"start":{"line":385,"column":4},"end":{"line":388,"column":7}},"154":{"start":{"line":390,"column":4},"end":{"line":390,"column":58}},"155":{"start":{"line":391,"column":4},"end":{"line":391,"column":68}},"156":{"start":{"line":397,"column":24},"end":{"line":425,"column":1}},"157":{"start":{"line":398,"column":2},"end":{"line":424,"column":3}},"158":{"start":{"line":399,"column":4},"end":{"line":399,"column":66}},"159":{"start":{"line":401,"column":23},"end":{"line":404,"column":5}},"160":{"start":{"line":406,"column":17},"end":{"line":406,"column":58}},"161":{"start":{"line":408,"column":4},"end":{"line":421,"column":5}},"162":{"start":{"line":410,"column":29},"end":{"line":416,"column":8}},"163":{"start":{"line":411,"column":29},"end":{"line":414,"column":9}},"164":{"start":{"line":415,"column":8},"end":{"line":415,"column":55}},"165":{"start":{"line":417,"column":6},"end":{"line":417,"column":40}},"166":{"start":{"line":418,"column":6},"end":{"line":418,"column":73}},"167":{"start":{"line":420,"column":6},"end":{"line":420,"column":48}},"168":{"start":{"line":423,"column":4},"end":{"line":423,"column":51}},"169":{"start":{"line":427,"column":21},"end":{"line":454,"column":1}},"170":{"start":{"line":428,"column":2},"end":{"line":453,"column":3}},"171":{"start":{"line":429,"column":19},"end":{"line":445,"column":5}},"172":{"start":{"line":447,"column":4},"end":{"line":452,"column":5}},"173":{"start":{"line":448,"column":6},"end":{"line":448,"column":43}},"174":{"start":{"line":449,"column":6},"end":{"line":449,"column":54}},"175":{"start":{"line":451,"column":6},"end":{"line":451,"column":71}},"176":{"start":{"line":458,"column":26},"end":{"line":508,"column":1}},"177":{"start":{"line":459,"column":2},"end":{"line":507,"column":3}},"178":{"start":{"line":460,"column":4},"end":{"line":460,"column":40}},"179":{"start":{"line":462,"column":42},"end":{"line":484,"column":6}},"180":{"start":{"line":486,"column":4},"end":{"line":486,"column":28}},"181":{"start":{"line":488,"column":26},"end":{"line":490,"column":10}},"182":{"start":{"line":491,"column":21},"end":{"line":493,"column":10}},"183":{"start":{"line":495,"column":27},"end":{"line":495,"column":58}},"184":{"start":{"line":497,"column":4},"end":{"line":497,"column":77}},"185":{"start":{"line":499,"column":4},"end":{"line":503,"column":5}},"186":{"start":{"line":500,"column":6},"end":{"line":500,"column":41}},"187":{"start":{"line":502,"column":6},"end":{"line":502,"column":54}},"188":{"start":{"line":505,"column":4},"end":{"line":505,"column":66}},"189":{"start":{"line":506,"column":4},"end":{"line":506,"column":16}},"190":{"start":{"line":510,"column":20},"end":{"line":580,"column":1}},"191":{"start":{"line":511,"column":15},"end":{"line":511,"column":17}},"192":{"start":{"line":512,"column":2},"end":{"line":527,"column":3}},"193":{"start":{"line":513,"column":19},"end":{"line":515,"column":5}},"194":{"start":{"line":518,"column":4},"end":{"line":522,"column":43}},"195":{"start":{"line":519,"column":6},"end":{"line":519,"column":58}},"196":{"start":{"line":520,"column":6},"end":{"line":520,"column":48}},"197":{"start":{"line":521,"column":6},"end":{"line":521,"column":62}},"198":{"start":{"line":525,"column":4},"end":{"line":525,"column":51}},"199":{"start":{"line":526,"column":4},"end":{"line":526,"column":11}},"200":{"start":{"line":529,"column":14},"end":{"line":529,"column":16}},"201":{"start":{"line":530,"column":2},"end":{"line":545,"column":3}},"202":{"start":{"line":531,"column":19},"end":{"line":533,"column":5}},"203":{"start":{"line":536,"column":4},"end":{"line":540,"column":43}},"204":{"start":{"line":537,"column":6},"end":{"line":537,"column":58}},"205":{"start":{"line":538,"column":6},"end":{"line":538,"column":46}},"206":{"start":{"line":539,"column":6},"end":{"line":539,"column":62}},"207":{"start":{"line":543,"column":4},"end":{"line":543,"column":50}},"208":{"start":{"line":544,"column":4},"end":{"line":544,"column":11}},"209":{"start":{"line":547,"column":2},"end":{"line":579,"column":3}},"210":{"start":{"line":548,"column":4},"end":{"line":550,"column":5}},"211":{"start":{"line":549,"column":6},"end":{"line":549,"column":15}},"212":{"start":{"line":551,"column":4},"end":{"line":578,"column":5}},"213":{"start":{"line":552,"column":26},"end":{"line":552,"column":112}},"214":{"start":{"line":553,"column":6},"end":{"line":577,"column":7}},"215":{"start":{"line":554,"column":8},"end":{"line":554,"column":141}},"216":{"start":{"line":555,"column":8},"end":{"line":555,"column":51}},"217":{"start":{"line":556,"column":24},"end":{"line":567,"column":9}},"218":{"start":{"line":569,"column":8},"end":{"line":576,"column":13}},"219":{"start":{"line":572,"column":12},"end":{"line":572,"column":64}},"220":{"start":{"line":575,"column":12},"end":{"line":575,"column":57}},"221":{"start":{"line":582,"column":24},"end":{"line":618,"column":1}},"222":{"start":{"line":584,"column":2},"end":{"line":594,"column":4}},"223":{"start":{"line":596,"column":12},"end":{"line":596,"column":19}},"224":{"start":{"line":599,"column":15},"end":{"line":599,"column":46}},"225":{"start":{"line":600,"column":15},"end":{"line":600,"column":46}},"226":{"start":{"line":602,"column":12},"end":{"line":604,"column":51}},"227":{"start":{"line":606,"column":12},"end":{"line":606,"column":58}},"228":{"start":{"line":608,"column":2},"end":{"line":608,"column":19}},"229":{"start":{"line":610,"column":17},"end":{"line":610,"column":47}},"230":{"start":{"line":612,"column":25},"end":{"line":612,"column":65}},"231":{"start":{"line":614,"column":23},"end":{"line":614,"column":56}},"232":{"start":{"line":616,"column":2},"end":{"line":616,"column":22}},"233":{"start":{"line":623,"column":0},"end":{"line":627,"column":1}},"234":{"start":{"line":624,"column":2},"end":{"line":626,"column":5}},"235":{"start":{"line":625,"column":4},"end":{"line":625,"column":62}},"236":{"start":{"line":629,"column":0},"end":{"line":629,"column":21}}},"fnMap":{"0":{"name":"(anonymous_0)","decl":{"start":{"line":25,"column":13},"end":{"line":25,"column":14}},"loc":{"start":{"line":25,"column":33},"end":{"line":32,"column":1}},"line":25},"1":{"name":"(anonymous_1)","decl":{"start":{"line":36,"column":23},"end":{"line":36,"column":24}},"loc":{"start":{"line":36,"column":43},"end":{"line":45,"column":1}},"line":36},"2":{"name":"(anonymous_2)","decl":{"start":{"line":47,"column":18},"end":{"line":47,"column":19}},"loc":{"start":{"line":47,"column":38},"end":{"line":66,"column":1}},"line":47},"3":{"name":"(anonymous_3)","decl":{"start":{"line":69,"column":26},"end":{"line":69,"column":27}},"loc":{"start":{"line":69,"column":46},"end":{"line":107,"column":1}},"line":69},"4":{"name":"(anonymous_4)","decl":{"start":{"line":111,"column":24},"end":{"line":111,"column":25}},"loc":{"start":{"line":111,"column":44},"end":{"line":137,"column":1}},"line":111},"5":{"name":"(anonymous_5)","decl":{"start":{"line":124,"column":22},"end":{"line":124,"column":23}},"loc":{"start":{"line":124,"column":32},"end":{"line":124,"column":50}},"line":124},"6":{"name":"(anonymous_6)","decl":{"start":{"line":125,"column":21},"end":{"line":125,"column":22}},"loc":{"start":{"line":125,"column":27},"end":{"line":128,"column":11}},"line":125},"7":{"name":"(anonymous_7)","decl":{"start":{"line":129,"column":23},"end":{"line":129,"column":24}},"loc":{"start":{"line":129,"column":34},"end":{"line":132,"column":11}},"line":129},"8":{"name":"(anonymous_8)","decl":{"start":{"line":142,"column":31},"end":{"line":142,"column":32}},"loc":{"start":{"line":142,"column":51},"end":{"line":183,"column":1}},"line":142},"9":{"name":"(anonymous_9)","decl":{"start":{"line":185,"column":30},"end":{"line":185,"column":31}},"loc":{"start":{"line":185,"column":50},"end":{"line":213,"column":1}},"line":185},"10":{"name":"(anonymous_10)","decl":{"start":{"line":215,"column":33},"end":{"line":215,"column":34}},"loc":{"start":{"line":215,"column":53},"end":{"line":261,"column":1}},"line":215},"11":{"name":"(anonymous_11)","decl":{"start":{"line":239,"column":44},"end":{"line":239,"column":45}},"loc":{"start":{"line":239,"column":49},"end":{"line":239,"column":76}},"line":239},"12":{"name":"(anonymous_12)","decl":{"start":{"line":263,"column":18},"end":{"line":263,"column":19}},"loc":{"start":{"line":263,"column":38},"end":{"line":336,"column":1}},"line":263},"13":{"name":"(anonymous_13)","decl":{"start":{"line":338,"column":26},"end":{"line":338,"column":27}},"loc":{"start":{"line":338,"column":46},"end":{"line":360,"column":1}},"line":338},"14":{"name":"(anonymous_14)","decl":{"start":{"line":362,"column":28},"end":{"line":362,"column":29}},"loc":{"start":{"line":362,"column":48},"end":{"line":393,"column":1}},"line":362},"15":{"name":"(anonymous_15)","decl":{"start":{"line":397,"column":24},"end":{"line":397,"column":25}},"loc":{"start":{"line":397,"column":36},"end":{"line":425,"column":1}},"line":397},"16":{"name":"(anonymous_16)","decl":{"start":{"line":410,"column":44},"end":{"line":410,"column":45}},"loc":{"start":{"line":410,"column":54},"end":{"line":416,"column":7}},"line":410},"17":{"name":"(anonymous_17)","decl":{"start":{"line":427,"column":21},"end":{"line":427,"column":22}},"loc":{"start":{"line":427,"column":39},"end":{"line":454,"column":1}},"line":427},"18":{"name":"(anonymous_18)","decl":{"start":{"line":458,"column":26},"end":{"line":458,"column":27}},"loc":{"start":{"line":458,"column":38},"end":{"line":508,"column":1}},"line":458},"19":{"name":"(anonymous_19)","decl":{"start":{"line":510,"column":20},"end":{"line":510,"column":21}},"loc":{"start":{"line":510,"column":32},"end":{"line":580,"column":1}},"line":510},"20":{"name":"(anonymous_20)","decl":{"start":{"line":570,"column":16},"end":{"line":570,"column":17}},"loc":{"start":{"line":570,"column":30},"end":{"line":573,"column":11}},"line":570},"21":{"name":"(anonymous_21)","decl":{"start":{"line":574,"column":17},"end":{"line":574,"column":18}},"loc":{"start":{"line":574,"column":28},"end":{"line":576,"column":11}},"line":574},"22":{"name":"(anonymous_22)","decl":{"start":{"line":582,"column":24},"end":{"line":582,"column":25}},"loc":{"start":{"line":582,"column":71},"end":{"line":618,"column":1}},"line":582},"23":{"name":"(anonymous_23)","decl":{"start":{"line":624,"column":17},"end":{"line":624,"column":18}},"loc":{"start":{"line":624,"column":23},"end":{"line":626,"column":3}},"line":624}},"branchMap":{"0":{"loc":{"start":{"line":73,"column":2},"end":{"line":75,"column":3}},"type":"if","locations":[{"start":{"line":73,"column":2},"end":{"line":75,"column":3}},{"start":{},"end":{}}],"line":73},"1":{"loc":{"start":{"line":73,"column":6},"end":{"line":73,"column":44}},"type":"binary-expr","locations":[{"start":{"line":73,"column":6},"end":{"line":73,"column":15}},{"start":{"line":73,"column":19},"end":{"line":73,"column":29}},{"start":{"line":73,"column":33},"end":{"line":73,"column":44}}],"line":73},"2":{"loc":{"start":{"line":145,"column":18},"end":{"line":145,"column":55}},"type":"binary-expr","locations":[{"start":{"line":145,"column":18},"end":{"line":145,"column":34}},{"start":{"line":145,"column":38},"end":{"line":145,"column":55}}],"line":145},"3":{"loc":{"start":{"line":146,"column":15},"end":{"line":146,"column":46}},"type":"binary-expr","locations":[{"start":{"line":146,"column":15},"end":{"line":146,"column":28}},{"start":{"line":146,"column":32},"end":{"line":146,"column":46}}],"line":146},"4":{"loc":{"start":{"line":148,"column":2},"end":{"line":152,"column":3}},"type":"if","locations":[{"start":{"line":148,"column":2},"end":{"line":152,"column":3}},{"start":{},"end":{}}],"line":148},"5":{"loc":{"start":{"line":148,"column":6},"end":{"line":148,"column":27}},"type":"binary-expr","locations":[{"start":{"line":148,"column":6},"end":{"line":148,"column":15}},{"start":{"line":148,"column":19},"end":{"line":148,"column":27}}],"line":148},"6":{"loc":{"start":{"line":188,"column":2},"end":{"line":190,"column":3}},"type":"if","locations":[{"start":{"line":188,"column":2},"end":{"line":190,"column":3}},{"start":{},"end":{}}],"line":188},"7":{"loc":{"start":{"line":201,"column":4},"end":{"line":203,"column":5}},"type":"if","locations":[{"start":{"line":201,"column":4},"end":{"line":203,"column":5}},{"start":{},"end":{}}],"line":201},"8":{"loc":{"start":{"line":207,"column":16},"end":{"line":207,"column":42}},"type":"binary-expr","locations":[{"start":{"line":207,"column":16},"end":{"line":207,"column":36}},{"start":{"line":207,"column":40},"end":{"line":207,"column":42}}],"line":207},"9":{"loc":{"start":{"line":218,"column":21},"end":{"line":218,"column":64}},"type":"binary-expr","locations":[{"start":{"line":218,"column":21},"end":{"line":218,"column":40}},{"start":{"line":218,"column":44},"end":{"line":218,"column":64}}],"line":218},"10":{"loc":{"start":{"line":220,"column":2},"end":{"line":222,"column":3}},"type":"if","locations":[{"start":{"line":220,"column":2},"end":{"line":222,"column":3}},{"start":{},"end":{}}],"line":220},"11":{"loc":{"start":{"line":220,"column":6},"end":{"line":220,"column":30}},"type":"binary-expr","locations":[{"start":{"line":220,"column":6},"end":{"line":220,"column":15}},{"start":{"line":220,"column":19},"end":{"line":220,"column":30}}],"line":220},"12":{"loc":{"start":{"line":233,"column":4},"end":{"line":235,"column":5}},"type":"if","locations":[{"start":{"line":233,"column":4},"end":{"line":235,"column":5}},{"start":{},"end":{}}],"line":233},"13":{"loc":{"start":{"line":237,"column":21},"end":{"line":237,"column":45}},"type":"binary-expr","locations":[{"start":{"line":237,"column":21},"end":{"line":237,"column":39}},{"start":{"line":237,"column":43},"end":{"line":237,"column":45}}],"line":237},"14":{"loc":{"start":{"line":240,"column":4},"end":{"line":242,"column":5}},"type":"if","locations":[{"start":{"line":240,"column":4},"end":{"line":242,"column":5}},{"start":{},"end":{}}],"line":240},"15":{"loc":{"start":{"line":265,"column":16},"end":{"line":265,"column":53}},"type":"binary-expr","locations":[{"start":{"line":265,"column":16},"end":{"line":265,"column":32}},{"start":{"line":265,"column":36},"end":{"line":265,"column":53}}],"line":265},"16":{"loc":{"start":{"line":266,"column":15},"end":{"line":266,"column":46}},"type":"binary-expr","locations":[{"start":{"line":266,"column":15},"end":{"line":266,"column":28}},{"start":{"line":266,"column":32},"end":{"line":266,"column":46}}],"line":266},"17":{"loc":{"start":{"line":267,"column":19},"end":{"line":267,"column":58}},"type":"binary-expr","locations":[{"start":{"line":267,"column":19},"end":{"line":267,"column":36}},{"start":{"line":267,"column":40},"end":{"line":267,"column":58}}],"line":267},"18":{"loc":{"start":{"line":268,"column":19},"end":{"line":268,"column":58}},"type":"binary-expr","locations":[{"start":{"line":268,"column":19},"end":{"line":268,"column":36}},{"start":{"line":268,"column":40},"end":{"line":268,"column":58}}],"line":268},"19":{"loc":{"start":{"line":269,"column":20},"end":{"line":269,"column":61}},"type":"binary-expr","locations":[{"start":{"line":269,"column":20},"end":{"line":269,"column":38}},{"start":{"line":269,"column":42},"end":{"line":269,"column":61}}],"line":269},"20":{"loc":{"start":{"line":270,"column":23},"end":{"line":270,"column":70}},"type":"binary-expr","locations":[{"start":{"line":270,"column":23},"end":{"line":270,"column":44}},{"start":{"line":270,"column":48},"end":{"line":270,"column":70}}],"line":270},"21":{"loc":{"start":{"line":271,"column":16},"end":{"line":271,"column":49}},"type":"binary-expr","locations":[{"start":{"line":271,"column":16},"end":{"line":271,"column":30}},{"start":{"line":271,"column":34},"end":{"line":271,"column":49}}],"line":271},"22":{"loc":{"start":{"line":272,"column":19},"end":{"line":272,"column":58}},"type":"binary-expr","locations":[{"start":{"line":272,"column":19},"end":{"line":272,"column":36}},{"start":{"line":272,"column":40},"end":{"line":272,"column":58}}],"line":272},"23":{"loc":{"start":{"line":273,"column":24},"end":{"line":273,"column":73}},"type":"binary-expr","locations":[{"start":{"line":273,"column":24},"end":{"line":273,"column":46}},{"start":{"line":273,"column":50},"end":{"line":273,"column":73}}],"line":273},"24":{"loc":{"start":{"line":275,"column":2},"end":{"line":278,"column":3}},"type":"if","locations":[{"start":{"line":275,"column":2},"end":{"line":278,"column":3}},{"start":{},"end":{}}],"line":275},"25":{"loc":{"start":{"line":275,"column":6},"end":{"line":275,"column":89}},"type":"binary-expr","locations":[{"start":{"line":275,"column":6},"end":{"line":275,"column":11}},{"start":{"line":275,"column":15},"end":{"line":275,"column":24}},{"start":{"line":275,"column":28},"end":{"line":275,"column":41}},{"start":{"line":275,"column":45},"end":{"line":275,"column":51}},{"start":{"line":275,"column":55},"end":{"line":275,"column":64}},{"start":{"line":275,"column":68},"end":{"line":275,"column":89}}],"line":275},"26":{"loc":{"start":{"line":282,"column":2},"end":{"line":284,"column":3}},"type":"if","locations":[{"start":{"line":282,"column":2},"end":{"line":284,"column":3}},{"start":{},"end":{}}],"line":282},"27":{"loc":{"start":{"line":341,"column":2},"end":{"line":343,"column":3}},"type":"if","locations":[{"start":{"line":341,"column":2},"end":{"line":343,"column":3}},{"start":{},"end":{}}],"line":341},"28":{"loc":{"start":{"line":352,"column":4},"end":{"line":354,"column":5}},"type":"if","locations":[{"start":{"line":352,"column":4},"end":{"line":354,"column":5}},{"start":{},"end":{}}],"line":352},"29":{"loc":{"start":{"line":366,"column":2},"end":{"line":368,"column":3}},"type":"if","locations":[{"start":{"line":366,"column":2},"end":{"line":368,"column":3}},{"start":{},"end":{}}],"line":366},"30":{"loc":{"start":{"line":366,"column":6},"end":{"line":366,"column":41}},"type":"binary-expr","locations":[{"start":{"line":366,"column":6},"end":{"line":366,"column":14}},{"start":{"line":366,"column":18},"end":{"line":366,"column":27}},{"start":{"line":366,"column":31},"end":{"line":366,"column":41}}],"line":366},"31":{"loc":{"start":{"line":408,"column":4},"end":{"line":421,"column":5}},"type":"if","locations":[{"start":{"line":408,"column":4},"end":{"line":421,"column":5}},{"start":{"line":419,"column":11},"end":{"line":421,"column":5}}],"line":408},"32":{"loc":{"start":{"line":408,"column":8},"end":{"line":408,"column":43}},"type":"binary-expr","locations":[{"start":{"line":408,"column":8},"end":{"line":408,"column":18}},{"start":{"line":408,"column":22},"end":{"line":408,"column":43}}],"line":408},"33":{"loc":{"start":{"line":488,"column":26},"end":{"line":490,"column":10}},"type":"cond-expr","locations":[{"start":{"line":489,"column":8},"end":{"line":489,"column":35}},{"start":{"line":490,"column":8},"end":{"line":490,"column":10}}],"line":488},"34":{"loc":{"start":{"line":491,"column":21},"end":{"line":493,"column":10}},"type":"cond-expr","locations":[{"start":{"line":492,"column":8},"end":{"line":492,"column":30}},{"start":{"line":493,"column":8},"end":{"line":493,"column":10}}],"line":491},"35":{"loc":{"start":{"line":499,"column":4},"end":{"line":503,"column":5}},"type":"if","locations":[{"start":{"line":499,"column":4},"end":{"line":503,"column":5}},{"start":{"line":501,"column":11},"end":{"line":503,"column":5}}],"line":499},"36":{"loc":{"start":{"line":548,"column":4},"end":{"line":550,"column":5}},"type":"if","locations":[{"start":{"line":548,"column":4},"end":{"line":550,"column":5}},{"start":{},"end":{}}],"line":548},"37":{"loc":{"start":{"line":553,"column":6},"end":{"line":577,"column":7}},"type":"if","locations":[{"start":{"line":553,"column":6},"end":{"line":577,"column":7}},{"start":{},"end":{}}],"line":553},"38":{"loc":{"start":{"line":623,"column":0},"end":{"line":627,"column":1}},"type":"if","locations":[{"start":{"line":623,"column":0},"end":{"line":627,"column":1}},{"start":{},"end":{}}],"line":623}},"s":{"0":1,"1":1,"2":1,"3":1,"4":1,"5":1,"6":1,"7":1,"8":1,"9":1,"10":1,"11":1,"12":1,"13":1,"14":1,"15":1,"16":1,"17":0,"18":0,"19":1,"20":1,"21":1,"22":1,"23":0,"24":0,"25":1,"26":1,"27":1,"28":1,"29":1,"30":1,"31":1,"32":1,"33":1,"34":0,"35":0,"36":1,"37":1,"38":1,"39":0,"40":1,"41":1,"42":1,"43":1,"44":1,"45":0,"46":0,"47":1,"48":1,"49":1,"50":1,"51":1,"52":1,"53":1,"54":1,"55":1,"56":1,"57":1,"58":1,"59":0,"60":0,"61":0,"62":0,"63":1,"64":1,"65":1,"66":1,"67":1,"68":0,"69":0,"70":0,"71":1,"72":1,"73":1,"74":1,"75":1,"76":0,"77":0,"78":1,"79":1,"80":1,"81":0,"82":1,"83":1,"84":1,"85":1,"86":0,"87":1,"88":0,"89":0,"90":1,"91":1,"92":1,"93":1,"94":0,"95":1,"96":1,"97":1,"98":1,"99":0,"100":1,"101":1,"102":1,"103":1,"104":0,"105":1,"106":1,"107":1,"108":0,"109":0,"110":1,"111":1,"112":1,"113":1,"114":1,"115":1,"116":1,"117":1,"118":1,"119":1,"120":1,"121":0,"122":0,"123":1,"124":1,"125":0,"126":1,"127":1,"128":1,"129":1,"130":1,"131":1,"132":0,"133":0,"134":1,"135":1,"136":1,"137":0,"138":1,"139":1,"140":1,"141":1,"142":0,"143":1,"144":0,"145":0,"146":1,"147":1,"148":1,"149":0,"150":1,"151":1,"152":1,"153":1,"154":0,"155":0,"156":1,"157":1,"158":1,"159":1,"160":1,"161":1,"162":0,"163":0,"164":0,"165":0,"166":0,"167":1,"168":0,"169":1,"170":0,"171":0,"172":0,"173":0,"174":0,"175":0,"176":1,"177":1,"178":1,"179":1,"180":1,"181":1,"182":1,"183":1,"184":1,"185":1,"186":0,"187":1,"188":0,"189":0,"190":1,"191":1,"192":1,"193":1,"194":1,"195":1,"196":1,"197":0,"198":1,"199":1,"200":0,"201":0,"202":0,"203":0,"204":0,"205":0,"206":0,"207":0,"208":0,"209":0,"210":0,"211":0,"212":0,"213":0,"214":0,"215":0,"216":0,"217":0,"218":0,"219":0,"220":0,"221":1,"222":0,"223":0,"224":0,"225":0,"226":0,"227":0,"228":0,"229":0,"230":0,"231":0,"232":0,"233":1,"234":0,"235":0,"236":1},"f":{"0":1,"1":1,"2":1,"3":1,"4":1,"5":1,"6":1,"7":0,"8":1,"9":1,"10":1,"11":1,"12":1,"13":1,"14":1,"15":1,"16":0,"17":0,"18":1,"19":1,"20":0,"21":0,"22":0,"23":0},"b":{"0":[0,1],"1":[1,1,1],"2":[1,0],"3":[1,0],"4":[0,1],"5":[1,1],"6":[0,1],"7":[0,1],"8":[1,0],"9":[1,0],"10":[0,1],"11":[1,1],"12":[0,1],"13":[1,0],"14":[0,1],"15":[1,0],"16":[1,0],"17":[1,0],"18":[1,0],"19":[1,0],"20":[1,0],"21":[1,0],"22":[1,0],"23":[1,0],"24":[0,1],"25":[1,1,1,1,1,1],"26":[0,1],"27":[0,1],"28":[0,1],"29":[0,1],"30":[1,1,1],"31":[0,1],"32":[1,1],"33":[1,0],"34":[1,0],"35":[0,1],"36":[0,0],"37":[0,0],"38":[0,1]},"_coverageSchema":"1a1c01bbd47fc00a2c39e90264f33305004495a9","hash":"4775b77f66532f37ecd0057de50a594e161edab5"}
}
