TN:
SF:tempest.js
FN:25,(anonymous_0)
FN:36,(anonymous_1)
FN:47,(anonymous_2)
FN:69,(anonymous_3)
FN:111,(anonymous_4)
FN:124,(anonymous_5)
FN:125,(anonymous_6)
FN:129,(anonymous_7)
FN:142,(anonymous_8)
FN:185,(anonymous_9)
FN:215,(anonymous_10)
FN:239,(anonymous_11)
FN:263,(anonymous_12)
FN:338,(anonymous_13)
FN:362,(anonymous_14)
FN:397,(anonymous_15)
FN:410,(anonymous_16)
FN:427,(anonymous_17)
FN:458,(anonymous_18)
FN:510,(anonymous_19)
FN:570,(anonymous_20)
FN:574,(anonymous_21)
FN:582,(anonymous_22)
FN:624,(anonymous_23)
FNF:24
FNH:17
FNDA:1,(anonymous_0)
FNDA:1,(anonymous_1)
FNDA:1,(anonymous_2)
FNDA:1,(anonymous_3)
FNDA:1,(anonymous_4)
FNDA:1,(anonymous_5)
FNDA:1,(anonymous_6)
FNDA:0,(anonymous_7)
FNDA:1,(anonymous_8)
FNDA:1,(anonymous_9)
FNDA:1,(anonymous_10)
FNDA:1,(anonymous_11)
FNDA:1,(anonymous_12)
FNDA:1,(anonymous_13)
FNDA:1,(anonymous_14)
FNDA:1,(anonymous_15)
FNDA:0,(anonymous_16)
FNDA:0,(anonymous_17)
FNDA:1,(anonymous_18)
FNDA:1,(anonymous_19)
FNDA:0,(anonymous_20)
FNDA:0,(anonymous_21)
FNDA:0,(anonymous_22)
FNDA:0,(anonymous_23)
DA:1,1
DA:2,1
DA:3,1
DA:4,1
DA:5,1
DA:6,1
DA:7,1
DA:8,1
DA:11,1
DA:12,1
DA:15,1
DA:18,1
DA:19,1
DA:20,1
DA:25,1
DA:26,1
DA:27,1
DA:29,0
DA:30,0
DA:36,1
DA:37,1
DA:38,1
DA:39,1
DA:42,0
DA:43,0
DA:47,1
DA:48,1
DA:49,1
DA:53,1
DA:55,1
DA:56,1
DA:57,1
DA:58,1
DA:61,1
DA:63,0
DA:64,0
DA:69,1
DA:70,1
DA:73,1
DA:74,0
DA:78,1
DA:94,1
DA:99,1
DA:101,1
DA:102,1
DA:104,0
DA:105,0
DA:111,1
DA:112,1
DA:113,1
DA:114,1
DA:115,1
DA:116,1
DA:118,1
DA:119,1
DA:122,1
DA:124,1
DA:126,1
DA:127,1
DA:130,0
DA:131,0
DA:134,0
DA:135,0
DA:142,1
DA:144,1
DA:145,1
DA:146,1
DA:148,1
DA:149,0
DA:150,0
DA:151,0
DA:155,1
DA:162,1
DA:173,1
DA:174,1
DA:175,1
DA:180,0
DA:181,0
DA:185,1
DA:186,1
DA:188,1
DA:189,0
DA:192,1
DA:193,1
DA:199,1
DA:201,1
DA:202,0
DA:205,1
DA:210,0
DA:211,0
DA:215,1
DA:217,1
DA:218,1
DA:220,1
DA:221,0
DA:224,1
DA:226,1
DA:232,1
DA:233,1
DA:234,0
DA:237,1
DA:239,1
DA:240,1
DA:241,0
DA:245,1
DA:252,1
DA:253,1
DA:258,0
DA:259,0
DA:263,1
DA:265,1
DA:266,1
DA:267,1
DA:268,1
DA:269,1
DA:270,1
DA:271,1
DA:272,1
DA:273,1
DA:275,1
DA:276,0
DA:277,0
DA:280,1
DA:282,1
DA:283,0
DA:286,1
DA:299,1
DA:304,1
DA:305,1
DA:329,1
DA:331,1
DA:333,0
DA:334,0
DA:338,1
DA:339,1
DA:341,1
DA:342,0
DA:345,1
DA:350,1
DA:351,1
DA:352,1
DA:353,0
DA:355,1
DA:357,0
DA:358,0
DA:362,1
DA:363,1
DA:366,1
DA:367,0
DA:371,1
DA:382,1
DA:384,1
DA:385,1
DA:390,0
DA:391,0
DA:397,1
DA:398,1
DA:399,1
DA:401,1
DA:406,1
DA:408,1
DA:410,0
DA:411,0
DA:415,0
DA:417,0
DA:418,0
DA:420,1
DA:423,0
DA:427,1
DA:428,0
DA:429,0
DA:447,0
DA:448,0
DA:449,0
DA:451,0
DA:458,1
DA:459,1
DA:460,1
DA:462,1
DA:486,1
DA:488,1
DA:491,1
DA:495,1
DA:497,1
DA:499,1
DA:500,0
DA:502,1
DA:505,0
DA:506,0
DA:510,1
DA:511,1
DA:512,1
DA:513,1
DA:518,1
DA:519,1
DA:520,1
DA:521,0
DA:525,1
DA:526,1
DA:529,0
DA:530,0
DA:531,0
DA:536,0
DA:537,0
DA:538,0
DA:539,0
DA:543,0
DA:544,0
DA:547,0
DA:548,0
DA:549,0
DA:551,0
DA:552,0
DA:553,0
DA:554,0
DA:555,0
DA:556,0
DA:569,0
DA:572,0
DA:575,0
DA:582,1
DA:584,0
DA:596,0
DA:599,0
DA:600,0
DA:602,0
DA:606,0
DA:608,0
DA:610,0
DA:612,0
DA:614,0
DA:616,0
DA:623,1
DA:624,0
DA:625,0
DA:629,1
LF:236
LH:147
BRDA:73,0,0,0
BRDA:73,0,1,1
BRDA:73,1,0,1
BRDA:73,1,1,1
BRDA:73,1,2,1
BRDA:145,2,0,1
BRDA:145,2,1,0
BRDA:146,3,0,1
BRDA:146,3,1,0
BRDA:148,4,0,0
BRDA:148,4,1,1
BRDA:148,5,0,1
BRDA:148,5,1,1
BRDA:188,6,0,0
BRDA:188,6,1,1
BRDA:201,7,0,0
BRDA:201,7,1,1
BRDA:207,8,0,1
BRDA:207,8,1,0
BRDA:218,9,0,1
BRDA:218,9,1,0
BRDA:220,10,0,0
BRDA:220,10,1,1
BRDA:220,11,0,1
BRDA:220,11,1,1
BRDA:233,12,0,0
BRDA:233,12,1,1
BRDA:237,13,0,1
BRDA:237,13,1,0
BRDA:240,14,0,0
BRDA:240,14,1,1
BRDA:265,15,0,1
BRDA:265,15,1,0
BRDA:266,16,0,1
BRDA:266,16,1,0
BRDA:267,17,0,1
BRDA:267,17,1,0
BRDA:268,18,0,1
BRDA:268,18,1,0
BRDA:269,19,0,1
BRDA:269,19,1,0
BRDA:270,20,0,1
BRDA:270,20,1,0
BRDA:271,21,0,1
BRDA:271,21,1,0
BRDA:272,22,0,1
BRDA:272,22,1,0
BRDA:273,23,0,1
BRDA:273,23,1,0
BRDA:275,24,0,0
BRDA:275,24,1,1
BRDA:275,25,0,1
BRDA:275,25,1,1
BRDA:275,25,2,1
BRDA:275,25,3,1
BRDA:275,25,4,1
BRDA:275,25,5,1
BRDA:282,26,0,0
BRDA:282,26,1,1
BRDA:341,27,0,0
BRDA:341,27,1,1
BRDA:352,28,0,0
BRDA:352,28,1,1
BRDA:366,29,0,0
BRDA:366,29,1,1
BRDA:366,30,0,1
BRDA:366,30,1,1
BRDA:366,30,2,1
BRDA:408,31,0,0
BRDA:408,31,1,1
BRDA:408,32,0,1
BRDA:408,32,1,1
BRDA:488,33,0,1
BRDA:488,33,1,0
BRDA:491,34,0,1
BRDA:491,34,1,0
BRDA:499,35,0,0
BRDA:499,35,1,1
BRDA:548,36,0,0
BRDA:548,36,1,0
BRDA:553,37,0,0
BRDA:553,37,1,0
BRDA:623,38,0,0
BRDA:623,38,1,1
BRF:84
BRH:49
end_of_record
