<?xml version="1.0" encoding="UTF-8"?>
<coverage generated="1741846507553" clover="3.2.0">
  <project timestamp="1741846507554" name="All files">
    <metrics statements="236" coveredstatements="181" conditionals="84" coveredconditionals="70" methods="24" coveredmethods="17" elements="344" coveredelements="268" complexity="0" loc="236" ncloc="236" packages="1" files="1" classes="1"/>
    <file name="tempest.js" path="/Users/martintang/Desktop/Github/TempestMap/backend/tempest.js">
      <metrics statements="236" coveredstatements="181" conditionals="84" coveredconditionals="70" methods="24" coveredmethods="17"/>
      <line num="1" count="2" type="stmt"/>
      <line num="2" count="2" type="stmt"/>
      <line num="3" count="2" type="stmt"/>
      <line num="4" count="2" type="stmt"/>
      <line num="5" count="2" type="stmt"/>
      <line num="6" count="2" type="stmt"/>
      <line num="7" count="2" type="stmt"/>
      <line num="8" count="2" type="stmt"/>
      <line num="11" count="2" type="stmt"/>
      <line num="12" count="2" type="stmt"/>
      <line num="15" count="2" type="stmt"/>
      <line num="18" count="2" type="stmt"/>
      <line num="19" count="2" type="stmt"/>
      <line num="20" count="2" type="stmt"/>
      <line num="25" count="2" type="stmt"/>
      <line num="26" count="1" type="stmt"/>
      <line num="27" count="1" type="stmt"/>
      <line num="29" count="0" type="stmt"/>
      <line num="30" count="0" type="stmt"/>
      <line num="36" count="2" type="stmt"/>
      <line num="37" count="2" type="stmt"/>
      <line num="38" count="2" type="stmt"/>
      <line num="39" count="1" type="stmt"/>
      <line num="42" count="1" type="stmt"/>
      <line num="43" count="1" type="stmt"/>
      <line num="47" count="2" type="stmt"/>
      <line num="48" count="2" type="stmt"/>
      <line num="49" count="2" type="stmt"/>
      <line num="53" count="2" type="stmt"/>
      <line num="55" count="2" type="stmt"/>
      <line num="56" count="2" type="stmt"/>
      <line num="57" count="1" type="stmt"/>
      <line num="58" count="1" type="stmt"/>
      <line num="61" count="1" type="stmt"/>
      <line num="63" count="1" type="stmt"/>
      <line num="64" count="1" type="stmt"/>
      <line num="69" count="2" type="stmt"/>
      <line num="70" count="3" type="stmt"/>
      <line num="73" count="3" type="cond" truecount="5" falsecount="0"/>
      <line num="74" count="1" type="stmt"/>
      <line num="78" count="2" type="stmt"/>
      <line num="94" count="2" type="stmt"/>
      <line num="99" count="2" type="stmt"/>
      <line num="101" count="2" type="stmt"/>
      <line num="102" count="1" type="stmt"/>
      <line num="104" count="1" type="stmt"/>
      <line num="105" count="1" type="stmt"/>
      <line num="111" count="2" type="stmt"/>
      <line num="112" count="2" type="stmt"/>
      <line num="113" count="2" type="stmt"/>
      <line num="114" count="2" type="stmt"/>
      <line num="115" count="2" type="stmt"/>
      <line num="116" count="2" type="stmt"/>
      <line num="118" count="2" type="stmt"/>
      <line num="119" count="1" type="stmt"/>
      <line num="122" count="1" type="stmt"/>
      <line num="124" count="1" type="stmt"/>
      <line num="126" count="1" type="stmt"/>
      <line num="127" count="1" type="stmt"/>
      <line num="130" count="0" type="stmt"/>
      <line num="131" count="0" type="stmt"/>
      <line num="134" count="1" type="stmt"/>
      <line num="135" count="1" type="stmt"/>
      <line num="142" count="2" type="stmt"/>
      <line num="144" count="3" type="stmt"/>
      <line num="145" count="3" type="cond" truecount="2" falsecount="0"/>
      <line num="146" count="3" type="cond" truecount="2" falsecount="0"/>
      <line num="148" count="3" type="cond" truecount="4" falsecount="0"/>
      <line num="149" count="1" type="stmt"/>
      <line num="150" count="1" type="stmt"/>
      <line num="151" count="1" type="stmt"/>
      <line num="155" count="2" type="stmt"/>
      <line num="162" count="2" type="stmt"/>
      <line num="173" count="2" type="stmt"/>
      <line num="174" count="2" type="stmt"/>
      <line num="175" count="1" type="stmt"/>
      <line num="180" count="1" type="stmt"/>
      <line num="181" count="1" type="stmt"/>
      <line num="185" count="2" type="stmt"/>
      <line num="186" count="3" type="stmt"/>
      <line num="188" count="3" type="cond" truecount="1" falsecount="1"/>
      <line num="189" count="0" type="stmt"/>
      <line num="192" count="3" type="stmt"/>
      <line num="193" count="3" type="stmt"/>
      <line num="199" count="3" type="stmt"/>
      <line num="201" count="2" type="cond" truecount="2" falsecount="0"/>
      <line num="202" count="1" type="stmt"/>
      <line num="205" count="1" type="stmt"/>
      <line num="210" count="1" type="stmt"/>
      <line num="211" count="1" type="stmt"/>
      <line num="215" count="2" type="stmt"/>
      <line num="217" count="5" type="stmt"/>
      <line num="218" count="5" type="cond" truecount="2" falsecount="0"/>
      <line num="220" count="5" type="cond" truecount="4" falsecount="0"/>
      <line num="221" count="1" type="stmt"/>
      <line num="224" count="4" type="stmt"/>
      <line num="226" count="4" type="stmt"/>
      <line num="232" count="4" type="stmt"/>
      <line num="233" count="4" type="cond" truecount="2" falsecount="0"/>
      <line num="234" count="1" type="stmt"/>
      <line num="237" count="3" type="cond" truecount="1" falsecount="1"/>
      <line num="239" count="3" type="stmt"/>
      <line num="240" count="3" type="cond" truecount="2" falsecount="0"/>
      <line num="241" count="1" type="stmt"/>
      <line num="245" count="2" type="stmt"/>
      <line num="252" count="2" type="stmt"/>
      <line num="253" count="1" type="stmt"/>
      <line num="258" count="1" type="stmt"/>
      <line num="259" count="1" type="stmt"/>
      <line num="263" count="2" type="stmt"/>
      <line num="265" count="3" type="cond" truecount="2" falsecount="0"/>
      <line num="266" count="3" type="cond" truecount="2" falsecount="0"/>
      <line num="267" count="3" type="cond" truecount="2" falsecount="0"/>
      <line num="268" count="3" type="cond" truecount="2" falsecount="0"/>
      <line num="269" count="3" type="cond" truecount="2" falsecount="0"/>
      <line num="270" count="3" type="cond" truecount="2" falsecount="0"/>
      <line num="271" count="3" type="cond" truecount="2" falsecount="0"/>
      <line num="272" count="3" type="cond" truecount="2" falsecount="0"/>
      <line num="273" count="3" type="cond" truecount="2" falsecount="0"/>
      <line num="275" count="3" type="cond" truecount="8" falsecount="0"/>
      <line num="276" count="1" type="stmt"/>
      <line num="277" count="1" type="stmt"/>
      <line num="280" count="2" type="stmt"/>
      <line num="282" count="2" type="cond" truecount="1" falsecount="1"/>
      <line num="283" count="0" type="stmt"/>
      <line num="286" count="2" type="stmt"/>
      <line num="299" count="2" type="stmt"/>
      <line num="304" count="2" type="stmt"/>
      <line num="305" count="2" type="stmt"/>
      <line num="329" count="1" type="stmt"/>
      <line num="331" count="1" type="stmt"/>
      <line num="333" count="1" type="stmt"/>
      <line num="334" count="1" type="stmt"/>
      <line num="338" count="2" type="stmt"/>
      <line num="339" count="3" type="stmt"/>
      <line num="341" count="3" type="cond" truecount="1" falsecount="1"/>
      <line num="342" count="0" type="stmt"/>
      <line num="345" count="3" type="stmt"/>
      <line num="350" count="3" type="stmt"/>
      <line num="351" count="3" type="stmt"/>
      <line num="352" count="2" type="cond" truecount="2" falsecount="0"/>
      <line num="353" count="1" type="stmt"/>
      <line num="355" count="1" type="stmt"/>
      <line num="357" count="1" type="stmt"/>
      <line num="358" count="1" type="stmt"/>
      <line num="362" count="2" type="stmt"/>
      <line num="363" count="3" type="stmt"/>
      <line num="366" count="3" type="cond" truecount="5" falsecount="0"/>
      <line num="367" count="1" type="stmt"/>
      <line num="371" count="2" type="stmt"/>
      <line num="382" count="2" type="stmt"/>
      <line num="384" count="2" type="stmt"/>
      <line num="385" count="1" type="stmt"/>
      <line num="390" count="1" type="stmt"/>
      <line num="391" count="1" type="stmt"/>
      <line num="397" count="2" type="stmt"/>
      <line num="398" count="1" type="stmt"/>
      <line num="399" count="1" type="stmt"/>
      <line num="401" count="1" type="stmt"/>
      <line num="406" count="1" type="stmt"/>
      <line num="408" count="1" type="cond" truecount="3" falsecount="1"/>
      <line num="410" count="0" type="stmt"/>
      <line num="411" count="0" type="stmt"/>
      <line num="415" count="0" type="stmt"/>
      <line num="417" count="0" type="stmt"/>
      <line num="418" count="0" type="stmt"/>
      <line num="420" count="1" type="stmt"/>
      <line num="423" count="0" type="stmt"/>
      <line num="427" count="2" type="stmt"/>
      <line num="428" count="0" type="stmt"/>
      <line num="429" count="0" type="stmt"/>
      <line num="447" count="0" type="stmt"/>
      <line num="448" count="0" type="stmt"/>
      <line num="449" count="0" type="stmt"/>
      <line num="451" count="0" type="stmt"/>
      <line num="458" count="2" type="stmt"/>
      <line num="459" count="2" type="stmt"/>
      <line num="460" count="2" type="stmt"/>
      <line num="462" count="2" type="stmt"/>
      <line num="486" count="1" type="stmt"/>
      <line num="488" count="1" type="cond" truecount="1" falsecount="1"/>
      <line num="491" count="1" type="cond" truecount="1" falsecount="1"/>
      <line num="495" count="1" type="stmt"/>
      <line num="497" count="1" type="stmt"/>
      <line num="499" count="1" type="cond" truecount="1" falsecount="1"/>
      <line num="500" count="0" type="stmt"/>
      <line num="502" count="1" type="stmt"/>
      <line num="505" count="1" type="stmt"/>
      <line num="506" count="1" type="stmt"/>
      <line num="510" count="2" type="stmt"/>
      <line num="511" count="1" type="stmt"/>
      <line num="512" count="1" type="stmt"/>
      <line num="513" count="1" type="stmt"/>
      <line num="518" count="1" type="stmt"/>
      <line num="519" count="1" type="stmt"/>
      <line num="520" count="1" type="stmt"/>
      <line num="521" count="0" type="stmt"/>
      <line num="525" count="1" type="stmt"/>
      <line num="526" count="1" type="stmt"/>
      <line num="529" count="0" type="stmt"/>
      <line num="530" count="0" type="stmt"/>
      <line num="531" count="0" type="stmt"/>
      <line num="536" count="0" type="stmt"/>
      <line num="537" count="0" type="stmt"/>
      <line num="538" count="0" type="stmt"/>
      <line num="539" count="0" type="stmt"/>
      <line num="543" count="0" type="stmt"/>
      <line num="544" count="0" type="stmt"/>
      <line num="547" count="0" type="stmt"/>
      <line num="548" count="0" type="cond" truecount="0" falsecount="2"/>
      <line num="549" count="0" type="stmt"/>
      <line num="551" count="0" type="stmt"/>
      <line num="552" count="0" type="stmt"/>
      <line num="553" count="0" type="cond" truecount="0" falsecount="2"/>
      <line num="554" count="0" type="stmt"/>
      <line num="555" count="0" type="stmt"/>
      <line num="556" count="0" type="stmt"/>
      <line num="569" count="0" type="stmt"/>
      <line num="572" count="0" type="stmt"/>
      <line num="575" count="0" type="stmt"/>
      <line num="582" count="2" type="stmt"/>
      <line num="584" count="0" type="stmt"/>
      <line num="596" count="0" type="stmt"/>
      <line num="599" count="0" type="stmt"/>
      <line num="600" count="0" type="stmt"/>
      <line num="602" count="0" type="stmt"/>
      <line num="606" count="0" type="stmt"/>
      <line num="608" count="0" type="stmt"/>
      <line num="610" count="0" type="stmt"/>
      <line num="612" count="0" type="stmt"/>
      <line num="614" count="0" type="stmt"/>
      <line num="616" count="0" type="stmt"/>
      <line num="623" count="2" type="cond" truecount="1" falsecount="1"/>
      <line num="624" count="0" type="stmt"/>
      <line num="625" count="0" type="stmt"/>
      <line num="629" count="2" type="stmt"/>
    </file>
  </project>
</coverage>
