{"/Users/martintang/Desktop/Github/TempestMap/backend/src/app.js": {"path":"/Users/martintang/Desktop/Github/TempestMap/backend/src/app.js","statementMap":{"0":{"start":{"line":1,"column":16},"end":{"line":1,"column":34}},"1":{"start":{"line":2,"column":12},"end":{"line":2,"column":21}},"2":{"start":{"line":4,"column":0},"end":{"line":4,"column":24}},"3":{"start":{"line":7,"column":20},"end":{"line":7,"column":45}},"4":{"start":{"line":8,"column":20},"end":{"line":8,"column":46}},"5":{"start":{"line":9,"column":22},"end":{"line":9,"column":49}},"6":{"start":{"line":10,"column":23},"end":{"line":10,"column":51}},"7":{"start":{"line":11,"column":20},"end":{"line":11,"column":45}},"8":{"start":{"line":13,"column":0},"end":{"line":13,"column":26}},"9":{"start":{"line":14,"column":0},"end":{"line":14,"column":31}},"10":{"start":{"line":15,"column":0},"end":{"line":15,"column":39}},"11":{"start":{"line":16,"column":0},"end":{"line":16,"column":40}},"12":{"start":{"line":17,"column":0},"end":{"line":17,"column":36}},"13":{"start":{"line":18,"column":0},"end":{"line":18,"column":30}},"14":{"start":{"line":20,"column":0},"end":{"line":20,"column":21}}},"fnMap":{},"branchMap":{},"s":{"0":2,"1":2,"2":2,"3":2,"4":2,"5":2,"6":2,"7":2,"8":2,"9":2,"10":2,"11":2,"12":2,"13":2,"14":2},"f":{},"b":{},"_coverageSchema":"1a1c01bbd47fc00a2c39e90264f33305004495a9","hash":"2e3352d16a8fc821b69c62e249555385275ad143"}
,"/Users/martintang/Desktop/Github/TempestMap/backend/src/tempest.js": {"path":"/Users/martintang/Desktop/Github/TempestMap/backend/src/tempest.js","statementMap":{"0":{"start":{"line":1,"column":0},"end":{"line":1,"column":27}},"1":{"start":{"line":3,"column":12},"end":{"line":3,"column":28}},"2":{"start":{"line":4,"column":13},"end":{"line":4,"column":15}},"3":{"start":{"line":6,"column":0},"end":{"line":6,"column":39}},"4":{"start":{"line":8,"column":0},"end":{"line":10,"column":3}},"5":{"start":{"line":9,"column":4},"end":{"line":9,"column":67}}},"fnMap":{"0":{"name":"(anonymous_0)","decl":{"start":{"line":8,"column":17},"end":{"line":8,"column":18}},"loc":{"start":{"line":8,"column":23},"end":{"line":10,"column":1}},"line":8}},"branchMap":{},"s":{"0":0,"1":0,"2":0,"3":0,"4":0,"5":0},"f":{"0":0},"b":{}}
,"/Users/martintang/Desktop/Github/TempestMap/backend/src/config/aws.js": {"path":"/Users/martintang/Desktop/Github/TempestMap/backend/src/config/aws.js","statementMap":{"0":{"start":{"line":1,"column":12},"end":{"line":1,"column":30}},"1":{"start":{"line":2,"column":0},"end":{"line":2,"column":64}},"2":{"start":{"line":4,"column":0},"end":{"line":4,"column":54}},"3":{"start":{"line":5,"column":17},"end":{"line":5,"column":50}},"4":{"start":{"line":7,"column":0},"end":{"line":7,"column":26}}},"fnMap":{},"branchMap":{},"s":{"0":2,"1":2,"2":2,"3":2,"4":2},"f":{},"b":{},"_coverageSchema":"1a1c01bbd47fc00a2c39e90264f33305004495a9","hash":"55b077c82406499d6f05badaad5f04b090e92c19"}
,"/Users/martintang/Desktop/Github/TempestMap/backend/src/config/firebase.js": {"path":"/Users/martintang/Desktop/Github/TempestMap/backend/src/config/firebase.js","statementMap":{"0":{"start":{"line":1,"column":46},"end":{"line":1,"column":75}},"1":{"start":{"line":2,"column":25},"end":{"line":2,"column":60}},"2":{"start":{"line":4,"column":20},"end":{"line":6,"column":2}},"3":{"start":{"line":8,"column":0},"end":{"line":8,"column":47}}},"fnMap":{},"branchMap":{},"s":{"0":2,"1":2,"2":2,"3":2},"f":{},"b":{},"_coverageSchema":"1a1c01bbd47fc00a2c39e90264f33305004495a9","hash":"0ea60ec1b0b3e5681626a49625a8a89951972a5b"}
,"/Users/martintang/Desktop/Github/TempestMap/backend/src/controllers/commentsController.js": {"path":"/Users/martintang/Desktop/Github/TempestMap/backend/src/controllers/commentsController.js","statementMap":{"0":{"start":{"line":1,"column":17},"end":{"line":1,"column":41}},"1":{"start":{"line":2,"column":23},"end":{"line":2,"column":38}},"2":{"start":{"line":4,"column":0},"end":{"line":60,"column":2}},"3":{"start":{"line":5,"column":17},"end":{"line":5,"column":48}},"4":{"start":{"line":6,"column":15},"end":{"line":6,"column":28}},"5":{"start":{"line":7,"column":20},"end":{"line":7,"column":57}},"6":{"start":{"line":8,"column":17},"end":{"line":8,"column":48}},"7":{"start":{"line":10,"column":4},"end":{"line":15,"column":5}},"8":{"start":{"line":11,"column":8},"end":{"line":14,"column":11}},"9":{"start":{"line":18,"column":4},"end":{"line":24,"column":5}},"10":{"start":{"line":19,"column":8},"end":{"line":19,"column":29}},"11":{"start":{"line":20,"column":11},"end":{"line":24,"column":5}},"12":{"start":{"line":21,"column":8},"end":{"line":21,"column":30}},"13":{"start":{"line":23,"column":8},"end":{"line":23,"column":69}},"14":{"start":{"line":26,"column":23},"end":{"line":31,"column":5}},"15":{"start":{"line":33,"column":19},"end":{"line":44,"column":5}},"16":{"start":{"line":46,"column":4},"end":{"line":59,"column":5}},"17":{"start":{"line":47,"column":23},"end":{"line":47,"column":62}},"18":{"start":{"line":48,"column":8},"end":{"line":52,"column":11}},"19":{"start":{"line":54,"column":8},"end":{"line":54,"column":54}},"20":{"start":{"line":55,"column":8},"end":{"line":58,"column":11}},"21":{"start":{"line":62,"column":0},"end":{"line":88,"column":2}},"22":{"start":{"line":63,"column":25},"end":{"line":63,"column":35}},"23":{"start":{"line":64,"column":4},"end":{"line":68,"column":5}},"24":{"start":{"line":65,"column":8},"end":{"line":67,"column":71}},"25":{"start":{"line":70,"column":4},"end":{"line":87,"column":5}},"26":{"start":{"line":71,"column":23},"end":{"line":75,"column":9}},"27":{"start":{"line":76,"column":23},"end":{"line":76,"column":59}},"28":{"start":{"line":77,"column":8},"end":{"line":79,"column":9}},"29":{"start":{"line":78,"column":12},"end":{"line":78,"column":71}},"30":{"start":{"line":80,"column":8},"end":{"line":83,"column":11}},"31":{"start":{"line":85,"column":8},"end":{"line":85,"column":59}},"32":{"start":{"line":86,"column":8},"end":{"line":86,"column":70}},"33":{"start":{"line":90,"column":0},"end":{"line":131,"column":2}},"34":{"start":{"line":91,"column":25},"end":{"line":91,"column":35}},"35":{"start":{"line":92,"column":23},"end":{"line":92,"column":66}},"36":{"start":{"line":93,"column":4},"end":{"line":97,"column":5}},"37":{"start":{"line":94,"column":8},"end":{"line":96,"column":80}},"38":{"start":{"line":99,"column":4},"end":{"line":130,"column":5}},"39":{"start":{"line":100,"column":26},"end":{"line":104,"column":9}},"40":{"start":{"line":105,"column":21},"end":{"line":105,"column":60}},"41":{"start":{"line":106,"column":8},"end":{"line":108,"column":9}},"42":{"start":{"line":107,"column":12},"end":{"line":107,"column":71}},"43":{"start":{"line":109,"column":25},"end":{"line":109,"column":49}},"44":{"start":{"line":110,"column":29},"end":{"line":112,"column":9}},"45":{"start":{"line":111,"column":19},"end":{"line":111,"column":46}},"46":{"start":{"line":113,"column":8},"end":{"line":115,"column":9}},"47":{"start":{"line":114,"column":12},"end":{"line":114,"column":73}},"48":{"start":{"line":116,"column":29},"end":{"line":121,"column":9}},"49":{"start":{"line":122,"column":29},"end":{"line":122,"column":74}},"50":{"start":{"line":123,"column":8},"end":{"line":126,"column":11}},"51":{"start":{"line":128,"column":8},"end":{"line":128,"column":56}},"52":{"start":{"line":129,"column":8},"end":{"line":129,"column":67}}},"fnMap":{"0":{"name":"(anonymous_0)","decl":{"start":{"line":4,"column":21},"end":{"line":4,"column":22}},"loc":{"start":{"line":4,"column":41},"end":{"line":60,"column":1}},"line":4},"1":{"name":"(anonymous_1)","decl":{"start":{"line":62,"column":22},"end":{"line":62,"column":23}},"loc":{"start":{"line":62,"column":42},"end":{"line":88,"column":1}},"line":62},"2":{"name":"(anonymous_2)","decl":{"start":{"line":90,"column":24},"end":{"line":90,"column":25}},"loc":{"start":{"line":90,"column":44},"end":{"line":131,"column":1}},"line":90},"3":{"name":"(anonymous_3)","decl":{"start":{"line":111,"column":12},"end":{"line":111,"column":13}},"loc":{"start":{"line":111,"column":19},"end":{"line":111,"column":46}},"line":111}},"branchMap":{"0":{"loc":{"start":{"line":5,"column":17},"end":{"line":5,"column":48}},"type":"binary-expr","locations":[{"start":{"line":5,"column":17},"end":{"line":5,"column":30}},{"start":{"line":5,"column":34},"end":{"line":5,"column":48}}],"line":5},"1":{"loc":{"start":{"line":7,"column":20},"end":{"line":7,"column":57}},"type":"binary-expr","locations":[{"start":{"line":7,"column":20},"end":{"line":7,"column":36}},{"start":{"line":7,"column":40},"end":{"line":7,"column":57}}],"line":7},"2":{"loc":{"start":{"line":8,"column":17},"end":{"line":8,"column":48}},"type":"binary-expr","locations":[{"start":{"line":8,"column":17},"end":{"line":8,"column":30}},{"start":{"line":8,"column":34},"end":{"line":8,"column":48}}],"line":8},"3":{"loc":{"start":{"line":10,"column":4},"end":{"line":15,"column":5}},"type":"if","locations":[{"start":{"line":10,"column":4},"end":{"line":15,"column":5}},{"start":{},"end":{}}],"line":10},"4":{"loc":{"start":{"line":10,"column":8},"end":{"line":10,"column":32}},"type":"binary-expr","locations":[{"start":{"line":10,"column":8},"end":{"line":10,"column":11}},{"start":{"line":10,"column":15},"end":{"line":10,"column":23}},{"start":{"line":10,"column":27},"end":{"line":10,"column":32}}],"line":10},"5":{"loc":{"start":{"line":18,"column":4},"end":{"line":24,"column":5}},"type":"if","locations":[{"start":{"line":18,"column":4},"end":{"line":24,"column":5}},{"start":{"line":20,"column":11},"end":{"line":24,"column":5}}],"line":18},"6":{"loc":{"start":{"line":20,"column":11},"end":{"line":24,"column":5}},"type":"if","locations":[{"start":{"line":20,"column":11},"end":{"line":24,"column":5}},{"start":{"line":22,"column":11},"end":{"line":24,"column":5}}],"line":20},"7":{"loc":{"start":{"line":29,"column":14},"end":{"line":29,"column":33}},"type":"binary-expr","locations":[{"start":{"line":29,"column":14},"end":{"line":29,"column":18}},{"start":{"line":29,"column":22},"end":{"line":29,"column":33}}],"line":29},"8":{"loc":{"start":{"line":64,"column":4},"end":{"line":68,"column":5}},"type":"if","locations":[{"start":{"line":64,"column":4},"end":{"line":68,"column":5}},{"start":{},"end":{}}],"line":64},"9":{"loc":{"start":{"line":77,"column":8},"end":{"line":79,"column":9}},"type":"if","locations":[{"start":{"line":77,"column":8},"end":{"line":79,"column":9}},{"start":{},"end":{}}],"line":77},"10":{"loc":{"start":{"line":82,"column":22},"end":{"line":82,"column":48}},"type":"binary-expr","locations":[{"start":{"line":82,"column":22},"end":{"line":82,"column":42}},{"start":{"line":82,"column":46},"end":{"line":82,"column":48}}],"line":82},"11":{"loc":{"start":{"line":92,"column":23},"end":{"line":92,"column":66}},"type":"binary-expr","locations":[{"start":{"line":92,"column":23},"end":{"line":92,"column":42}},{"start":{"line":92,"column":46},"end":{"line":92,"column":66}}],"line":92},"12":{"loc":{"start":{"line":93,"column":4},"end":{"line":97,"column":5}},"type":"if","locations":[{"start":{"line":93,"column":4},"end":{"line":97,"column":5}},{"start":{},"end":{}}],"line":93},"13":{"loc":{"start":{"line":93,"column":8},"end":{"line":93,"column":32}},"type":"binary-expr","locations":[{"start":{"line":93,"column":8},"end":{"line":93,"column":17}},{"start":{"line":93,"column":21},"end":{"line":93,"column":32}}],"line":93},"14":{"loc":{"start":{"line":106,"column":8},"end":{"line":108,"column":9}},"type":"if","locations":[{"start":{"line":106,"column":8},"end":{"line":108,"column":9}},{"start":{},"end":{}}],"line":106},"15":{"loc":{"start":{"line":109,"column":25},"end":{"line":109,"column":49}},"type":"binary-expr","locations":[{"start":{"line":109,"column":25},"end":{"line":109,"column":43}},{"start":{"line":109,"column":47},"end":{"line":109,"column":49}}],"line":109},"16":{"loc":{"start":{"line":113,"column":8},"end":{"line":115,"column":9}},"type":"if","locations":[{"start":{"line":113,"column":8},"end":{"line":115,"column":9}},{"start":{},"end":{}}],"line":113}},"s":{"0":2,"1":2,"2":2,"3":4,"4":4,"5":4,"6":4,"7":4,"8":2,"9":2,"10":2,"11":0,"12":0,"13":0,"14":2,"15":2,"16":2,"17":2,"18":1,"19":1,"20":1,"21":2,"22":3,"23":3,"24":0,"25":3,"26":3,"27":3,"28":2,"29":1,"30":1,"31":1,"32":1,"33":2,"34":5,"35":5,"36":5,"37":1,"38":4,"39":4,"40":4,"41":4,"42":1,"43":3,"44":3,"45":3,"46":3,"47":1,"48":2,"49":2,"50":1,"51":1,"52":1},"f":{"0":4,"1":3,"2":5,"3":3},"b":{"0":[4,2],"1":[4,2],"2":[4,3],"3":[2,2],"4":[4,4,2],"5":[2,0],"6":[0,0],"7":[2,1],"8":[0,3],"9":[1,1],"10":[1,0],"11":[5,1],"12":[1,4],"13":[5,5],"14":[1,3],"15":[3,0],"16":[1,2]},"_coverageSchema":"1a1c01bbd47fc00a2c39e90264f33305004495a9","hash":"175162402e0cf36367ef8263224ba1e828d837f4"}
,"/Users/martintang/Desktop/Github/TempestMap/backend/src/controllers/eventsController.js": {"path":"/Users/martintang/Desktop/Github/TempestMap/backend/src/controllers/eventsController.js","statementMap":{"0":{"start":{"line":1,"column":17},"end":{"line":1,"column":41}},"1":{"start":{"line":2,"column":14},"end":{"line":2,"column":30}},"2":{"start":{"line":3,"column":12},"end":{"line":3,"column":33}},"3":{"start":{"line":5,"column":0},"end":{"line":20,"column":2}},"4":{"start":{"line":6,"column":4},"end":{"line":19,"column":5}},"5":{"start":{"line":7,"column":23},"end":{"line":7,"column":45}},"6":{"start":{"line":8,"column":20},"end":{"line":8,"column":22}},"7":{"start":{"line":10,"column":8},"end":{"line":14,"column":47}},"8":{"start":{"line":11,"column":12},"end":{"line":11,"column":64}},"9":{"start":{"line":12,"column":12},"end":{"line":12,"column":52}},"10":{"start":{"line":13,"column":12},"end":{"line":13,"column":68}},"11":{"start":{"line":15,"column":8},"end":{"line":15,"column":48}},"12":{"start":{"line":17,"column":8},"end":{"line":17,"column":55}},"13":{"start":{"line":18,"column":8},"end":{"line":18,"column":65}},"14":{"start":{"line":22,"column":0},"end":{"line":50,"column":2}},"15":{"start":{"line":23,"column":4},"end":{"line":23,"column":52}},"16":{"start":{"line":24,"column":4},"end":{"line":49,"column":5}},"17":{"start":{"line":25,"column":28},"end":{"line":25,"column":66}},"18":{"start":{"line":26,"column":20},"end":{"line":26,"column":145}},"19":{"start":{"line":27,"column":8},"end":{"line":27,"column":54}},"20":{"start":{"line":29,"column":25},"end":{"line":29,"column":73}},"21":{"start":{"line":30,"column":24},"end":{"line":30,"column":26}},"22":{"start":{"line":32,"column":8},"end":{"line":45,"column":15}},"23":{"start":{"line":34,"column":34},"end":{"line":34,"column":52}},"24":{"start":{"line":36,"column":16},"end":{"line":39,"column":18}},"25":{"start":{"line":40,"column":16},"end":{"line":40,"column":34}},"26":{"start":{"line":43,"column":16},"end":{"line":43,"column":59}},"27":{"start":{"line":44,"column":16},"end":{"line":44,"column":78}},"28":{"start":{"line":47,"column":8},"end":{"line":47,"column":59}},"29":{"start":{"line":48,"column":8},"end":{"line":48,"column":70}}},"fnMap":{"0":{"name":"(anonymous_0)","decl":{"start":{"line":5,"column":20},"end":{"line":5,"column":21}},"loc":{"start":{"line":5,"column":40},"end":{"line":20,"column":1}},"line":5},"1":{"name":"(anonymous_1)","decl":{"start":{"line":22,"column":23},"end":{"line":22,"column":24}},"loc":{"start":{"line":22,"column":43},"end":{"line":50,"column":1}},"line":22},"2":{"name":"(anonymous_2)","decl":{"start":{"line":34,"column":24},"end":{"line":34,"column":25}},"loc":{"start":{"line":34,"column":34},"end":{"line":34,"column":52}},"line":34},"3":{"name":"(anonymous_3)","decl":{"start":{"line":35,"column":23},"end":{"line":35,"column":24}},"loc":{"start":{"line":35,"column":29},"end":{"line":41,"column":13}},"line":35},"4":{"name":"(anonymous_4)","decl":{"start":{"line":42,"column":25},"end":{"line":42,"column":26}},"loc":{"start":{"line":42,"column":36},"end":{"line":45,"column":13}},"line":42}},"branchMap":{},"s":{"0":2,"1":2,"2":2,"3":2,"4":2,"5":2,"6":2,"7":2,"8":2,"9":1,"10":1,"11":1,"12":1,"13":1,"14":2,"15":2,"16":2,"17":2,"18":2,"19":2,"20":2,"21":1,"22":1,"23":1,"24":1,"25":1,"26":0,"27":0,"28":1,"29":1},"f":{"0":2,"1":2,"2":1,"3":1,"4":0},"b":{},"_coverageSchema":"1a1c01bbd47fc00a2c39e90264f33305004495a9","hash":"85d2bb86c0e1f439d20f724df34c466356cb39d5"}
,"/Users/martintang/Desktop/Github/TempestMap/backend/src/controllers/indexController.js": {"path":"/Users/martintang/Desktop/Github/TempestMap/backend/src/controllers/indexController.js","statementMap":{"0":{"start":{"line":1,"column":30},"end":{"line":1,"column":68}},"1":{"start":{"line":3,"column":0},"end":{"line":5,"column":2}},"2":{"start":{"line":4,"column":4},"end":{"line":4,"column":49}},"3":{"start":{"line":7,"column":0},"end":{"line":16,"column":2}},"4":{"start":{"line":8,"column":4},"end":{"line":15,"column":5}},"5":{"start":{"line":9,"column":8},"end":{"line":9,"column":34}},"6":{"start":{"line":10,"column":8},"end":{"line":12,"column":11}},"7":{"start":{"line":14,"column":8},"end":{"line":14,"column":72}}},"fnMap":{"0":{"name":"(anonymous_0)","decl":{"start":{"line":3,"column":15},"end":{"line":3,"column":16}},"loc":{"start":{"line":3,"column":29},"end":{"line":5,"column":1}},"line":3},"1":{"name":"(anonymous_1)","decl":{"start":{"line":7,"column":19},"end":{"line":7,"column":20}},"loc":{"start":{"line":7,"column":39},"end":{"line":16,"column":1}},"line":7}},"branchMap":{},"s":{"0":2,"1":2,"2":1,"3":2,"4":2,"5":2,"6":1,"7":1},"f":{"0":1,"1":2},"b":{},"_coverageSchema":"1a1c01bbd47fc00a2c39e90264f33305004495a9","hash":"c28fe3bf8de66dcfa3af1f86b907e66e9e3eb713"}
,"/Users/martintang/Desktop/Github/TempestMap/backend/src/controllers/markersController.js": {"path":"/Users/martintang/Desktop/Github/TempestMap/backend/src/controllers/markersController.js","statementMap":{"0":{"start":{"line":1,"column":17},"end":{"line":1,"column":41}},"1":{"start":{"line":2,"column":23},"end":{"line":2,"column":38}},"2":{"start":{"line":4,"column":0},"end":{"line":43,"column":2}},"3":{"start":{"line":5,"column":22},"end":{"line":5,"column":61}},"4":{"start":{"line":6,"column":17},"end":{"line":6,"column":48}},"5":{"start":{"line":7,"column":21},"end":{"line":7,"column":60}},"6":{"start":{"line":8,"column":22},"end":{"line":8,"column":63}},"7":{"start":{"line":9,"column":24},"end":{"line":9,"column":69}},"8":{"start":{"line":10,"column":21},"end":{"line":10,"column":66}},"9":{"start":{"line":12,"column":4},"end":{"line":16,"column":5}},"10":{"start":{"line":13,"column":8},"end":{"line":15,"column":11}},"11":{"start":{"line":18,"column":26},"end":{"line":26,"column":5}},"12":{"start":{"line":28,"column":19},"end":{"line":31,"column":5}},"13":{"start":{"line":33,"column":4},"end":{"line":42,"column":5}},"14":{"start":{"line":34,"column":8},"end":{"line":34,"column":45}},"15":{"start":{"line":35,"column":8},"end":{"line":38,"column":11}},"16":{"start":{"line":40,"column":8},"end":{"line":40,"column":60}},"17":{"start":{"line":41,"column":8},"end":{"line":41,"column":70}},"18":{"start":{"line":45,"column":0},"end":{"line":66,"column":2}},"19":{"start":{"line":46,"column":19},"end":{"line":46,"column":47}},"20":{"start":{"line":47,"column":4},"end":{"line":65,"column":5}},"21":{"start":{"line":48,"column":23},"end":{"line":48,"column":60}},"22":{"start":{"line":49,"column":24},"end":{"line":57,"column":11}},"23":{"start":{"line":49,"column":52},"end":{"line":57,"column":9}},"24":{"start":{"line":58,"column":8},"end":{"line":58,"column":42}},"25":{"start":{"line":60,"column":8},"end":{"line":60,"column":56}},"26":{"start":{"line":61,"column":8},"end":{"line":64,"column":11}}},"fnMap":{"0":{"name":"(anonymous_0)","decl":{"start":{"line":4,"column":27},"end":{"line":4,"column":28}},"loc":{"start":{"line":4,"column":47},"end":{"line":43,"column":1}},"line":4},"1":{"name":"(anonymous_1)","decl":{"start":{"line":45,"column":25},"end":{"line":45,"column":26}},"loc":{"start":{"line":45,"column":45},"end":{"line":66,"column":1}},"line":45},"2":{"name":"(anonymous_2)","decl":{"start":{"line":49,"column":41},"end":{"line":49,"column":42}},"loc":{"start":{"line":49,"column":52},"end":{"line":57,"column":9}},"line":49}},"branchMap":{"0":{"loc":{"start":{"line":5,"column":22},"end":{"line":5,"column":61}},"type":"binary-expr","locations":[{"start":{"line":5,"column":22},"end":{"line":5,"column":33}},{"start":{"line":5,"column":37},"end":{"line":5,"column":49}},{"start":{"line":5,"column":53},"end":{"line":5,"column":61}}],"line":5},"1":{"loc":{"start":{"line":6,"column":17},"end":{"line":6,"column":48}},"type":"binary-expr","locations":[{"start":{"line":6,"column":17},"end":{"line":6,"column":30}},{"start":{"line":6,"column":34},"end":{"line":6,"column":48}}],"line":6},"2":{"loc":{"start":{"line":7,"column":21},"end":{"line":7,"column":60}},"type":"binary-expr","locations":[{"start":{"line":7,"column":21},"end":{"line":7,"column":38}},{"start":{"line":7,"column":42},"end":{"line":7,"column":60}}],"line":7},"3":{"loc":{"start":{"line":8,"column":22},"end":{"line":8,"column":63}},"type":"binary-expr","locations":[{"start":{"line":8,"column":22},"end":{"line":8,"column":40}},{"start":{"line":8,"column":44},"end":{"line":8,"column":63}}],"line":8},"4":{"loc":{"start":{"line":9,"column":24},"end":{"line":9,"column":69}},"type":"binary-expr","locations":[{"start":{"line":9,"column":24},"end":{"line":9,"column":44}},{"start":{"line":9,"column":48},"end":{"line":9,"column":69}}],"line":9},"5":{"loc":{"start":{"line":10,"column":21},"end":{"line":10,"column":66}},"type":"binary-expr","locations":[{"start":{"line":10,"column":21},"end":{"line":10,"column":38}},{"start":{"line":10,"column":42},"end":{"line":10,"column":60}},{"start":{"line":10,"column":64},"end":{"line":10,"column":66}}],"line":10},"6":{"loc":{"start":{"line":12,"column":4},"end":{"line":16,"column":5}},"type":"if","locations":[{"start":{"line":12,"column":4},"end":{"line":16,"column":5}},{"start":{},"end":{}}],"line":12},"7":{"loc":{"start":{"line":12,"column":8},"end":{"line":12,"column":56}},"type":"binary-expr","locations":[{"start":{"line":12,"column":8},"end":{"line":12,"column":13}},{"start":{"line":12,"column":17},"end":{"line":12,"column":26}},{"start":{"line":12,"column":30},"end":{"line":12,"column":40}},{"start":{"line":12,"column":44},"end":{"line":12,"column":56}}],"line":12},"8":{"loc":{"start":{"line":24,"column":18},"end":{"line":24,"column":57}},"type":"cond-expr","locations":[{"start":{"line":24,"column":44},"end":{"line":24,"column":52}},{"start":{"line":24,"column":55},"end":{"line":24,"column":57}}],"line":24},"9":{"loc":{"start":{"line":55,"column":22},"end":{"line":55,"column":41}},"type":"binary-expr","locations":[{"start":{"line":55,"column":22},"end":{"line":55,"column":35}},{"start":{"line":55,"column":39},"end":{"line":55,"column":41}}],"line":55}},"s":{"0":2,"1":2,"2":2,"3":4,"4":4,"5":4,"6":4,"7":4,"8":4,"9":4,"10":2,"11":2,"12":2,"13":2,"14":2,"15":1,"16":1,"17":1,"18":2,"19":0,"20":0,"21":0,"22":0,"23":0,"24":0,"25":0,"26":0},"f":{"0":4,"1":0,"2":0},"b":{"0":[4,4,4],"1":[4,2],"2":[4,2],"3":[4,2],"4":[4,2],"5":[4,4,4],"6":[2,2],"7":[4,2,2,2],"8":[2,0],"9":[0,0]},"_coverageSchema":"1a1c01bbd47fc00a2c39e90264f33305004495a9","hash":"6c25d3e7316739e183e58d022c590cccf92ff3b6"}
,"/Users/martintang/Desktop/Github/TempestMap/backend/src/controllers/usersController.js": {"path":"/Users/martintang/Desktop/Github/TempestMap/backend/src/controllers/usersController.js","statementMap":{"0":{"start":{"line":1,"column":17},"end":{"line":1,"column":41}},"1":{"start":{"line":2,"column":23},"end":{"line":2,"column":38}},"2":{"start":{"line":3,"column":20},"end":{"line":3,"column":62}},"3":{"start":{"line":5,"column":0},"end":{"line":63,"column":2}},"4":{"start":{"line":6,"column":18},"end":{"line":6,"column":55}},"5":{"start":{"line":7,"column":17},"end":{"line":7,"column":48}},"6":{"start":{"line":8,"column":21},"end":{"line":8,"column":60}},"7":{"start":{"line":9,"column":21},"end":{"line":9,"column":60}},"8":{"start":{"line":10,"column":22},"end":{"line":10,"column":63}},"9":{"start":{"line":11,"column":25},"end":{"line":11,"column":72}},"10":{"start":{"line":12,"column":18},"end":{"line":12,"column":51}},"11":{"start":{"line":13,"column":21},"end":{"line":13,"column":60}},"12":{"start":{"line":14,"column":26},"end":{"line":14,"column":48}},"13":{"start":{"line":16,"column":4},"end":{"line":27,"column":5}},"14":{"start":{"line":24,"column":8},"end":{"line":26,"column":72}},"15":{"start":{"line":29,"column":4},"end":{"line":31,"column":5}},"16":{"start":{"line":30,"column":8},"end":{"line":30,"column":27}},"17":{"start":{"line":33,"column":20},"end":{"line":44,"column":5}},"18":{"start":{"line":46,"column":19},"end":{"line":49,"column":5}},"19":{"start":{"line":51,"column":4},"end":{"line":62,"column":5}},"20":{"start":{"line":52,"column":8},"end":{"line":52,"column":45}},"21":{"start":{"line":54,"column":8},"end":{"line":54,"column":22}},"22":{"start":{"line":55,"column":8},"end":{"line":58,"column":11}},"23":{"start":{"line":60,"column":8},"end":{"line":60,"column":53}},"24":{"start":{"line":61,"column":8},"end":{"line":61,"column":63}},"25":{"start":{"line":65,"column":0},"end":{"line":88,"column":2}},"26":{"start":{"line":66,"column":24},"end":{"line":66,"column":34}},"27":{"start":{"line":67,"column":4},"end":{"line":71,"column":5}},"28":{"start":{"line":68,"column":8},"end":{"line":70,"column":66}},"29":{"start":{"line":73,"column":19},"end":{"line":76,"column":5}},"30":{"start":{"line":78,"column":4},"end":{"line":87,"column":5}},"31":{"start":{"line":79,"column":23},"end":{"line":79,"column":59}},"32":{"start":{"line":80,"column":8},"end":{"line":82,"column":9}},"33":{"start":{"line":81,"column":12},"end":{"line":81,"column":70}},"34":{"start":{"line":83,"column":8},"end":{"line":83,"column":52}},"35":{"start":{"line":85,"column":8},"end":{"line":85,"column":55}},"36":{"start":{"line":86,"column":8},"end":{"line":86,"column":65}},"37":{"start":{"line":90,"column":0},"end":{"line":119,"column":2}},"38":{"start":{"line":91,"column":45},"end":{"line":91,"column":53}},"39":{"start":{"line":92,"column":4},"end":{"line":96,"column":5}},"40":{"start":{"line":93,"column":8},"end":{"line":95,"column":11}},"41":{"start":{"line":98,"column":19},"end":{"line":107,"column":5}},"42":{"start":{"line":109,"column":4},"end":{"line":118,"column":5}},"43":{"start":{"line":110,"column":23},"end":{"line":110,"column":62}},"44":{"start":{"line":111,"column":8},"end":{"line":114,"column":11}},"45":{"start":{"line":116,"column":8},"end":{"line":116,"column":62}},"46":{"start":{"line":117,"column":8},"end":{"line":117,"column":72}}},"fnMap":{"0":{"name":"(anonymous_0)","decl":{"start":{"line":5,"column":21},"end":{"line":5,"column":22}},"loc":{"start":{"line":5,"column":41},"end":{"line":63,"column":1}},"line":5},"1":{"name":"(anonymous_1)","decl":{"start":{"line":65,"column":18},"end":{"line":65,"column":19}},"loc":{"start":{"line":65,"column":38},"end":{"line":88,"column":1}},"line":65},"2":{"name":"(anonymous_2)","decl":{"start":{"line":90,"column":29},"end":{"line":90,"column":30}},"loc":{"start":{"line":90,"column":49},"end":{"line":119,"column":1}},"line":90}},"branchMap":{"0":{"loc":{"start":{"line":6,"column":18},"end":{"line":6,"column":55}},"type":"binary-expr","locations":[{"start":{"line":6,"column":18},"end":{"line":6,"column":34}},{"start":{"line":6,"column":38},"end":{"line":6,"column":55}}],"line":6},"1":{"loc":{"start":{"line":7,"column":17},"end":{"line":7,"column":48}},"type":"binary-expr","locations":[{"start":{"line":7,"column":17},"end":{"line":7,"column":30}},{"start":{"line":7,"column":34},"end":{"line":7,"column":48}}],"line":7},"2":{"loc":{"start":{"line":8,"column":21},"end":{"line":8,"column":60}},"type":"binary-expr","locations":[{"start":{"line":8,"column":21},"end":{"line":8,"column":38}},{"start":{"line":8,"column":42},"end":{"line":8,"column":60}}],"line":8},"3":{"loc":{"start":{"line":9,"column":21},"end":{"line":9,"column":60}},"type":"binary-expr","locations":[{"start":{"line":9,"column":21},"end":{"line":9,"column":38}},{"start":{"line":9,"column":42},"end":{"line":9,"column":60}}],"line":9},"4":{"loc":{"start":{"line":10,"column":22},"end":{"line":10,"column":63}},"type":"binary-expr","locations":[{"start":{"line":10,"column":22},"end":{"line":10,"column":40}},{"start":{"line":10,"column":44},"end":{"line":10,"column":63}}],"line":10},"5":{"loc":{"start":{"line":11,"column":25},"end":{"line":11,"column":72}},"type":"binary-expr","locations":[{"start":{"line":11,"column":25},"end":{"line":11,"column":46}},{"start":{"line":11,"column":50},"end":{"line":11,"column":72}}],"line":11},"6":{"loc":{"start":{"line":12,"column":18},"end":{"line":12,"column":51}},"type":"binary-expr","locations":[{"start":{"line":12,"column":18},"end":{"line":12,"column":32}},{"start":{"line":12,"column":36},"end":{"line":12,"column":51}}],"line":12},"7":{"loc":{"start":{"line":13,"column":21},"end":{"line":13,"column":60}},"type":"binary-expr","locations":[{"start":{"line":13,"column":21},"end":{"line":13,"column":38}},{"start":{"line":13,"column":42},"end":{"line":13,"column":60}}],"line":13},"8":{"loc":{"start":{"line":16,"column":4},"end":{"line":27,"column":5}},"type":"if","locations":[{"start":{"line":16,"column":4},"end":{"line":27,"column":5}},{"start":{},"end":{}}],"line":16},"9":{"loc":{"start":{"line":17,"column":8},"end":{"line":22,"column":29}},"type":"binary-expr","locations":[{"start":{"line":17,"column":8},"end":{"line":17,"column":13}},{"start":{"line":18,"column":8},"end":{"line":18,"column":17}},{"start":{"line":19,"column":8},"end":{"line":19,"column":21}},{"start":{"line":20,"column":8},"end":{"line":20,"column":14}},{"start":{"line":21,"column":8},"end":{"line":21,"column":17}},{"start":{"line":22,"column":8},"end":{"line":22,"column":29}}],"line":17},"10":{"loc":{"start":{"line":29,"column":4},"end":{"line":31,"column":5}},"type":"if","locations":[{"start":{"line":29,"column":4},"end":{"line":31,"column":5}},{"start":{},"end":{}}],"line":29},"11":{"loc":{"start":{"line":67,"column":4},"end":{"line":71,"column":5}},"type":"if","locations":[{"start":{"line":67,"column":4},"end":{"line":71,"column":5}},{"start":{},"end":{}}],"line":67},"12":{"loc":{"start":{"line":80,"column":8},"end":{"line":82,"column":9}},"type":"if","locations":[{"start":{"line":80,"column":8},"end":{"line":82,"column":9}},{"start":{},"end":{}}],"line":80},"13":{"loc":{"start":{"line":92,"column":4},"end":{"line":96,"column":5}},"type":"if","locations":[{"start":{"line":92,"column":4},"end":{"line":96,"column":5}},{"start":{},"end":{}}],"line":92},"14":{"loc":{"start":{"line":92,"column":8},"end":{"line":92,"column":43}},"type":"binary-expr","locations":[{"start":{"line":92,"column":8},"end":{"line":92,"column":16}},{"start":{"line":92,"column":20},"end":{"line":92,"column":29}},{"start":{"line":92,"column":33},"end":{"line":92,"column":43}}],"line":92}},"s":{"0":2,"1":2,"2":2,"3":2,"4":3,"5":3,"6":3,"7":3,"8":3,"9":3,"10":3,"11":3,"12":3,"13":3,"14":1,"15":2,"16":0,"17":2,"18":2,"19":2,"20":2,"21":1,"22":1,"23":1,"24":1,"25":2,"26":3,"27":3,"28":0,"29":3,"30":3,"31":3,"32":2,"33":1,"34":1,"35":1,"36":1,"37":2,"38":3,"39":3,"40":1,"41":2,"42":2,"43":2,"44":1,"45":1,"46":1},"f":{"0":3,"1":3,"2":3},"b":{"0":[3,1],"1":[3,1],"2":[3,1],"3":[3,1],"4":[3,1],"5":[3,1],"6":[3,1],"7":[3,1],"8":[1,2],"9":[3,2,2,2,2,2],"10":[0,2],"11":[0,3],"12":[1,1],"13":[1,2],"14":[3,2,2]},"_coverageSchema":"1a1c01bbd47fc00a2c39e90264f33305004495a9","hash":"4c67db41a335f9d075921609507ce528ce1666c4"}
,"/Users/martintang/Desktop/Github/TempestMap/backend/src/routes/comments.js": {"path":"/Users/martintang/Desktop/Github/TempestMap/backend/src/routes/comments.js","statementMap":{"0":{"start":{"line":1,"column":16},"end":{"line":1,"column":34}},"1":{"start":{"line":2,"column":15},"end":{"line":2,"column":31}},"2":{"start":{"line":3,"column":27},"end":{"line":3,"column":71}},"3":{"start":{"line":5,"column":0},"end":{"line":5,"column":51}},"4":{"start":{"line":6,"column":0},"end":{"line":6,"column":57}},"5":{"start":{"line":7,"column":0},"end":{"line":7,"column":62}},"6":{"start":{"line":9,"column":0},"end":{"line":9,"column":24}}},"fnMap":{},"branchMap":{},"s":{"0":2,"1":2,"2":2,"3":2,"4":2,"5":2,"6":2},"f":{},"b":{},"_coverageSchema":"1a1c01bbd47fc00a2c39e90264f33305004495a9","hash":"afdd1e6741544460364fd7d44d9b874182364e6a"}
,"/Users/martintang/Desktop/Github/TempestMap/backend/src/routes/events.js": {"path":"/Users/martintang/Desktop/Github/TempestMap/backend/src/routes/events.js","statementMap":{"0":{"start":{"line":1,"column":16},"end":{"line":1,"column":34}},"1":{"start":{"line":2,"column":15},"end":{"line":2,"column":31}},"2":{"start":{"line":3,"column":25},"end":{"line":3,"column":67}},"3":{"start":{"line":5,"column":0},"end":{"line":5,"column":44}},"4":{"start":{"line":6,"column":0},"end":{"line":6,"column":52}},"5":{"start":{"line":8,"column":0},"end":{"line":8,"column":24}}},"fnMap":{},"branchMap":{},"s":{"0":2,"1":2,"2":2,"3":2,"4":2,"5":2},"f":{},"b":{},"_coverageSchema":"1a1c01bbd47fc00a2c39e90264f33305004495a9","hash":"06fa467f330b01d2be7fb37a3e6bb14629bf44e7"}
,"/Users/martintang/Desktop/Github/TempestMap/backend/src/routes/markers.js": {"path":"/Users/martintang/Desktop/Github/TempestMap/backend/src/routes/markers.js","statementMap":{"0":{"start":{"line":1,"column":16},"end":{"line":1,"column":34}},"1":{"start":{"line":2,"column":15},"end":{"line":2,"column":31}},"2":{"start":{"line":3,"column":26},"end":{"line":3,"column":69}},"3":{"start":{"line":5,"column":0},"end":{"line":5,"column":53}},"4":{"start":{"line":6,"column":0},"end":{"line":6,"column":50}},"5":{"start":{"line":8,"column":0},"end":{"line":8,"column":24}}},"fnMap":{},"branchMap":{},"s":{"0":2,"1":2,"2":2,"3":2,"4":2,"5":2},"f":{},"b":{},"_coverageSchema":"1a1c01bbd47fc00a2c39e90264f33305004495a9","hash":"be02694393517a38dc4f6675a08442aef98224f4"}
,"/Users/martintang/Desktop/Github/TempestMap/backend/src/routes/users.js": {"path":"/Users/martintang/Desktop/Github/TempestMap/backend/src/routes/users.js","statementMap":{"0":{"start":{"line":1,"column":16},"end":{"line":1,"column":34}},"1":{"start":{"line":2,"column":15},"end":{"line":2,"column":31}},"2":{"start":{"line":3,"column":24},"end":{"line":3,"column":65}},"3":{"start":{"line":5,"column":0},"end":{"line":5,"column":45}},"4":{"start":{"line":6,"column":0},"end":{"line":6,"column":49}},"5":{"start":{"line":7,"column":0},"end":{"line":7,"column":62}},"6":{"start":{"line":9,"column":0},"end":{"line":9,"column":24}}},"fnMap":{},"branchMap":{},"s":{"0":2,"1":2,"2":2,"3":2,"4":2,"5":2,"6":2},"f":{},"b":{},"_coverageSchema":"1a1c01bbd47fc00a2c39e90264f33305004495a9","hash":"5e4f79313e0534fa9f6823f8f4446032c61ba7b1"}
,"/Users/martintang/Desktop/Github/TempestMap/backend/src/services/disasterService.js": {"path":"/Users/martintang/Desktop/Github/TempestMap/backend/src/services/disasterService.js","statementMap":{"0":{"start":{"line":1,"column":14},"end":{"line":1,"column":30}},"1":{"start":{"line":2,"column":12},"end":{"line":2,"column":33}},"2":{"start":{"line":3,"column":23},"end":{"line":3,"column":38}},"3":{"start":{"line":4,"column":17},"end":{"line":4,"column":41}},"4":{"start":{"line":6,"column":24},"end":{"line":30,"column":1}},"5":{"start":{"line":7,"column":4},"end":{"line":29,"column":5}},"6":{"start":{"line":8,"column":8},"end":{"line":8,"column":70}},"7":{"start":{"line":9,"column":27},"end":{"line":12,"column":9}},"8":{"start":{"line":13,"column":21},"end":{"line":13,"column":62}},"9":{"start":{"line":14,"column":8},"end":{"line":26,"column":9}},"10":{"start":{"line":15,"column":35},"end":{"line":21,"column":14}},"11":{"start":{"line":16,"column":37},"end":{"line":19,"column":17}},"12":{"start":{"line":20,"column":16},"end":{"line":20,"column":63}},"13":{"start":{"line":22,"column":12},"end":{"line":22,"column":46}},"14":{"start":{"line":23,"column":12},"end":{"line":23,"column":79}},"15":{"start":{"line":25,"column":12},"end":{"line":25,"column":54}},"16":{"start":{"line":28,"column":8},"end":{"line":28,"column":55}},"17":{"start":{"line":32,"column":21},"end":{"line":59,"column":1}},"18":{"start":{"line":33,"column":4},"end":{"line":58,"column":5}},"19":{"start":{"line":34,"column":23},"end":{"line":50,"column":9}},"20":{"start":{"line":52,"column":8},"end":{"line":57,"column":9}},"21":{"start":{"line":53,"column":12},"end":{"line":53,"column":49}},"22":{"start":{"line":54,"column":12},"end":{"line":54,"column":60}},"23":{"start":{"line":56,"column":12},"end":{"line":56,"column":77}},"24":{"start":{"line":61,"column":26},"end":{"line":118,"column":1}},"25":{"start":{"line":62,"column":4},"end":{"line":117,"column":5}},"26":{"start":{"line":63,"column":8},"end":{"line":63,"column":44}},"27":{"start":{"line":65,"column":46},"end":{"line":93,"column":10}},"28":{"start":{"line":95,"column":8},"end":{"line":95,"column":32}},"29":{"start":{"line":97,"column":30},"end":{"line":99,"column":16}},"30":{"start":{"line":100,"column":25},"end":{"line":102,"column":16}},"31":{"start":{"line":103,"column":31},"end":{"line":103,"column":62}},"32":{"start":{"line":105,"column":8},"end":{"line":108,"column":10}},"33":{"start":{"line":109,"column":8},"end":{"line":113,"column":9}},"34":{"start":{"line":110,"column":12},"end":{"line":110,"column":47}},"35":{"start":{"line":112,"column":12},"end":{"line":112,"column":60}},"36":{"start":{"line":115,"column":8},"end":{"line":115,"column":70}},"37":{"start":{"line":116,"column":8},"end":{"line":116,"column":20}},"38":{"start":{"line":120,"column":0},"end":{"line":120,"column":39}}},"fnMap":{"0":{"name":"(anonymous_0)","decl":{"start":{"line":6,"column":24},"end":{"line":6,"column":25}},"loc":{"start":{"line":6,"column":36},"end":{"line":30,"column":1}},"line":6},"1":{"name":"(anonymous_1)","decl":{"start":{"line":15,"column":50},"end":{"line":15,"column":51}},"loc":{"start":{"line":15,"column":60},"end":{"line":21,"column":13}},"line":15},"2":{"name":"(anonymous_2)","decl":{"start":{"line":32,"column":21},"end":{"line":32,"column":22}},"loc":{"start":{"line":32,"column":39},"end":{"line":59,"column":1}},"line":32},"3":{"name":"(anonymous_3)","decl":{"start":{"line":61,"column":26},"end":{"line":61,"column":27}},"loc":{"start":{"line":61,"column":38},"end":{"line":118,"column":1}},"line":61}},"branchMap":{"0":{"loc":{"start":{"line":14,"column":8},"end":{"line":26,"column":9}},"type":"if","locations":[{"start":{"line":14,"column":8},"end":{"line":26,"column":9}},{"start":{"line":24,"column":15},"end":{"line":26,"column":9}}],"line":14},"1":{"loc":{"start":{"line":14,"column":12},"end":{"line":14,"column":47}},"type":"binary-expr","locations":[{"start":{"line":14,"column":12},"end":{"line":14,"column":22}},{"start":{"line":14,"column":26},"end":{"line":14,"column":47}}],"line":14},"2":{"loc":{"start":{"line":97,"column":30},"end":{"line":99,"column":16}},"type":"cond-expr","locations":[{"start":{"line":98,"column":14},"end":{"line":98,"column":41}},{"start":{"line":99,"column":14},"end":{"line":99,"column":16}}],"line":97},"3":{"loc":{"start":{"line":100,"column":25},"end":{"line":102,"column":16}},"type":"cond-expr","locations":[{"start":{"line":101,"column":14},"end":{"line":101,"column":36}},{"start":{"line":102,"column":14},"end":{"line":102,"column":16}}],"line":100},"4":{"loc":{"start":{"line":109,"column":8},"end":{"line":113,"column":9}},"type":"if","locations":[{"start":{"line":109,"column":8},"end":{"line":113,"column":9}},{"start":{"line":111,"column":15},"end":{"line":113,"column":9}}],"line":109}},"s":{"0":2,"1":2,"2":2,"3":2,"4":2,"5":1,"6":1,"7":1,"8":1,"9":1,"10":0,"11":0,"12":0,"13":0,"14":0,"15":1,"16":0,"17":2,"18":0,"19":0,"20":0,"21":0,"22":0,"23":0,"24":2,"25":2,"26":2,"27":2,"28":1,"29":1,"30":1,"31":1,"32":1,"33":1,"34":0,"35":1,"36":1,"37":1,"38":2},"f":{"0":1,"1":0,"2":0,"3":2},"b":{"0":[0,1],"1":[1,1],"2":[1,0],"3":[1,0],"4":[0,1]},"_coverageSchema":"1a1c01bbd47fc00a2c39e90264f33305004495a9","hash":"f6826c075e08d67e82bc6eaf9ea44e4383c5310a"}
,"/Users/martintang/Desktop/Github/TempestMap/backend/src/services/notificationService.js": {"path":"/Users/martintang/Desktop/Github/TempestMap/backend/src/services/notificationService.js","statementMap":{"0":{"start":{"line":1,"column":17},"end":{"line":1,"column":41}},"1":{"start":{"line":2,"column":25},"end":{"line":2,"column":54}},"2":{"start":{"line":3,"column":24},"end":{"line":3,"column":59}},"3":{"start":{"line":5,"column":20},"end":{"line":75,"column":1}},"4":{"start":{"line":6,"column":17},"end":{"line":6,"column":19}},"5":{"start":{"line":7,"column":4},"end":{"line":18,"column":5}},"6":{"start":{"line":8,"column":23},"end":{"line":8,"column":45}},"7":{"start":{"line":10,"column":8},"end":{"line":14,"column":47}},"8":{"start":{"line":11,"column":12},"end":{"line":11,"column":64}},"9":{"start":{"line":12,"column":12},"end":{"line":12,"column":54}},"10":{"start":{"line":13,"column":12},"end":{"line":13,"column":68}},"11":{"start":{"line":16,"column":8},"end":{"line":16,"column":55}},"12":{"start":{"line":17,"column":8},"end":{"line":17,"column":15}},"13":{"start":{"line":20,"column":16},"end":{"line":20,"column":18}},"14":{"start":{"line":21,"column":4},"end":{"line":32,"column":5}},"15":{"start":{"line":22,"column":23},"end":{"line":22,"column":44}},"16":{"start":{"line":24,"column":8},"end":{"line":28,"column":47}},"17":{"start":{"line":25,"column":12},"end":{"line":25,"column":64}},"18":{"start":{"line":26,"column":12},"end":{"line":26,"column":52}},"19":{"start":{"line":27,"column":12},"end":{"line":27,"column":68}},"20":{"start":{"line":30,"column":8},"end":{"line":30,"column":54}},"21":{"start":{"line":31,"column":8},"end":{"line":31,"column":15}},"22":{"start":{"line":34,"column":4},"end":{"line":74,"column":5}},"23":{"start":{"line":35,"column":8},"end":{"line":35,"column":42}},"24":{"start":{"line":35,"column":33},"end":{"line":35,"column":42}},"25":{"start":{"line":36,"column":8},"end":{"line":73,"column":9}},"26":{"start":{"line":37,"column":32},"end":{"line":43,"column":13}},"27":{"start":{"line":44,"column":12},"end":{"line":72,"column":13}},"28":{"start":{"line":45,"column":16},"end":{"line":47,"column":18}},"29":{"start":{"line":48,"column":16},"end":{"line":48,"column":59}},"30":{"start":{"line":49,"column":32},"end":{"line":62,"column":17}},"31":{"start":{"line":64,"column":16},"end":{"line":71,"column":23}},"32":{"start":{"line":67,"column":24},"end":{"line":67,"column":76}},"33":{"start":{"line":70,"column":24},"end":{"line":70,"column":71}},"34":{"start":{"line":77,"column":0},"end":{"line":77,"column":29}}},"fnMap":{"0":{"name":"(anonymous_0)","decl":{"start":{"line":5,"column":20},"end":{"line":5,"column":21}},"loc":{"start":{"line":5,"column":32},"end":{"line":75,"column":1}},"line":5},"1":{"name":"(anonymous_1)","decl":{"start":{"line":66,"column":26},"end":{"line":66,"column":27}},"loc":{"start":{"line":66,"column":40},"end":{"line":68,"column":21}},"line":66},"2":{"name":"(anonymous_2)","decl":{"start":{"line":69,"column":27},"end":{"line":69,"column":28}},"loc":{"start":{"line":69,"column":38},"end":{"line":71,"column":21}},"line":69}},"branchMap":{"0":{"loc":{"start":{"line":35,"column":8},"end":{"line":35,"column":42}},"type":"if","locations":[{"start":{"line":35,"column":8},"end":{"line":35,"column":42}},{"start":{},"end":{}}],"line":35},"1":{"loc":{"start":{"line":44,"column":12},"end":{"line":72,"column":13}},"type":"if","locations":[{"start":{"line":44,"column":12},"end":{"line":72,"column":13}},{"start":{},"end":{}}],"line":44}},"s":{"0":2,"1":2,"2":2,"3":2,"4":1,"5":1,"6":1,"7":1,"8":1,"9":1,"10":0,"11":1,"12":1,"13":0,"14":0,"15":0,"16":0,"17":0,"18":0,"19":0,"20":0,"21":0,"22":0,"23":0,"24":0,"25":0,"26":0,"27":0,"28":0,"29":0,"30":0,"31":0,"32":0,"33":0,"34":2},"f":{"0":1,"1":0,"2":0},"b":{"0":[0,0],"1":[0,0]},"_coverageSchema":"1a1c01bbd47fc00a2c39e90264f33305004495a9","hash":"2a7ec61384f7c5bbbf99e5ab24ecf5ba875f534e"}
,"/Users/martintang/Desktop/Github/TempestMap/backend/src/utils/dangerLevelCalc.js": {"path":"/Users/martintang/Desktop/Github/TempestMap/backend/src/utils/dangerLevelCalc.js","statementMap":{"0":{"start":{"line":1,"column":24},"end":{"line":27,"column":3}},"1":{"start":{"line":2,"column":29},"end":{"line":12,"column":5}},"2":{"start":{"line":14,"column":14},"end":{"line":14,"column":21}},"3":{"start":{"line":15,"column":17},"end":{"line":15,"column":48}},"4":{"start":{"line":16,"column":17},"end":{"line":16,"column":48}},"5":{"start":{"line":18,"column":6},"end":{"line":21,"column":31}},"6":{"start":{"line":22,"column":14},"end":{"line":22,"column":60}},"7":{"start":{"line":23,"column":21},"end":{"line":23,"column":26}},"8":{"start":{"line":24,"column":19},"end":{"line":24,"column":49}},"9":{"start":{"line":25,"column":27},"end":{"line":25,"column":67}},"10":{"start":{"line":26,"column":4},"end":{"line":26,"column":47}},"11":{"start":{"line":29,"column":2},"end":{"line":29,"column":35}}},"fnMap":{"0":{"name":"(anonymous_0)","decl":{"start":{"line":1,"column":24},"end":{"line":1,"column":25}},"loc":{"start":{"line":1,"column":66},"end":{"line":27,"column":3}},"line":1}},"branchMap":{},"s":{"0":2,"1":0,"2":0,"3":0,"4":0,"5":0,"6":0,"7":0,"8":0,"9":0,"10":0,"11":2},"f":{"0":0},"b":{},"_coverageSchema":"1a1c01bbd47fc00a2c39e90264f33305004495a9","hash":"b25ddc1faa00e3ba404b5d931d6dcff6ce4c0792"}
}
