TN:
SF:src/app.js
FNF:0
FNH:0
DA:1,10
DA:2,10
DA:4,10
DA:6,10
DA:7,10
DA:8,10
DA:9,10
DA:10,10
DA:12,10
DA:13,10
DA:14,10
DA:15,10
DA:16,10
DA:18,10
LF:14
LH:14
BRF:0
BRH:0
end_of_record
TN:
SF:src/config/aws.js
FNF:0
FNH:0
DA:1,10
DA:2,10
DA:4,10
DA:5,10
DA:7,10
LF:5
LH:5
BRF:0
BRH:0
end_of_record
TN:
SF:src/config/firebase.js
FNF:0
FNH:0
DA:1,10
DA:2,10
DA:4,10
DA:8,10
LF:4
LH:4
BRF:0
BRH:0
end_of_record
TN:
SF:src/controllers/commentsController.js
FN:4,(anonymous_0)
FN:62,(anonymous_1)
FN:90,(anonymous_2)
FN:111,(anonymous_3)
FNF:4
FNH:4
FNDA:5,(anonymous_0)
FNDA:3,(anonymous_1)
FNDA:5,(anonymous_2)
FNDA:1,(anonymous_3)
DA:1,10
DA:2,10
DA:4,10
DA:5,5
DA:6,5
DA:7,5
DA:8,5
DA:10,5
DA:11,1
DA:18,4
DA:19,2
DA:20,2
DA:21,1
DA:23,1
DA:26,3
DA:33,3
DA:46,3
DA:47,3
DA:48,2
DA:54,1
DA:55,1
DA:62,10
DA:63,3
DA:64,3
DA:65,3
DA:70,0
DA:71,0
DA:76,0
DA:77,0
DA:78,0
DA:80,0
DA:85,0
DA:86,0
DA:90,10
DA:91,5
DA:92,5
DA:93,5
DA:94,1
DA:99,4
DA:100,4
DA:105,4
DA:106,3
DA:107,2
DA:109,1
DA:110,1
DA:111,1
DA:113,1
DA:114,1
DA:116,0
DA:122,0
DA:123,0
DA:128,1
DA:129,1
LF:53
LH:42
BRDA:5,0,0,5
BRDA:5,0,1,1
BRDA:7,1,0,5
BRDA:7,1,1,1
BRDA:8,2,0,5
BRDA:8,2,1,2
BRDA:10,3,0,1
BRDA:10,3,1,4
BRDA:10,4,0,5
BRDA:10,4,1,5
BRDA:10,4,2,4
BRDA:18,5,0,2
BRDA:18,5,1,2
BRDA:20,6,0,1
BRDA:20,6,1,1
BRDA:29,7,0,3
BRDA:29,7,1,1
BRDA:64,8,0,3
BRDA:64,8,1,0
BRDA:77,9,0,0
BRDA:77,9,1,0
BRDA:82,10,0,0
BRDA:82,10,1,0
BRDA:92,11,0,5
BRDA:92,11,1,1
BRDA:93,12,0,1
BRDA:93,12,1,4
BRDA:93,13,0,5
BRDA:93,13,1,5
BRDA:106,14,0,2
BRDA:106,14,1,1
BRDA:109,15,0,1
BRDA:109,15,1,0
BRDA:113,16,0,1
BRDA:113,16,1,0
BRF:35
BRH:28
end_of_record
TN:
SF:src/controllers/eventsController.js
FN:5,(anonymous_0)
FN:22,(anonymous_1)
FN:34,(anonymous_2)
FN:35,(anonymous_3)
FN:42,(anonymous_4)
FNF:5
FNH:4
FNDA:2,(anonymous_0)
FNDA:2,(anonymous_1)
FNDA:1,(anonymous_2)
FNDA:1,(anonymous_3)
FNDA:0,(anonymous_4)
DA:1,10
DA:2,10
DA:3,10
DA:5,10
DA:6,2
DA:7,2
DA:8,2
DA:10,2
DA:11,2
DA:12,1
DA:13,1
DA:15,1
DA:17,1
DA:18,1
DA:22,10
DA:23,2
DA:24,2
DA:25,2
DA:26,2
DA:27,2
DA:29,2
DA:30,1
DA:32,1
DA:34,1
DA:36,1
DA:40,1
DA:43,0
DA:44,0
DA:47,1
DA:48,1
LF:30
LH:28
BRF:0
BRH:0
end_of_record
TN:
SF:src/controllers/indexController.js
FN:3,(anonymous_0)
FN:7,(anonymous_1)
FNF:2
FNH:2
FNDA:2,(anonymous_0)
FNDA:1,(anonymous_1)
DA:1,10
DA:3,10
DA:4,2
DA:7,10
DA:8,1
DA:9,1
DA:10,1
DA:14,0
LF:8
LH:7
BRF:0
BRH:0
end_of_record
TN:
SF:src/controllers/markersController.js
FN:4,(anonymous_0)
FN:45,(anonymous_1)
FN:49,(anonymous_2)
FNF:3
FNH:1
FNDA:4,(anonymous_0)
FNDA:0,(anonymous_1)
FNDA:0,(anonymous_2)
DA:1,10
DA:2,10
DA:4,10
DA:5,4
DA:6,4
DA:7,4
DA:8,4
DA:9,4
DA:10,4
DA:12,4
DA:13,2
DA:18,2
DA:28,2
DA:33,2
DA:34,2
DA:35,1
DA:40,1
DA:41,1
DA:45,10
DA:46,0
DA:47,0
DA:48,0
DA:49,0
DA:58,0
DA:60,0
DA:61,0
LF:26
LH:19
BRDA:5,0,0,4
BRDA:5,0,1,4
BRDA:5,0,2,4
BRDA:6,1,0,4
BRDA:6,1,1,2
BRDA:7,2,0,4
BRDA:7,2,1,2
BRDA:8,3,0,4
BRDA:8,3,1,2
BRDA:9,4,0,4
BRDA:9,4,1,2
BRDA:10,5,0,4
BRDA:10,5,1,4
BRDA:10,5,2,4
BRDA:12,6,0,2
BRDA:12,6,1,2
BRDA:12,7,0,4
BRDA:12,7,1,2
BRDA:12,7,2,2
BRDA:12,7,3,2
BRDA:24,8,0,2
BRDA:24,8,1,0
BRDA:55,9,0,0
BRDA:55,9,1,0
BRF:24
BRH:21
end_of_record
TN:
SF:src/controllers/usersController.js
FN:5,(anonymous_0)
FN:65,(anonymous_1)
FN:90,(anonymous_2)
FNF:3
FNH:3
FNDA:3,(anonymous_0)
FNDA:3,(anonymous_1)
FNDA:3,(anonymous_2)
DA:1,10
DA:2,10
DA:3,10
DA:5,10
DA:6,3
DA:7,3
DA:8,3
DA:9,3
DA:10,3
DA:11,3
DA:12,3
DA:13,3
DA:14,3
DA:16,3
DA:24,1
DA:29,2
DA:30,0
DA:33,2
DA:46,2
DA:51,2
DA:52,2
DA:54,1
DA:55,1
DA:60,1
DA:61,1
DA:65,10
DA:66,3
DA:67,3
DA:68,0
DA:73,3
DA:78,3
DA:79,3
DA:80,2
DA:81,1
DA:83,1
DA:85,1
DA:86,1
DA:90,10
DA:91,3
DA:92,3
DA:93,1
DA:98,2
DA:109,2
DA:110,2
DA:111,1
DA:116,1
DA:117,1
LF:47
LH:45
BRDA:6,0,0,3
BRDA:6,0,1,1
BRDA:7,1,0,3
BRDA:7,1,1,1
BRDA:8,2,0,3
BRDA:8,2,1,1
BRDA:9,3,0,3
BRDA:9,3,1,1
BRDA:10,4,0,3
BRDA:10,4,1,1
BRDA:11,5,0,3
BRDA:11,5,1,1
BRDA:12,6,0,3
BRDA:12,6,1,1
BRDA:13,7,0,3
BRDA:13,7,1,1
BRDA:16,8,0,1
BRDA:16,8,1,2
BRDA:17,9,0,3
BRDA:17,9,1,2
BRDA:17,9,2,2
BRDA:17,9,3,2
BRDA:17,9,4,2
BRDA:17,9,5,2
BRDA:29,10,0,0
BRDA:29,10,1,2
BRDA:67,11,0,0
BRDA:67,11,1,3
BRDA:80,12,0,1
BRDA:80,12,1,1
BRDA:92,13,0,1
BRDA:92,13,1,2
BRDA:92,14,0,3
BRDA:92,14,1,2
BRDA:92,14,2,2
BRF:35
BRH:33
end_of_record
TN:
SF:src/routes/comments.js
FNF:0
FNH:0
DA:1,10
DA:2,10
DA:3,10
DA:5,10
DA:6,10
DA:7,10
DA:9,10
LF:7
LH:7
BRF:0
BRH:0
end_of_record
TN:
SF:src/routes/events.js
FNF:0
FNH:0
DA:1,10
DA:2,10
DA:3,10
DA:5,10
DA:6,10
DA:8,10
LF:6
LH:6
BRF:0
BRH:0
end_of_record
TN:
SF:src/routes/markers.js
FNF:0
FNH:0
DA:1,10
DA:2,10
DA:3,10
DA:5,10
DA:6,10
DA:8,10
LF:6
LH:6
BRF:0
BRH:0
end_of_record
TN:
SF:src/routes/users.js
FNF:0
FNH:0
DA:1,10
DA:2,10
DA:3,10
DA:5,10
DA:6,10
DA:7,10
DA:9,10
LF:7
LH:7
BRF:0
BRH:0
end_of_record
TN:
SF:src/services/notificationService.js
FN:5,(anonymous_0)
FN:66,(anonymous_1)
FN:69,(anonymous_2)
FNF:3
FNH:1
FNDA:1,(anonymous_0)
FNDA:0,(anonymous_1)
FNDA:0,(anonymous_2)
DA:1,10
DA:2,10
DA:3,10
DA:5,10
DA:6,1
DA:7,1
DA:8,1
DA:10,1
DA:11,1
DA:12,1
DA:13,0
DA:16,1
DA:17,1
DA:20,0
DA:21,0
DA:22,0
DA:24,0
DA:25,0
DA:26,0
DA:27,0
DA:30,0
DA:31,0
DA:34,0
DA:35,0
DA:36,0
DA:37,0
DA:44,0
DA:45,0
DA:48,0
DA:49,0
DA:64,0
DA:67,0
DA:70,0
DA:77,10
LF:34
LH:13
BRDA:35,0,0,0
BRDA:35,0,1,0
BRDA:44,1,0,0
BRDA:44,1,1,0
BRF:4
BRH:0
end_of_record
TN:
SF:src/services/weatherService.js
FN:6,(anonymous_0)
FN:15,(anonymous_1)
FN:32,(anonymous_2)
FN:61,(anonymous_3)
FNF:4
FNH:2
FNDA:1,(anonymous_0)
FNDA:0,(anonymous_1)
FNDA:0,(anonymous_2)
FNDA:1,(anonymous_3)
DA:1,10
DA:2,10
DA:3,10
DA:4,10
DA:6,10
DA:7,1
DA:8,1
DA:9,1
DA:13,1
DA:14,1
DA:15,0
DA:16,0
DA:20,0
DA:22,0
DA:23,0
DA:25,1
DA:28,0
DA:32,10
DA:33,0
DA:34,0
DA:52,0
DA:53,0
DA:54,0
DA:56,0
DA:61,10
DA:62,1
DA:63,1
DA:65,1
DA:95,1
DA:97,1
DA:100,1
DA:103,1
DA:105,1
DA:109,1
DA:110,0
DA:112,1
DA:115,0
DA:116,0
DA:120,10
LF:39
LH:24
BRDA:14,0,0,0
BRDA:14,0,1,1
BRDA:14,1,0,1
BRDA:14,1,1,1
BRDA:97,2,0,1
BRDA:97,2,1,0
BRDA:100,3,0,1
BRDA:100,3,1,0
BRDA:109,4,0,0
BRDA:109,4,1,1
BRF:10
BRH:6
end_of_record
TN:
SF:src/utils/dangerLevelCalc.js
FN:1,(anonymous_0)
FNF:1
FNH:0
FNDA:0,(anonymous_0)
DA:1,10
DA:2,0
DA:14,0
DA:15,0
DA:16,0
DA:18,0
DA:22,0
DA:23,0
DA:24,0
DA:25,0
DA:26,0
DA:29,10
LF:12
LH:2
BRF:0
BRH:0
end_of_record
