{"/Users/martintang/Desktop/Github/TempestMap/backend/tempest.js": {"path":"/Users/martintang/Desktop/Github/TempestMap/backend/tempest.js","statementMap":{"0":{"start":{"line":1,"column":16},"end":{"line":1,"column":34}},"1":{"start":{"line":2,"column":12},"end":{"line":2,"column":30}},"2":{"start":{"line":3,"column":13},"end":{"line":3,"column":33}},"3":{"start":{"line":4,"column":14},"end":{"line":4,"column":30}},"4":{"start":{"line":5,"column":12},"end":{"line":5,"column":33}},"5":{"start":{"line":6,"column":23},"end":{"line":6,"column":38}},"6":{"start":{"line":7,"column":46},"end":{"line":7,"column":75}},"7":{"start":{"line":8,"column":25},"end":{"line":8,"column":60}},"8":{"start":{"line":11,"column":12},"end":{"line":11,"column":21}},"9":{"start":{"line":12,"column":17},"end":{"line":14,"column":2}},"10":{"start":{"line":15,"column":0},"end":{"line":15,"column":24}},"11":{"start":{"line":18,"column":0},"end":{"line":18,"column":64}},"12":{"start":{"line":19,"column":0},"end":{"line":19,"column":43}},"13":{"start":{"line":20,"column":17},"end":{"line":20,"column":50}},"14":{"start":{"line":25,"column":0},"end":{"line":33,"column":3}},"15":{"start":{"line":26,"column":2},"end":{"line":32,"column":3}},"16":{"start":{"line":27,"column":4},"end":{"line":27,"column":47}},"17":{"start":{"line":29,"column":4},"end":{"line":29,"column":34}},"18":{"start":{"line":31,"column":4},"end":{"line":31,"column":45}},"19":{"start":{"line":37,"column":0},"end":{"line":46,"column":3}},"20":{"start":{"line":38,"column":2},"end":{"line":45,"column":3}},"21":{"start":{"line":39,"column":4},"end":{"line":39,"column":30}},"22":{"start":{"line":40,"column":4},"end":{"line":40,"column":77}},"23":{"start":{"line":43,"column":4},"end":{"line":43,"column":49}},"24":{"start":{"line":44,"column":4},"end":{"line":44,"column":68}},"25":{"start":{"line":48,"column":0},"end":{"line":67,"column":3}},"26":{"start":{"line":49,"column":2},"end":{"line":66,"column":3}},"27":{"start":{"line":50,"column":19},"end":{"line":52,"column":5}},"28":{"start":{"line":54,"column":16},"end":{"line":54,"column":18}},"29":{"start":{"line":56,"column":4},"end":{"line":60,"column":43}},"30":{"start":{"line":57,"column":6},"end":{"line":57,"column":58}},"31":{"start":{"line":58,"column":6},"end":{"line":58,"column":46}},"32":{"start":{"line":59,"column":6},"end":{"line":59,"column":62}},"33":{"start":{"line":62,"column":4},"end":{"line":62,"column":44}},"34":{"start":{"line":64,"column":4},"end":{"line":64,"column":51}},"35":{"start":{"line":65,"column":4},"end":{"line":65,"column":61}},"36":{"start":{"line":70,"column":0},"end":{"line":108,"column":3}},"37":{"start":{"line":71,"column":46},"end":{"line":71,"column":54}},"38":{"start":{"line":74,"column":2},"end":{"line":76,"column":3}},"39":{"start":{"line":75,"column":4},"end":{"line":75,"column":106}},"40":{"start":{"line":79,"column":19},"end":{"line":92,"column":3}},"41":{"start":{"line":95,"column":17},"end":{"line":98,"column":3}},"42":{"start":{"line":100,"column":2},"end":{"line":107,"column":3}},"43":{"start":{"line":102,"column":4},"end":{"line":102,"column":41}},"44":{"start":{"line":103,"column":4},"end":{"line":103,"column":92}},"45":{"start":{"line":105,"column":4},"end":{"line":105,"column":57}},"46":{"start":{"line":106,"column":4},"end":{"line":106,"column":67}},"47":{"start":{"line":112,"column":0},"end":{"line":138,"column":3}},"48":{"start":{"line":113,"column":2},"end":{"line":113,"column":50}},"49":{"start":{"line":114,"column":2},"end":{"line":137,"column":3}},"50":{"start":{"line":115,"column":26},"end":{"line":115,"column":64}},"51":{"start":{"line":116,"column":18},"end":{"line":116,"column":143}},"52":{"start":{"line":117,"column":6},"end":{"line":117,"column":52}},"53":{"start":{"line":119,"column":23},"end":{"line":119,"column":71}},"54":{"start":{"line":120,"column":22},"end":{"line":120,"column":24}},"55":{"start":{"line":123,"column":6},"end":{"line":133,"column":13}},"56":{"start":{"line":125,"column":32},"end":{"line":125,"column":50}},"57":{"start":{"line":127,"column":14},"end":{"line":127,"column":82}},"58":{"start":{"line":128,"column":14},"end":{"line":128,"column":32}},"59":{"start":{"line":131,"column":14},"end":{"line":131,"column":57}},"60":{"start":{"line":132,"column":14},"end":{"line":132,"column":76}},"61":{"start":{"line":135,"column":6},"end":{"line":135,"column":57}},"62":{"start":{"line":136,"column":6},"end":{"line":136,"column":68}},"63":{"start":{"line":143,"column":0},"end":{"line":184,"column":3}},"64":{"start":{"line":145,"column":23},"end":{"line":145,"column":33}},"65":{"start":{"line":146,"column":18},"end":{"line":146,"column":55}},"66":{"start":{"line":147,"column":15},"end":{"line":147,"column":46}},"67":{"start":{"line":149,"column":2},"end":{"line":153,"column":3}},"68":{"start":{"line":150,"column":4},"end":{"line":150,"column":25}},"69":{"start":{"line":151,"column":4},"end":{"line":151,"column":24}},"70":{"start":{"line":152,"column":4},"end":{"line":152,"column":90}},"71":{"start":{"line":156,"column":21},"end":{"line":161,"column":3}},"72":{"start":{"line":163,"column":17},"end":{"line":172,"column":3}},"73":{"start":{"line":174,"column":2},"end":{"line":183,"column":3}},"74":{"start":{"line":175,"column":19},"end":{"line":175,"column":58}},"75":{"start":{"line":176,"column":4},"end":{"line":179,"column":7}},"76":{"start":{"line":181,"column":4},"end":{"line":181,"column":53}},"77":{"start":{"line":182,"column":4},"end":{"line":182,"column":63}},"78":{"start":{"line":186,"column":0},"end":{"line":214,"column":3}},"79":{"start":{"line":187,"column":23},"end":{"line":187,"column":33}},"80":{"start":{"line":189,"column":2},"end":{"line":191,"column":3}},"81":{"start":{"line":190,"column":4},"end":{"line":190,"column":85}},"82":{"start":{"line":193,"column":2},"end":{"line":213,"column":3}},"83":{"start":{"line":194,"column":19},"end":{"line":198,"column":5}},"84":{"start":{"line":200,"column":19},"end":{"line":200,"column":55}},"85":{"start":{"line":202,"column":4},"end":{"line":204,"column":5}},"86":{"start":{"line":203,"column":6},"end":{"line":203,"column":65}},"87":{"start":{"line":206,"column":4},"end":{"line":209,"column":7}},"88":{"start":{"line":211,"column":4},"end":{"line":211,"column":55}},"89":{"start":{"line":212,"column":4},"end":{"line":212,"column":66}},"90":{"start":{"line":216,"column":0},"end":{"line":262,"column":3}},"91":{"start":{"line":218,"column":23},"end":{"line":218,"column":33}},"92":{"start":{"line":219,"column":21},"end":{"line":219,"column":64}},"93":{"start":{"line":221,"column":2},"end":{"line":223,"column":3}},"94":{"start":{"line":222,"column":4},"end":{"line":222,"column":94}},"95":{"start":{"line":225,"column":2},"end":{"line":261,"column":3}},"96":{"start":{"line":227,"column":22},"end":{"line":231,"column":5}},"97":{"start":{"line":233,"column":17},"end":{"line":233,"column":56}},"98":{"start":{"line":234,"column":4},"end":{"line":236,"column":5}},"99":{"start":{"line":235,"column":6},"end":{"line":235,"column":65}},"100":{"start":{"line":238,"column":21},"end":{"line":238,"column":45}},"101":{"start":{"line":240,"column":25},"end":{"line":240,"column":77}},"102":{"start":{"line":240,"column":49},"end":{"line":240,"column":76}},"103":{"start":{"line":241,"column":4},"end":{"line":243,"column":5}},"104":{"start":{"line":242,"column":6},"end":{"line":242,"column":67}},"105":{"start":{"line":246,"column":25},"end":{"line":251,"column":5}},"106":{"start":{"line":253,"column":25},"end":{"line":253,"column":70}},"107":{"start":{"line":254,"column":4},"end":{"line":257,"column":7}},"108":{"start":{"line":259,"column":4},"end":{"line":259,"column":52}},"109":{"start":{"line":260,"column":4},"end":{"line":260,"column":63}},"110":{"start":{"line":264,"column":0},"end":{"line":337,"column":3}},"111":{"start":{"line":266,"column":18},"end":{"line":266,"column":55}},"112":{"start":{"line":267,"column":15},"end":{"line":267,"column":46}},"113":{"start":{"line":268,"column":19},"end":{"line":268,"column":58}},"114":{"start":{"line":269,"column":19},"end":{"line":269,"column":58}},"115":{"start":{"line":270,"column":20},"end":{"line":270,"column":61}},"116":{"start":{"line":271,"column":23},"end":{"line":271,"column":70}},"117":{"start":{"line":272,"column":16},"end":{"line":272,"column":49}},"118":{"start":{"line":273,"column":19},"end":{"line":273,"column":58}},"119":{"start":{"line":274,"column":24},"end":{"line":274,"column":73}},"120":{"start":{"line":276,"column":2},"end":{"line":279,"column":3}},"121":{"start":{"line":277,"column":4},"end":{"line":277,"column":40}},"122":{"start":{"line":278,"column":4},"end":{"line":278,"column":134}},"123":{"start":{"line":281,"column":2},"end":{"line":281,"column":63}},"124":{"start":{"line":283,"column":2},"end":{"line":285,"column":3}},"125":{"start":{"line":284,"column":4},"end":{"line":284,"column":24}},"126":{"start":{"line":287,"column":18},"end":{"line":298,"column":3}},"127":{"start":{"line":300,"column":17},"end":{"line":303,"column":3}},"128":{"start":{"line":305,"column":2},"end":{"line":336,"column":3}},"129":{"start":{"line":306,"column":4},"end":{"line":306,"column":41}},"130":{"start":{"line":330,"column":4},"end":{"line":330,"column":18}},"131":{"start":{"line":332,"column":4},"end":{"line":332,"column":82}},"132":{"start":{"line":334,"column":4},"end":{"line":334,"column":49}},"133":{"start":{"line":335,"column":4},"end":{"line":335,"column":59}},"134":{"start":{"line":339,"column":0},"end":{"line":361,"column":3}},"135":{"start":{"line":340,"column":22},"end":{"line":340,"column":32}},"136":{"start":{"line":342,"column":2},"end":{"line":344,"column":3}},"137":{"start":{"line":343,"column":4},"end":{"line":343,"column":80}},"138":{"start":{"line":346,"column":17},"end":{"line":349,"column":3}},"139":{"start":{"line":351,"column":2},"end":{"line":360,"column":3}},"140":{"start":{"line":352,"column":19},"end":{"line":352,"column":55}},"141":{"start":{"line":353,"column":4},"end":{"line":355,"column":5}},"142":{"start":{"line":354,"column":6},"end":{"line":354,"column":64}},"143":{"start":{"line":356,"column":4},"end":{"line":356,"column":48}},"144":{"start":{"line":358,"column":4},"end":{"line":358,"column":51}},"145":{"start":{"line":359,"column":4},"end":{"line":359,"column":61}},"146":{"start":{"line":363,"column":0},"end":{"line":394,"column":3}},"147":{"start":{"line":364,"column":43},"end":{"line":364,"column":51}},"148":{"start":{"line":367,"column":2},"end":{"line":369,"column":3}},"149":{"start":{"line":368,"column":4},"end":{"line":368,"column":103}},"150":{"start":{"line":372,"column":17},"end":{"line":381,"column":3}},"151":{"start":{"line":383,"column":2},"end":{"line":393,"column":3}},"152":{"start":{"line":385,"column":19},"end":{"line":385,"column":58}},"153":{"start":{"line":386,"column":4},"end":{"line":389,"column":7}},"154":{"start":{"line":391,"column":4},"end":{"line":391,"column":58}},"155":{"start":{"line":392,"column":4},"end":{"line":392,"column":68}},"156":{"start":{"line":398,"column":24},"end":{"line":426,"column":1}},"157":{"start":{"line":399,"column":2},"end":{"line":425,"column":3}},"158":{"start":{"line":400,"column":4},"end":{"line":400,"column":66}},"159":{"start":{"line":402,"column":23},"end":{"line":405,"column":5}},"160":{"start":{"line":407,"column":17},"end":{"line":407,"column":58}},"161":{"start":{"line":409,"column":4},"end":{"line":422,"column":5}},"162":{"start":{"line":411,"column":29},"end":{"line":417,"column":8}},"163":{"start":{"line":412,"column":29},"end":{"line":415,"column":9}},"164":{"start":{"line":416,"column":8},"end":{"line":416,"column":55}},"165":{"start":{"line":418,"column":6},"end":{"line":418,"column":40}},"166":{"start":{"line":419,"column":6},"end":{"line":419,"column":73}},"167":{"start":{"line":421,"column":6},"end":{"line":421,"column":48}},"168":{"start":{"line":424,"column":4},"end":{"line":424,"column":51}},"169":{"start":{"line":428,"column":21},"end":{"line":455,"column":1}},"170":{"start":{"line":429,"column":2},"end":{"line":454,"column":3}},"171":{"start":{"line":430,"column":19},"end":{"line":446,"column":5}},"172":{"start":{"line":448,"column":4},"end":{"line":453,"column":5}},"173":{"start":{"line":449,"column":6},"end":{"line":449,"column":43}},"174":{"start":{"line":450,"column":6},"end":{"line":450,"column":54}},"175":{"start":{"line":452,"column":6},"end":{"line":452,"column":71}},"176":{"start":{"line":459,"column":26},"end":{"line":509,"column":1}},"177":{"start":{"line":460,"column":2},"end":{"line":508,"column":3}},"178":{"start":{"line":461,"column":4},"end":{"line":461,"column":40}},"179":{"start":{"line":463,"column":42},"end":{"line":485,"column":6}},"180":{"start":{"line":487,"column":4},"end":{"line":487,"column":28}},"181":{"start":{"line":489,"column":26},"end":{"line":491,"column":10}},"182":{"start":{"line":492,"column":21},"end":{"line":494,"column":10}},"183":{"start":{"line":496,"column":27},"end":{"line":496,"column":58}},"184":{"start":{"line":498,"column":4},"end":{"line":498,"column":77}},"185":{"start":{"line":500,"column":4},"end":{"line":504,"column":5}},"186":{"start":{"line":501,"column":6},"end":{"line":501,"column":41}},"187":{"start":{"line":503,"column":6},"end":{"line":503,"column":54}},"188":{"start":{"line":506,"column":4},"end":{"line":506,"column":66}},"189":{"start":{"line":507,"column":4},"end":{"line":507,"column":16}},"190":{"start":{"line":511,"column":20},"end":{"line":578,"column":1}},"191":{"start":{"line":512,"column":15},"end":{"line":512,"column":17}},"192":{"start":{"line":513,"column":2},"end":{"line":528,"column":3}},"193":{"start":{"line":514,"column":19},"end":{"line":516,"column":5}},"194":{"start":{"line":519,"column":4},"end":{"line":523,"column":43}},"195":{"start":{"line":520,"column":6},"end":{"line":520,"column":58}},"196":{"start":{"line":521,"column":6},"end":{"line":521,"column":48}},"197":{"start":{"line":522,"column":6},"end":{"line":522,"column":62}},"198":{"start":{"line":526,"column":4},"end":{"line":526,"column":51}},"199":{"start":{"line":527,"column":4},"end":{"line":527,"column":11}},"200":{"start":{"line":530,"column":14},"end":{"line":530,"column":16}},"201":{"start":{"line":531,"column":2},"end":{"line":546,"column":3}},"202":{"start":{"line":532,"column":19},"end":{"line":534,"column":5}},"203":{"start":{"line":537,"column":4},"end":{"line":541,"column":43}},"204":{"start":{"line":538,"column":6},"end":{"line":538,"column":58}},"205":{"start":{"line":539,"column":6},"end":{"line":539,"column":46}},"206":{"start":{"line":540,"column":6},"end":{"line":540,"column":62}},"207":{"start":{"line":544,"column":4},"end":{"line":544,"column":50}},"208":{"start":{"line":545,"column":4},"end":{"line":545,"column":11}},"209":{"start":{"line":548,"column":2},"end":{"line":577,"column":3}},"210":{"start":{"line":549,"column":4},"end":{"line":576,"column":5}},"211":{"start":{"line":550,"column":26},"end":{"line":550,"column":112}},"212":{"start":{"line":551,"column":6},"end":{"line":575,"column":7}},"213":{"start":{"line":552,"column":8},"end":{"line":552,"column":141}},"214":{"start":{"line":553,"column":8},"end":{"line":553,"column":51}},"215":{"start":{"line":554,"column":24},"end":{"line":565,"column":9}},"216":{"start":{"line":567,"column":8},"end":{"line":574,"column":13}},"217":{"start":{"line":570,"column":12},"end":{"line":570,"column":64}},"218":{"start":{"line":573,"column":12},"end":{"line":573,"column":57}},"219":{"start":{"line":580,"column":24},"end":{"line":616,"column":1}},"220":{"start":{"line":582,"column":2},"end":{"line":592,"column":4}},"221":{"start":{"line":594,"column":12},"end":{"line":594,"column":19}},"222":{"start":{"line":597,"column":15},"end":{"line":597,"column":46}},"223":{"start":{"line":598,"column":15},"end":{"line":598,"column":46}},"224":{"start":{"line":600,"column":12},"end":{"line":602,"column":51}},"225":{"start":{"line":604,"column":12},"end":{"line":604,"column":58}},"226":{"start":{"line":606,"column":2},"end":{"line":606,"column":19}},"227":{"start":{"line":608,"column":17},"end":{"line":608,"column":47}},"228":{"start":{"line":610,"column":25},"end":{"line":610,"column":65}},"229":{"start":{"line":612,"column":23},"end":{"line":612,"column":56}},"230":{"start":{"line":614,"column":2},"end":{"line":614,"column":22}},"231":{"start":{"line":621,"column":0},"end":{"line":625,"column":1}},"232":{"start":{"line":622,"column":2},"end":{"line":624,"column":5}},"233":{"start":{"line":623,"column":4},"end":{"line":623,"column":62}},"234":{"start":{"line":627,"column":0},"end":{"line":627,"column":21}}},"fnMap":{"0":{"name":"(anonymous_0)","decl":{"start":{"line":25,"column":13},"end":{"line":25,"column":14}},"loc":{"start":{"line":25,"column":33},"end":{"line":33,"column":1}},"line":25},"1":{"name":"(anonymous_1)","decl":{"start":{"line":37,"column":23},"end":{"line":37,"column":24}},"loc":{"start":{"line":37,"column":43},"end":{"line":46,"column":1}},"line":37},"2":{"name":"(anonymous_2)","decl":{"start":{"line":48,"column":18},"end":{"line":48,"column":19}},"loc":{"start":{"line":48,"column":38},"end":{"line":67,"column":1}},"line":48},"3":{"name":"(anonymous_3)","decl":{"start":{"line":70,"column":26},"end":{"line":70,"column":27}},"loc":{"start":{"line":70,"column":46},"end":{"line":108,"column":1}},"line":70},"4":{"name":"(anonymous_4)","decl":{"start":{"line":112,"column":24},"end":{"line":112,"column":25}},"loc":{"start":{"line":112,"column":44},"end":{"line":138,"column":1}},"line":112},"5":{"name":"(anonymous_5)","decl":{"start":{"line":125,"column":22},"end":{"line":125,"column":23}},"loc":{"start":{"line":125,"column":32},"end":{"line":125,"column":50}},"line":125},"6":{"name":"(anonymous_6)","decl":{"start":{"line":126,"column":21},"end":{"line":126,"column":22}},"loc":{"start":{"line":126,"column":27},"end":{"line":129,"column":11}},"line":126},"7":{"name":"(anonymous_7)","decl":{"start":{"line":130,"column":23},"end":{"line":130,"column":24}},"loc":{"start":{"line":130,"column":34},"end":{"line":133,"column":11}},"line":130},"8":{"name":"(anonymous_8)","decl":{"start":{"line":143,"column":31},"end":{"line":143,"column":32}},"loc":{"start":{"line":143,"column":51},"end":{"line":184,"column":1}},"line":143},"9":{"name":"(anonymous_9)","decl":{"start":{"line":186,"column":30},"end":{"line":186,"column":31}},"loc":{"start":{"line":186,"column":50},"end":{"line":214,"column":1}},"line":186},"10":{"name":"(anonymous_10)","decl":{"start":{"line":216,"column":33},"end":{"line":216,"column":34}},"loc":{"start":{"line":216,"column":53},"end":{"line":262,"column":1}},"line":216},"11":{"name":"(anonymous_11)","decl":{"start":{"line":240,"column":44},"end":{"line":240,"column":45}},"loc":{"start":{"line":240,"column":49},"end":{"line":240,"column":76}},"line":240},"12":{"name":"(anonymous_12)","decl":{"start":{"line":264,"column":18},"end":{"line":264,"column":19}},"loc":{"start":{"line":264,"column":38},"end":{"line":337,"column":1}},"line":264},"13":{"name":"(anonymous_13)","decl":{"start":{"line":339,"column":26},"end":{"line":339,"column":27}},"loc":{"start":{"line":339,"column":46},"end":{"line":361,"column":1}},"line":339},"14":{"name":"(anonymous_14)","decl":{"start":{"line":363,"column":28},"end":{"line":363,"column":29}},"loc":{"start":{"line":363,"column":48},"end":{"line":394,"column":1}},"line":363},"15":{"name":"(anonymous_15)","decl":{"start":{"line":398,"column":24},"end":{"line":398,"column":25}},"loc":{"start":{"line":398,"column":36},"end":{"line":426,"column":1}},"line":398},"16":{"name":"(anonymous_16)","decl":{"start":{"line":411,"column":44},"end":{"line":411,"column":45}},"loc":{"start":{"line":411,"column":54},"end":{"line":417,"column":7}},"line":411},"17":{"name":"(anonymous_17)","decl":{"start":{"line":428,"column":21},"end":{"line":428,"column":22}},"loc":{"start":{"line":428,"column":39},"end":{"line":455,"column":1}},"line":428},"18":{"name":"(anonymous_18)","decl":{"start":{"line":459,"column":26},"end":{"line":459,"column":27}},"loc":{"start":{"line":459,"column":38},"end":{"line":509,"column":1}},"line":459},"19":{"name":"(anonymous_19)","decl":{"start":{"line":511,"column":20},"end":{"line":511,"column":21}},"loc":{"start":{"line":511,"column":32},"end":{"line":578,"column":1}},"line":511},"20":{"name":"(anonymous_20)","decl":{"start":{"line":568,"column":16},"end":{"line":568,"column":17}},"loc":{"start":{"line":568,"column":30},"end":{"line":571,"column":11}},"line":568},"21":{"name":"(anonymous_21)","decl":{"start":{"line":572,"column":17},"end":{"line":572,"column":18}},"loc":{"start":{"line":572,"column":28},"end":{"line":574,"column":11}},"line":572},"22":{"name":"(anonymous_22)","decl":{"start":{"line":580,"column":24},"end":{"line":580,"column":25}},"loc":{"start":{"line":580,"column":71},"end":{"line":616,"column":1}},"line":580},"23":{"name":"(anonymous_23)","decl":{"start":{"line":622,"column":17},"end":{"line":622,"column":18}},"loc":{"start":{"line":622,"column":23},"end":{"line":624,"column":3}},"line":622}},"branchMap":{"0":{"loc":{"start":{"line":74,"column":2},"end":{"line":76,"column":3}},"type":"if","locations":[{"start":{"line":74,"column":2},"end":{"line":76,"column":3}},{"start":{},"end":{}}],"line":74},"1":{"loc":{"start":{"line":74,"column":6},"end":{"line":74,"column":44}},"type":"binary-expr","locations":[{"start":{"line":74,"column":6},"end":{"line":74,"column":15}},{"start":{"line":74,"column":19},"end":{"line":74,"column":29}},{"start":{"line":74,"column":33},"end":{"line":74,"column":44}}],"line":74},"2":{"loc":{"start":{"line":146,"column":18},"end":{"line":146,"column":55}},"type":"binary-expr","locations":[{"start":{"line":146,"column":18},"end":{"line":146,"column":34}},{"start":{"line":146,"column":38},"end":{"line":146,"column":55}}],"line":146},"3":{"loc":{"start":{"line":147,"column":15},"end":{"line":147,"column":46}},"type":"binary-expr","locations":[{"start":{"line":147,"column":15},"end":{"line":147,"column":28}},{"start":{"line":147,"column":32},"end":{"line":147,"column":46}}],"line":147},"4":{"loc":{"start":{"line":149,"column":2},"end":{"line":153,"column":3}},"type":"if","locations":[{"start":{"line":149,"column":2},"end":{"line":153,"column":3}},{"start":{},"end":{}}],"line":149},"5":{"loc":{"start":{"line":149,"column":6},"end":{"line":149,"column":27}},"type":"binary-expr","locations":[{"start":{"line":149,"column":6},"end":{"line":149,"column":15}},{"start":{"line":149,"column":19},"end":{"line":149,"column":27}}],"line":149},"6":{"loc":{"start":{"line":189,"column":2},"end":{"line":191,"column":3}},"type":"if","locations":[{"start":{"line":189,"column":2},"end":{"line":191,"column":3}},{"start":{},"end":{}}],"line":189},"7":{"loc":{"start":{"line":202,"column":4},"end":{"line":204,"column":5}},"type":"if","locations":[{"start":{"line":202,"column":4},"end":{"line":204,"column":5}},{"start":{},"end":{}}],"line":202},"8":{"loc":{"start":{"line":208,"column":16},"end":{"line":208,"column":42}},"type":"binary-expr","locations":[{"start":{"line":208,"column":16},"end":{"line":208,"column":36}},{"start":{"line":208,"column":40},"end":{"line":208,"column":42}}],"line":208},"9":{"loc":{"start":{"line":219,"column":21},"end":{"line":219,"column":64}},"type":"binary-expr","locations":[{"start":{"line":219,"column":21},"end":{"line":219,"column":40}},{"start":{"line":219,"column":44},"end":{"line":219,"column":64}}],"line":219},"10":{"loc":{"start":{"line":221,"column":2},"end":{"line":223,"column":3}},"type":"if","locations":[{"start":{"line":221,"column":2},"end":{"line":223,"column":3}},{"start":{},"end":{}}],"line":221},"11":{"loc":{"start":{"line":221,"column":6},"end":{"line":221,"column":30}},"type":"binary-expr","locations":[{"start":{"line":221,"column":6},"end":{"line":221,"column":15}},{"start":{"line":221,"column":19},"end":{"line":221,"column":30}}],"line":221},"12":{"loc":{"start":{"line":234,"column":4},"end":{"line":236,"column":5}},"type":"if","locations":[{"start":{"line":234,"column":4},"end":{"line":236,"column":5}},{"start":{},"end":{}}],"line":234},"13":{"loc":{"start":{"line":238,"column":21},"end":{"line":238,"column":45}},"type":"binary-expr","locations":[{"start":{"line":238,"column":21},"end":{"line":238,"column":39}},{"start":{"line":238,"column":43},"end":{"line":238,"column":45}}],"line":238},"14":{"loc":{"start":{"line":241,"column":4},"end":{"line":243,"column":5}},"type":"if","locations":[{"start":{"line":241,"column":4},"end":{"line":243,"column":5}},{"start":{},"end":{}}],"line":241},"15":{"loc":{"start":{"line":266,"column":18},"end":{"line":266,"column":55}},"type":"binary-expr","locations":[{"start":{"line":266,"column":18},"end":{"line":266,"column":34}},{"start":{"line":266,"column":38},"end":{"line":266,"column":55}}],"line":266},"16":{"loc":{"start":{"line":267,"column":15},"end":{"line":267,"column":46}},"type":"binary-expr","locations":[{"start":{"line":267,"column":15},"end":{"line":267,"column":28}},{"start":{"line":267,"column":32},"end":{"line":267,"column":46}}],"line":267},"17":{"loc":{"start":{"line":268,"column":19},"end":{"line":268,"column":58}},"type":"binary-expr","locations":[{"start":{"line":268,"column":19},"end":{"line":268,"column":36}},{"start":{"line":268,"column":40},"end":{"line":268,"column":58}}],"line":268},"18":{"loc":{"start":{"line":269,"column":19},"end":{"line":269,"column":58}},"type":"binary-expr","locations":[{"start":{"line":269,"column":19},"end":{"line":269,"column":36}},{"start":{"line":269,"column":40},"end":{"line":269,"column":58}}],"line":269},"19":{"loc":{"start":{"line":270,"column":20},"end":{"line":270,"column":61}},"type":"binary-expr","locations":[{"start":{"line":270,"column":20},"end":{"line":270,"column":38}},{"start":{"line":270,"column":42},"end":{"line":270,"column":61}}],"line":270},"20":{"loc":{"start":{"line":271,"column":23},"end":{"line":271,"column":70}},"type":"binary-expr","locations":[{"start":{"line":271,"column":23},"end":{"line":271,"column":44}},{"start":{"line":271,"column":48},"end":{"line":271,"column":70}}],"line":271},"21":{"loc":{"start":{"line":272,"column":16},"end":{"line":272,"column":49}},"type":"binary-expr","locations":[{"start":{"line":272,"column":16},"end":{"line":272,"column":30}},{"start":{"line":272,"column":34},"end":{"line":272,"column":49}}],"line":272},"22":{"loc":{"start":{"line":273,"column":19},"end":{"line":273,"column":58}},"type":"binary-expr","locations":[{"start":{"line":273,"column":19},"end":{"line":273,"column":36}},{"start":{"line":273,"column":40},"end":{"line":273,"column":58}}],"line":273},"23":{"loc":{"start":{"line":274,"column":24},"end":{"line":274,"column":73}},"type":"binary-expr","locations":[{"start":{"line":274,"column":24},"end":{"line":274,"column":46}},{"start":{"line":274,"column":50},"end":{"line":274,"column":73}}],"line":274},"24":{"loc":{"start":{"line":276,"column":2},"end":{"line":279,"column":3}},"type":"if","locations":[{"start":{"line":276,"column":2},"end":{"line":279,"column":3}},{"start":{},"end":{}}],"line":276},"25":{"loc":{"start":{"line":276,"column":6},"end":{"line":276,"column":89}},"type":"binary-expr","locations":[{"start":{"line":276,"column":6},"end":{"line":276,"column":11}},{"start":{"line":276,"column":15},"end":{"line":276,"column":24}},{"start":{"line":276,"column":28},"end":{"line":276,"column":41}},{"start":{"line":276,"column":45},"end":{"line":276,"column":51}},{"start":{"line":276,"column":55},"end":{"line":276,"column":64}},{"start":{"line":276,"column":68},"end":{"line":276,"column":89}}],"line":276},"26":{"loc":{"start":{"line":283,"column":2},"end":{"line":285,"column":3}},"type":"if","locations":[{"start":{"line":283,"column":2},"end":{"line":285,"column":3}},{"start":{},"end":{}}],"line":283},"27":{"loc":{"start":{"line":342,"column":2},"end":{"line":344,"column":3}},"type":"if","locations":[{"start":{"line":342,"column":2},"end":{"line":344,"column":3}},{"start":{},"end":{}}],"line":342},"28":{"loc":{"start":{"line":353,"column":4},"end":{"line":355,"column":5}},"type":"if","locations":[{"start":{"line":353,"column":4},"end":{"line":355,"column":5}},{"start":{},"end":{}}],"line":353},"29":{"loc":{"start":{"line":367,"column":2},"end":{"line":369,"column":3}},"type":"if","locations":[{"start":{"line":367,"column":2},"end":{"line":369,"column":3}},{"start":{},"end":{}}],"line":367},"30":{"loc":{"start":{"line":367,"column":6},"end":{"line":367,"column":41}},"type":"binary-expr","locations":[{"start":{"line":367,"column":6},"end":{"line":367,"column":14}},{"start":{"line":367,"column":18},"end":{"line":367,"column":27}},{"start":{"line":367,"column":31},"end":{"line":367,"column":41}}],"line":367},"31":{"loc":{"start":{"line":409,"column":4},"end":{"line":422,"column":5}},"type":"if","locations":[{"start":{"line":409,"column":4},"end":{"line":422,"column":5}},{"start":{"line":420,"column":11},"end":{"line":422,"column":5}}],"line":409},"32":{"loc":{"start":{"line":409,"column":8},"end":{"line":409,"column":43}},"type":"binary-expr","locations":[{"start":{"line":409,"column":8},"end":{"line":409,"column":18}},{"start":{"line":409,"column":22},"end":{"line":409,"column":43}}],"line":409},"33":{"loc":{"start":{"line":489,"column":26},"end":{"line":491,"column":10}},"type":"cond-expr","locations":[{"start":{"line":490,"column":8},"end":{"line":490,"column":35}},{"start":{"line":491,"column":8},"end":{"line":491,"column":10}}],"line":489},"34":{"loc":{"start":{"line":492,"column":21},"end":{"line":494,"column":10}},"type":"cond-expr","locations":[{"start":{"line":493,"column":8},"end":{"line":493,"column":30}},{"start":{"line":494,"column":8},"end":{"line":494,"column":10}}],"line":492},"35":{"loc":{"start":{"line":500,"column":4},"end":{"line":504,"column":5}},"type":"if","locations":[{"start":{"line":500,"column":4},"end":{"line":504,"column":5}},{"start":{"line":502,"column":11},"end":{"line":504,"column":5}}],"line":500},"36":{"loc":{"start":{"line":551,"column":6},"end":{"line":575,"column":7}},"type":"if","locations":[{"start":{"line":551,"column":6},"end":{"line":575,"column":7}},{"start":{},"end":{}}],"line":551},"37":{"loc":{"start":{"line":621,"column":0},"end":{"line":625,"column":1}},"type":"if","locations":[{"start":{"line":621,"column":0},"end":{"line":625,"column":1}},{"start":{},"end":{}}],"line":621}},"s":{"0":2,"1":2,"2":2,"3":2,"4":2,"5":2,"6":2,"7":2,"8":2,"9":2,"10":2,"11":2,"12":2,"13":2,"14":2,"15":1,"16":1,"17":0,"18":0,"19":2,"20":1,"21":1,"22":0,"23":1,"24":1,"25":2,"26":1,"27":1,"28":1,"29":1,"30":1,"31":1,"32":1,"33":1,"34":0,"35":0,"36":2,"37":2,"38":2,"39":1,"40":1,"41":1,"42":1,"43":1,"44":1,"45":0,"46":0,"47":2,"48":0,"49":0,"50":0,"51":0,"52":0,"53":0,"54":0,"55":0,"56":0,"57":0,"58":0,"59":0,"60":0,"61":0,"62":0,"63":2,"64":0,"65":0,"66":0,"67":0,"68":0,"69":0,"70":0,"71":0,"72":0,"73":0,"74":0,"75":0,"76":0,"77":0,"78":2,"79":0,"80":0,"81":0,"82":0,"83":0,"84":0,"85":0,"86":0,"87":0,"88":0,"89":0,"90":2,"91":0,"92":0,"93":0,"94":0,"95":0,"96":0,"97":0,"98":0,"99":0,"100":0,"101":0,"102":0,"103":0,"104":0,"105":0,"106":0,"107":0,"108":0,"109":0,"110":2,"111":0,"112":0,"113":0,"114":0,"115":0,"116":0,"117":0,"118":0,"119":0,"120":0,"121":0,"122":0,"123":0,"124":0,"125":0,"126":0,"127":0,"128":0,"129":0,"130":0,"131":0,"132":0,"133":0,"134":2,"135":0,"136":0,"137":0,"138":0,"139":0,"140":0,"141":0,"142":0,"143":0,"144":0,"145":0,"146":2,"147":0,"148":0,"149":0,"150":0,"151":0,"152":0,"153":0,"154":0,"155":0,"156":2,"157":0,"158":0,"159":0,"160":0,"161":0,"162":0,"163":0,"164":0,"165":0,"166":0,"167":0,"168":0,"169":2,"170":0,"171":0,"172":0,"173":0,"174":0,"175":0,"176":2,"177":1,"178":1,"179":1,"180":0,"181":0,"182":0,"183":0,"184":0,"185":0,"186":0,"187":0,"188":1,"189":1,"190":2,"191":0,"192":0,"193":0,"194":0,"195":0,"196":0,"197":0,"198":0,"199":0,"200":0,"201":0,"202":0,"203":0,"204":0,"205":0,"206":0,"207":0,"208":0,"209":0,"210":0,"211":0,"212":0,"213":0,"214":0,"215":0,"216":0,"217":0,"218":0,"219":2,"220":0,"221":0,"222":0,"223":0,"224":0,"225":0,"226":0,"227":0,"228":0,"229":0,"230":0,"231":2,"232":0,"233":0,"234":2},"f":{"0":1,"1":1,"2":1,"3":2,"4":0,"5":0,"6":0,"7":0,"8":0,"9":0,"10":0,"11":0,"12":0,"13":0,"14":0,"15":0,"16":0,"17":0,"18":1,"19":0,"20":0,"21":0,"22":0,"23":0},"b":{"0":[1,1],"1":[2,1,1],"2":[0,0],"3":[0,0],"4":[0,0],"5":[0,0],"6":[0,0],"7":[0,0],"8":[0,0],"9":[0,0],"10":[0,0],"11":[0,0],"12":[0,0],"13":[0,0],"14":[0,0],"15":[0,0],"16":[0,0],"17":[0,0],"18":[0,0],"19":[0,0],"20":[0,0],"21":[0,0],"22":[0,0],"23":[0,0],"24":[0,0],"25":[0,0,0,0,0,0],"26":[0,0],"27":[0,0],"28":[0,0],"29":[0,0],"30":[0,0,0],"31":[0,0],"32":[0,0],"33":[0,0],"34":[0,0],"35":[0,0],"36":[0,0],"37":[0,2]},"_coverageSchema":"1a1c01bbd47fc00a2c39e90264f33305004495a9","hash":"adff626c964515e5a455050d7c4c4352a149a060"}
}
