TN:
SF:backend/tempest.js
FN:25,(anonymous_0)
FN:37,(anonymous_1)
FN:48,(anonymous_2)
FN:70,(anonymous_3)
FN:112,(anonymous_4)
FN:125,(anonymous_5)
FN:126,(anonymous_6)
FN:130,(anonymous_7)
FN:143,(anonymous_8)
FN:186,(anonymous_9)
FN:216,(anonymous_10)
FN:240,(anonymous_11)
FN:264,(anonymous_12)
FN:339,(anonymous_13)
FN:363,(anonymous_14)
FN:398,(anonymous_15)
FN:411,(anonymous_16)
FN:428,(anonymous_17)
FN:459,(anonymous_18)
FN:511,(anonymous_19)
FN:568,(anonymous_20)
FN:572,(anonymous_21)
FN:580,(anonymous_22)
FN:622,(anonymous_23)
FNF:24
FNH:5
FNDA:1,(anonymous_0)
FNDA:1,(anonymous_1)
FNDA:1,(anonymous_2)
FNDA:2,(anonymous_3)
FNDA:0,(anonymous_4)
FNDA:0,(anonymous_5)
FNDA:0,(anonymous_6)
FNDA:0,(anonymous_7)
FNDA:0,(anonymous_8)
FNDA:0,(anonymous_9)
FNDA:0,(anonymous_10)
FNDA:0,(anonymous_11)
FNDA:0,(anonymous_12)
FNDA:0,(anonymous_13)
FNDA:0,(anonymous_14)
FNDA:0,(anonymous_15)
FNDA:0,(anonymous_16)
FNDA:0,(anonymous_17)
FNDA:1,(anonymous_18)
FNDA:0,(anonymous_19)
FNDA:0,(anonymous_20)
FNDA:0,(anonymous_21)
FNDA:0,(anonymous_22)
FNDA:0,(anonymous_23)
DA:1,2
DA:2,2
DA:3,2
DA:4,2
DA:5,2
DA:6,2
DA:7,2
DA:8,2
DA:11,2
DA:12,2
DA:15,2
DA:18,2
DA:19,2
DA:20,2
DA:25,2
DA:26,1
DA:27,1
DA:29,0
DA:31,0
DA:37,2
DA:38,1
DA:39,1
DA:40,0
DA:43,1
DA:44,1
DA:48,2
DA:49,1
DA:50,1
DA:54,1
DA:56,1
DA:57,1
DA:58,1
DA:59,1
DA:62,1
DA:64,0
DA:65,0
DA:70,2
DA:71,2
DA:74,2
DA:75,1
DA:79,1
DA:95,1
DA:100,1
DA:102,1
DA:103,1
DA:105,0
DA:106,0
DA:112,2
DA:113,0
DA:114,0
DA:115,0
DA:116,0
DA:117,0
DA:119,0
DA:120,0
DA:123,0
DA:125,0
DA:127,0
DA:128,0
DA:131,0
DA:132,0
DA:135,0
DA:136,0
DA:143,2
DA:145,0
DA:146,0
DA:147,0
DA:149,0
DA:150,0
DA:151,0
DA:152,0
DA:156,0
DA:163,0
DA:174,0
DA:175,0
DA:176,0
DA:181,0
DA:182,0
DA:186,2
DA:187,0
DA:189,0
DA:190,0
DA:193,0
DA:194,0
DA:200,0
DA:202,0
DA:203,0
DA:206,0
DA:211,0
DA:212,0
DA:216,2
DA:218,0
DA:219,0
DA:221,0
DA:222,0
DA:225,0
DA:227,0
DA:233,0
DA:234,0
DA:235,0
DA:238,0
DA:240,0
DA:241,0
DA:242,0
DA:246,0
DA:253,0
DA:254,0
DA:259,0
DA:260,0
DA:264,2
DA:266,0
DA:267,0
DA:268,0
DA:269,0
DA:270,0
DA:271,0
DA:272,0
DA:273,0
DA:274,0
DA:276,0
DA:277,0
DA:278,0
DA:281,0
DA:283,0
DA:284,0
DA:287,0
DA:300,0
DA:305,0
DA:306,0
DA:330,0
DA:332,0
DA:334,0
DA:335,0
DA:339,2
DA:340,0
DA:342,0
DA:343,0
DA:346,0
DA:351,0
DA:352,0
DA:353,0
DA:354,0
DA:356,0
DA:358,0
DA:359,0
DA:363,2
DA:364,0
DA:367,0
DA:368,0
DA:372,0
DA:383,0
DA:385,0
DA:386,0
DA:391,0
DA:392,0
DA:398,2
DA:399,0
DA:400,0
DA:402,0
DA:407,0
DA:409,0
DA:411,0
DA:412,0
DA:416,0
DA:418,0
DA:419,0
DA:421,0
DA:424,0
DA:428,2
DA:429,0
DA:430,0
DA:448,0
DA:449,0
DA:450,0
DA:452,0
DA:459,2
DA:460,1
DA:461,1
DA:463,1
DA:487,0
DA:489,0
DA:492,0
DA:496,0
DA:498,0
DA:500,0
DA:501,0
DA:503,0
DA:506,1
DA:507,1
DA:511,2
DA:512,0
DA:513,0
DA:514,0
DA:519,0
DA:520,0
DA:521,0
DA:522,0
DA:526,0
DA:527,0
DA:530,0
DA:531,0
DA:532,0
DA:537,0
DA:538,0
DA:539,0
DA:540,0
DA:544,0
DA:545,0
DA:548,0
DA:549,0
DA:550,0
DA:551,0
DA:552,0
DA:553,0
DA:554,0
DA:567,0
DA:570,0
DA:573,0
DA:580,2
DA:582,0
DA:594,0
DA:597,0
DA:598,0
DA:600,0
DA:604,0
DA:606,0
DA:608,0
DA:610,0
DA:612,0
DA:614,0
DA:621,2
DA:622,0
DA:623,0
DA:627,2
LF:234
LH:59
BRDA:74,0,0,1
BRDA:74,0,1,1
BRDA:74,1,0,2
BRDA:74,1,1,1
BRDA:74,1,2,1
BRDA:146,2,0,0
BRDA:146,2,1,0
BRDA:147,3,0,0
BRDA:147,3,1,0
BRDA:149,4,0,0
BRDA:149,4,1,0
BRDA:149,5,0,0
BRDA:149,5,1,0
BRDA:189,6,0,0
BRDA:189,6,1,0
BRDA:202,7,0,0
BRDA:202,7,1,0
BRDA:208,8,0,0
BRDA:208,8,1,0
BRDA:219,9,0,0
BRDA:219,9,1,0
BRDA:221,10,0,0
BRDA:221,10,1,0
BRDA:221,11,0,0
BRDA:221,11,1,0
BRDA:234,12,0,0
BRDA:234,12,1,0
BRDA:238,13,0,0
BRDA:238,13,1,0
BRDA:241,14,0,0
BRDA:241,14,1,0
BRDA:266,15,0,0
BRDA:266,15,1,0
BRDA:267,16,0,0
BRDA:267,16,1,0
BRDA:268,17,0,0
BRDA:268,17,1,0
BRDA:269,18,0,0
BRDA:269,18,1,0
BRDA:270,19,0,0
BRDA:270,19,1,0
BRDA:271,20,0,0
BRDA:271,20,1,0
BRDA:272,21,0,0
BRDA:272,21,1,0
BRDA:273,22,0,0
BRDA:273,22,1,0
BRDA:274,23,0,0
BRDA:274,23,1,0
BRDA:276,24,0,0
BRDA:276,24,1,0
BRDA:276,25,0,0
BRDA:276,25,1,0
BRDA:276,25,2,0
BRDA:276,25,3,0
BRDA:276,25,4,0
BRDA:276,25,5,0
BRDA:283,26,0,0
BRDA:283,26,1,0
BRDA:342,27,0,0
BRDA:342,27,1,0
BRDA:353,28,0,0
BRDA:353,28,1,0
BRDA:367,29,0,0
BRDA:367,29,1,0
BRDA:367,30,0,0
BRDA:367,30,1,0
BRDA:367,30,2,0
BRDA:409,31,0,0
BRDA:409,31,1,0
BRDA:409,32,0,0
BRDA:409,32,1,0
BRDA:489,33,0,0
BRDA:489,33,1,0
BRDA:492,34,0,0
BRDA:492,34,1,0
BRDA:500,35,0,0
BRDA:500,35,1,0
BRDA:551,36,0,0
BRDA:551,36,1,0
BRDA:621,37,0,0
BRDA:621,37,1,2
BRF:82
BRH:6
end_of_record
